---------------------------------------------------------------
[ 2019-04-13T09:04:02+08:00 ] 115.171.21.49 GET blog.taotaifu.cn/admin/entry
[运行时间：0.017315s] [吞吐率：57.75req/s] [内存消耗：1,412.77kb] [文件加载：46]
[ info ] [ LANG ] /www/wwwroot/blog_taotaifu_cn/thinkphp/lang/zh-cn.php
[ info ] [ ROUTE ] array (
  'type' => 'module',
  'module' => 
  array (
    0 => 'admin',
    1 => 'entry',
    2 => NULL,
  ),
)
[ info ] [ HEADER ] array (
  'cookie' => 'UM_distinctid=169d45376c090-0ac13c65c8f1dc-7a1437-13c680-169d45376c1473; Hm_lvt_b393d153aeb26b46e9431fabaf0f6190=1554196731,1554357889,1554778284,1554808573; pgv_pvi=9352026112; Hm_lvt_bfc6c23974fbad0bbfed25f88a973fb0=1554791479,1554867257,1554966370,1554973689; CNZZDATA1261722476=1515814878-1554043804-%7C1554973689',
  'accept-language' => 'zh-CN,zh;q=0.9,en;q=0.8',
  'accept-encoding' => 'gzip, deflate',
  'accept' => 'text/html,application/xhtml+xml,application/xml;q=0.9,image/webp,image/apng,*/*;q=0.8,application/signed-exchange;v=b3',
  'user-agent' => 'Mozilla/5.0 (Windows NT 10.0; Win64; x64) AppleWebKit/537.36 (KHTML, like Gecko) Chrome/73.0.3683.86 Safari/537.36',
  'upgrade-insecure-requests' => '1',
  'connection' => 'keep-alive',
  'host' => 'blog.taotaifu.cn',
  'content-type' => '',
  'content-length' => '',
)
[ info ] [ PARAM ] array (
)
[ info ] [ SESSION ] INIT array (
  'id' => '',
  'var_session_id' => '',
  'prefix' => 'think',
  'type' => '',
  'auto_start' => true,
)
[ info ] [ LOG ] INIT File
---------------------------------------------------------------
[ 2019-04-13T09:04:02+08:00 ] 115.171.21.49 GET blog.taotaifu.cn/admin/login/login.html
[运行时间：0.025841s] [吞吐率：38.70req/s] [内存消耗：1,502.40kb] [文件加载：47]
[ info ] [ LANG ] /www/wwwroot/blog_taotaifu_cn/thinkphp/lang/zh-cn.php
[ info ] [ ROUTE ] array (
  'type' => 'module',
  'module' => 
  array (
    0 => 'admin',
    1 => 'login',
    2 => 'login',
  ),
)
[ info ] [ HEADER ] array (
  'cookie' => 'UM_distinctid=169d45376c090-0ac13c65c8f1dc-7a1437-13c680-169d45376c1473; Hm_lvt_b393d153aeb26b46e9431fabaf0f6190=1554196731,1554357889,1554778284,1554808573; pgv_pvi=9352026112; Hm_lvt_bfc6c23974fbad0bbfed25f88a973fb0=1554791479,1554867257,1554966370,1554973689; CNZZDATA1261722476=1515814878-1554043804-%7C1554973689; PHPSESSID=9gbfar72o437b621821n4dtjj3',
  'accept-language' => 'zh-CN,zh;q=0.9,en;q=0.8',
  'accept-encoding' => 'gzip, deflate',
  'accept' => 'text/html,application/xhtml+xml,application/xml;q=0.9,image/webp,image/apng,*/*;q=0.8,application/signed-exchange;v=b3',
  'user-agent' => 'Mozilla/5.0 (Windows NT 10.0; Win64; x64) AppleWebKit/537.36 (KHTML, like Gecko) Chrome/73.0.3683.86 Safari/537.36',
  'upgrade-insecure-requests' => '1',
  'connection' => 'keep-alive',
  'host' => 'blog.taotaifu.cn',
  'content-type' => '',
  'content-length' => '',
)
[ info ] [ PARAM ] array (
)
[ info ] [ RUN ] app\admin\controller\Login->login[ /www/wwwroot/blog_taotaifu_cn/application/admin/controller/Login.php ]
[ info ] [ VIEW ] /www/wwwroot/blog_taotaifu_cn/public/../application/admin/view/login/login.html [ array (
) ]
[ info ] [ LOG ] INIT File
---------------------------------------------------------------
[ 2019-04-13T09:04:02+08:00 ] 115.171.21.49 GET blog.taotaifu.cn/captcha.html
[运行时间：0.018015s] [吞吐率：55.51req/s] [内存消耗：1,203.77kb] [文件加载：37]
[ info ] [ LANG ] /www/wwwroot/blog_taotaifu_cn/thinkphp/lang/zh-cn.php
[ info ] [ ROUTE ] array (
  'type' => 'method',
  'method' => 
  array (
    0 => '\\think\\captcha\\CaptchaController',
    1 => 'index',
  ),
  'var' => 
  array (
  ),
)
[ info ] [ HEADER ] array (
  'cookie' => 'UM_distinctid=169d45376c090-0ac13c65c8f1dc-7a1437-13c680-169d45376c1473; Hm_lvt_b393d153aeb26b46e9431fabaf0f6190=1554196731,1554357889,1554778284,1554808573; pgv_pvi=9352026112; Hm_lvt_bfc6c23974fbad0bbfed25f88a973fb0=1554791479,1554867257,1554966370,1554973689; CNZZDATA1261722476=1515814878-1554043804-%7C1554973689; PHPSESSID=9gbfar72o437b621821n4dtjj3',
  'accept-language' => 'zh-CN,zh;q=0.9,en;q=0.8',
  'accept-encoding' => 'gzip, deflate',
  'referer' => 'http://blog.taotaifu.cn/admin/login/login.html',
  'accept' => 'image/webp,image/apng,image/*,*/*;q=0.8',
  'user-agent' => 'Mozilla/5.0 (Windows NT 10.0; Win64; x64) AppleWebKit/537.36 (KHTML, like Gecko) Chrome/73.0.3683.86 Safari/537.36',
  'connection' => 'keep-alive',
  'host' => 'blog.taotaifu.cn',
  'content-type' => '',
  'content-length' => '',
)
[ info ] [ PARAM ] array (
  'id' => NULL,
)
[ info ] [ RUN ] think\captcha\CaptchaController->index[ /www/wwwroot/blog_taotaifu_cn/vendor/topthink/think-captcha/src/CaptchaController.php ]
[ info ] [ SESSION ] INIT array (
  'id' => '',
  'var_session_id' => '',
  'prefix' => 'think',
  'type' => '',
  'auto_start' => true,
)
[ info ] [ LOG ] INIT File
---------------------------------------------------------------
[ 2019-04-13T09:04:03+08:00 ] 115.171.21.49 GET blog.taotaifu.cn/static/admin/favicon.ico
[运行时间：0.017890s] [吞吐率：55.90req/s] [内存消耗：1,303.48kb] [文件加载：40]
[ info ] [ LANG ] /www/wwwroot/blog_taotaifu_cn/thinkphp/lang/zh-cn.php
[ info ] [ ROUTE ] array (
  'type' => 'module',
  'module' => 
  array (
    0 => 'static',
    1 => 'admin',
    2 => 'favicon.ico',
  ),
)
[ info ] [ HEADER ] array (
  'cookie' => 'UM_distinctid=169d45376c090-0ac13c65c8f1dc-7a1437-13c680-169d45376c1473; Hm_lvt_b393d153aeb26b46e9431fabaf0f6190=1554196731,1554357889,1554778284,1554808573; pgv_pvi=9352026112; Hm_lvt_bfc6c23974fbad0bbfed25f88a973fb0=1554791479,1554867257,1554966370,1554973689; CNZZDATA1261722476=1515814878-1554043804-%7C1554973689; PHPSESSID=9gbfar72o437b621821n4dtjj3',
  'accept-language' => 'zh-CN,zh;q=0.9,en;q=0.8',
  'accept-encoding' => 'gzip, deflate',
  'referer' => 'http://blog.taotaifu.cn/admin/login/login.html',
  'accept' => 'image/webp,image/apng,image/*,*/*;q=0.8',
  'user-agent' => 'Mozilla/5.0 (Windows NT 10.0; Win64; x64) AppleWebKit/537.36 (KHTML, like Gecko) Chrome/73.0.3683.86 Safari/537.36',
  'connection' => 'keep-alive',
  'host' => 'blog.taotaifu.cn',
  'content-type' => '',
  'content-length' => '',
)
[ info ] [ PARAM ] array (
)
[ info ] [ LOG ] INIT File
---------------------------------------------------------------
[ 2019-04-13T09:04:03+08:00 ] 115.171.21.49 GET blog.taotaifu.cn/static/admin/favicon.ico
[运行时间：0.016581s] [吞吐率：60.31req/s] [内存消耗：1,303.38kb] [文件加载：40]
[ info ] [ LANG ] /www/wwwroot/blog_taotaifu_cn/thinkphp/lang/zh-cn.php
[ info ] [ ROUTE ] array (
  'type' => 'module',
  'module' => 
  array (
    0 => '404',
    1 => NULL,
    2 => NULL,
  ),
)
[ info ] [ HEADER ] array (
  'cookie' => 'UM_distinctid=169d45376c090-0ac13c65c8f1dc-7a1437-13c680-169d45376c1473; Hm_lvt_b393d153aeb26b46e9431fabaf0f6190=1554196731,1554357889,1554778284,1554808573; pgv_pvi=9352026112; Hm_lvt_bfc6c23974fbad0bbfed25f88a973fb0=1554791479,1554867257,1554966370,1554973689; CNZZDATA1261722476=1515814878-1554043804-%7C1554973689; PHPSESSID=9gbfar72o437b621821n4dtjj3',
  'accept-language' => 'zh-CN,zh;q=0.9,en;q=0.8',
  'accept-encoding' => 'gzip, deflate',
  'referer' => 'http://blog.taotaifu.cn/admin/login/login.html',
  'accept' => 'image/webp,image/apng,image/*,*/*;q=0.8',
  'user-agent' => 'Mozilla/5.0 (Windows NT 10.0; Win64; x64) AppleWebKit/537.36 (KHTML, like Gecko) Chrome/73.0.3683.86 Safari/537.36',
  'connection' => 'keep-alive',
  'host' => 'blog.taotaifu.cn',
  'content-type' => '',
  'content-length' => '',
)
[ info ] [ PARAM ] array (
)
[ info ] [ LOG ] INIT File
---------------------------------------------------------------
[ 2019-04-13T09:04:07+08:00 ] 115.171.21.49 GET blog.taotaifu.cn/captcha.html?0.3642514651152027
[运行时间：0.015062s] [吞吐率：66.39req/s] [内存消耗：1,204.08kb] [文件加载：37]
[ info ] [ LANG ] /www/wwwroot/blog_taotaifu_cn/thinkphp/lang/zh-cn.php
[ info ] [ ROUTE ] array (
  'type' => 'method',
  'method' => 
  array (
    0 => '\\think\\captcha\\CaptchaController',
    1 => 'index',
  ),
  'var' => 
  array (
  ),
)
[ info ] [ HEADER ] array (
  'cookie' => 'UM_distinctid=169d45376c090-0ac13c65c8f1dc-7a1437-13c680-169d45376c1473; Hm_lvt_b393d153aeb26b46e9431fabaf0f6190=1554196731,1554357889,1554778284,1554808573; pgv_pvi=9352026112; Hm_lvt_bfc6c23974fbad0bbfed25f88a973fb0=1554791479,1554867257,1554966370,1554973689; CNZZDATA1261722476=1515814878-1554043804-%7C1554973689; PHPSESSID=9gbfar72o437b621821n4dtjj3',
  'accept-language' => 'zh-CN,zh;q=0.9,en;q=0.8',
  'accept-encoding' => 'gzip, deflate',
  'referer' => 'http://blog.taotaifu.cn/admin/login/login.html',
  'accept' => 'image/webp,image/apng,image/*,*/*;q=0.8',
  'user-agent' => 'Mozilla/5.0 (Windows NT 10.0; Win64; x64) AppleWebKit/537.36 (KHTML, like Gecko) Chrome/73.0.3683.86 Safari/537.36',
  'connection' => 'keep-alive',
  'host' => 'blog.taotaifu.cn',
  'content-type' => '',
  'content-length' => '',
)
[ info ] [ PARAM ] array (
  '0_3642514651152027' => '',
  'id' => NULL,
)
[ info ] [ RUN ] think\captcha\CaptchaController->index[ /www/wwwroot/blog_taotaifu_cn/vendor/topthink/think-captcha/src/CaptchaController.php ]
[ info ] [ SESSION ] INIT array (
  'id' => '',
  'var_session_id' => '',
  'prefix' => 'think',
  'type' => '',
  'auto_start' => true,
)
[ info ] [ LOG ] INIT File
---------------------------------------------------------------
[ 2019-04-13T09:04:11+08:00 ] 115.171.21.49 POST blog.taotaifu.cn/admin/login/login.html
[运行时间：0.036107s] [吞吐率：27.70req/s] [内存消耗：2,440.73kb] [文件加载：61]
[ info ] [ LANG ] /www/wwwroot/blog_taotaifu_cn/thinkphp/lang/zh-cn.php
[ info ] [ ROUTE ] array (
  'type' => 'module',
  'module' => 
  array (
    0 => 'admin',
    1 => 'login',
    2 => 'login',
  ),
)
[ info ] [ HEADER ] array (
  'cookie' => 'thinkphp_show_page_trace=0|0; UM_distinctid=169d45376c090-0ac13c65c8f1dc-7a1437-13c680-169d45376c1473; Hm_lvt_b393d153aeb26b46e9431fabaf0f6190=1554196731,1554357889,1554778284,1554808573; pgv_pvi=9352026112; Hm_lvt_bfc6c23974fbad0bbfed25f88a973fb0=1554791479,1554867257,1554966370,1554973689; CNZZDATA1261722476=1515814878-1554043804-%7C1554973689; PHPSESSID=9gbfar72o437b621821n4dtjj3',
  'accept-language' => 'zh-CN,zh;q=0.9,en;q=0.8',
  'accept-encoding' => 'gzip, deflate',
  'referer' => 'http://blog.taotaifu.cn/admin/login/login.html',
  'accept' => 'text/html,application/xhtml+xml,application/xml;q=0.9,image/webp,image/apng,*/*;q=0.8,application/signed-exchange;v=b3',
  'user-agent' => 'Mozilla/5.0 (Windows NT 10.0; Win64; x64) AppleWebKit/537.36 (KHTML, like Gecko) Chrome/73.0.3683.86 Safari/537.36',
  'content-type' => 'application/x-www-form-urlencoded',
  'upgrade-insecure-requests' => '1',
  'origin' => 'http://blog.taotaifu.cn',
  'cache-control' => 'max-age=0',
  'content-length' => '51',
  'connection' => 'keep-alive',
  'host' => 'blog.taotaifu.cn',
)
[ info ] [ PARAM ] array (
  'admin_username' => 'admin',
  'admin_password' => 'admin',
  'code' => 'jdhm',
)
[ info ] [ RUN ] app\admin\controller\Login->login[ /www/wwwroot/blog_taotaifu_cn/application/admin/controller/Login.php ]
[ info ] [ DB ] INIT mysql
[ info ] [ SESSION ] INIT array (
  'id' => '',
  'var_session_id' => '',
  'prefix' => 'think',
  'type' => '',
  'auto_start' => true,
)
[ info ] [ VIEW ] /www/wwwroot/blog_taotaifu_cn/thinkphp/tpl/dispatch_jump.tpl [ array (
  0 => 'code',
  1 => 'msg',
  2 => 'data',
  3 => 'url',
  4 => 'wait',
) ]
[ info ] [ LOG ] INIT File
[ sql ] [ DB ] CONNECT:[ UseTime:0.001615s ] mysql:host=188.131.144.216;port=3306;dbname=blog_taotaifu_cn;charset=utf8
[ sql ] [ SQL ] SHOW COLUMNS FROM `blog_admin` [ RunTime:0.001321s ]
[ sql ] [ SQL ] SELECT * FROM `blog_admin` WHERE  `admin_username` = 'admin'  AND `admin_password` = 'gKjd5W7T3zzGPZJBiKMv5Q==' LIMIT 1 [ RunTime:0.000956s ]
---------------------------------------------------------------
[ 2019-04-13T09:04:14+08:00 ] 115.171.21.49 GET blog.taotaifu.cn/admin/entry/index.html
[运行时间：0.021270s] [吞吐率：47.01req/s] [内存消耗：1,520.19kb] [文件加载：48]
[ info ] [ LANG ] /www/wwwroot/blog_taotaifu_cn/thinkphp/lang/zh-cn.php
[ info ] [ ROUTE ] array (
  'type' => 'module',
  'module' => 
  array (
    0 => 'admin',
    1 => 'entry',
    2 => 'index',
  ),
)
[ info ] [ HEADER ] array (
  'cookie' => 'UM_distinctid=169d45376c090-0ac13c65c8f1dc-7a1437-13c680-169d45376c1473; Hm_lvt_b393d153aeb26b46e9431fabaf0f6190=1554196731,1554357889,1554778284,1554808573; pgv_pvi=9352026112; Hm_lvt_bfc6c23974fbad0bbfed25f88a973fb0=1554791479,1554867257,1554966370,1554973689; CNZZDATA1261722476=1515814878-1554043804-%7C1554973689; PHPSESSID=9gbfar72o437b621821n4dtjj3',
  'accept-language' => 'zh-CN,zh;q=0.9,en;q=0.8',
  'accept-encoding' => 'gzip, deflate',
  'referer' => 'http://blog.taotaifu.cn/admin/login/login.html',
  'accept' => 'text/html,application/xhtml+xml,application/xml;q=0.9,image/webp,image/apng,*/*;q=0.8,application/signed-exchange;v=b3',
  'user-agent' => 'Mozilla/5.0 (Windows NT 10.0; Win64; x64) AppleWebKit/537.36 (KHTML, like Gecko) Chrome/73.0.3683.86 Safari/537.36',
  'upgrade-insecure-requests' => '1',
  'connection' => 'keep-alive',
  'host' => 'blog.taotaifu.cn',
  'content-type' => '',
  'content-length' => '',
)
[ info ] [ PARAM ] array (
)
[ info ] [ SESSION ] INIT array (
  'id' => '',
  'var_session_id' => '',
  'prefix' => 'think',
  'type' => '',
  'auto_start' => true,
)
[ info ] [ RUN ] app\admin\controller\Entry->index[ /www/wwwroot/blog_taotaifu_cn/application/admin/controller/Entry.php ]
[ info ] [ VIEW ] /www/wwwroot/blog_taotaifu_cn/public/../application/admin/view/entry/index.html [ array (
) ]
[ info ] [ LOG ] INIT File
---------------------------------------------------------------
[ 2019-04-13T09:04:18+08:00 ] 115.171.21.49 GET blog.taotaifu.cn/admin/entry/undefined
[运行时间：0.048997s] [吞吐率：20.41req/s] [内存消耗：1,607.34kb] [文件加载：49]
[ info ] [ LANG ] /www/wwwroot/blog_taotaifu_cn/thinkphp/lang/zh-cn.php
[ info ] [ ROUTE ] array (
  'type' => 'module',
  'module' => 
  array (
    0 => 'admin',
    1 => 'entry',
    2 => 'undefined',
  ),
)
[ info ] [ HEADER ] array (
  'cookie' => 'thinkphp_show_page_trace=0|0; UM_distinctid=169d45376c090-0ac13c65c8f1dc-7a1437-13c680-169d45376c1473; pgv_pvi=9352026112; Hm_lvt_bfc6c23974fbad0bbfed25f88a973fb0=1554791479,1554867257,1554966370,1554973689; PHPSESSID=9gbfar72o437b621821n4dtjj3; CNZZDATA1261722476=1515814878-1554043804-%7C1555117454; Hm_lvt_b393d153aeb26b46e9431fabaf0f6190=1554357889,1554778284,1554808573,1555117459; Hm_lpvt_b393d153aeb26b46e9431fabaf0f6190=1555117459',
  'accept-language' => 'zh-CN,zh;q=0.9,en;q=0.8',
  'accept-encoding' => 'gzip, deflate',
  'referer' => 'http://blog.taotaifu.cn/admin/entry/index.html',
  'accept' => 'text/html,application/xhtml+xml,application/xml;q=0.9,image/webp,image/apng,*/*;q=0.8,application/signed-exchange;v=b3',
  'user-agent' => 'Mozilla/5.0 (Windows NT 10.0; Win64; x64) AppleWebKit/537.36 (KHTML, like Gecko) Chrome/73.0.3683.86 Safari/537.36',
  'upgrade-insecure-requests' => '1',
  'connection' => 'keep-alive',
  'host' => 'blog.taotaifu.cn',
  'content-type' => '',
  'content-length' => '',
)
[ info ] [ PARAM ] array (
)
[ info ] [ SESSION ] INIT array (
  'id' => '',
  'var_session_id' => '',
  'prefix' => 'think',
  'type' => '',
  'auto_start' => true,
)
[ info ] [ LOG ] INIT File
---------------------------------------------------------------
[ 2019-04-13T09:04:18+08:00 ] 115.171.21.49 GET blog.taotaifu.cn/admin/entry/undefined
[运行时间：0.035636s] [吞吐率：28.06req/s] [内存消耗：1,305.00kb] [文件加载：40]
[ info ] [ LANG ] /www/wwwroot/blog_taotaifu_cn/thinkphp/lang/zh-cn.php
[ info ] [ ROUTE ] array (
  'type' => 'module',
  'module' => 
  array (
    0 => '404',
    1 => NULL,
    2 => NULL,
  ),
)
[ info ] [ HEADER ] array (
  'cookie' => 'thinkphp_show_page_trace=0|0; UM_distinctid=169d45376c090-0ac13c65c8f1dc-7a1437-13c680-169d45376c1473; pgv_pvi=9352026112; Hm_lvt_bfc6c23974fbad0bbfed25f88a973fb0=1554791479,1554867257,1554966370,1554973689; PHPSESSID=9gbfar72o437b621821n4dtjj3; CNZZDATA1261722476=1515814878-1554043804-%7C1555117454; Hm_lvt_b393d153aeb26b46e9431fabaf0f6190=1554357889,1554778284,1554808573,1555117459; Hm_lpvt_b393d153aeb26b46e9431fabaf0f6190=1555117459',
  'accept-language' => 'zh-CN,zh;q=0.9,en;q=0.8',
  'accept-encoding' => 'gzip, deflate',
  'referer' => 'http://blog.taotaifu.cn/admin/entry/index.html',
  'accept' => 'text/html,application/xhtml+xml,application/xml;q=0.9,image/webp,image/apng,*/*;q=0.8,application/signed-exchange;v=b3',
  'user-agent' => 'Mozilla/5.0 (Windows NT 10.0; Win64; x64) AppleWebKit/537.36 (KHTML, like Gecko) Chrome/73.0.3683.86 Safari/537.36',
  'upgrade-insecure-requests' => '1',
  'connection' => 'keep-alive',
  'host' => 'blog.taotaifu.cn',
  'content-type' => '',
  'content-length' => '',
)
[ info ] [ PARAM ] array (
)
[ info ] [ LOG ] INIT File
---------------------------------------------------------------
[ 2019-04-13T09:04:18+08:00 ] 115.171.21.49 GET blog.taotaifu.cn/admin/article/index.html
[运行时间：0.076302s] [吞吐率：13.11req/s] [内存消耗：2,473.92kb] [文件加载：58]
[ info ] [ LANG ] /www/wwwroot/blog_taotaifu_cn/thinkphp/lang/zh-cn.php
[ info ] [ ROUTE ] array (
  'type' => 'module',
  'module' => 
  array (
    0 => 'admin',
    1 => 'article',
    2 => 'index',
  ),
)
[ info ] [ HEADER ] array (
  'cookie' => 'UM_distinctid=169d45376c090-0ac13c65c8f1dc-7a1437-13c680-169d45376c1473; pgv_pvi=9352026112; Hm_lvt_bfc6c23974fbad0bbfed25f88a973fb0=1554791479,1554867257,1554966370,1554973689; PHPSESSID=9gbfar72o437b621821n4dtjj3; CNZZDATA1261722476=1515814878-1554043804-%7C1555117454; Hm_lvt_b393d153aeb26b46e9431fabaf0f6190=1554357889,1554778284,1554808573,1555117459; Hm_lpvt_b393d153aeb26b46e9431fabaf0f6190=1555117459',
  'accept-language' => 'zh-CN,zh;q=0.9,en;q=0.8',
  'accept-encoding' => 'gzip, deflate',
  'referer' => 'http://blog.taotaifu.cn/admin/entry/index.html',
  'accept' => 'text/html,application/xhtml+xml,application/xml;q=0.9,image/webp,image/apng,*/*;q=0.8,application/signed-exchange;v=b3',
  'user-agent' => 'Mozilla/5.0 (Windows NT 10.0; Win64; x64) AppleWebKit/537.36 (KHTML, like Gecko) Chrome/73.0.3683.86 Safari/537.36',
  'upgrade-insecure-requests' => '1',
  'connection' => 'keep-alive',
  'host' => 'blog.taotaifu.cn',
  'content-type' => '',
  'content-length' => '',
)
[ info ] [ PARAM ] array (
)
[ info ] [ DB ] INIT mysql
[ info ] [ RUN ] app\admin\controller\Article->index[ /www/wwwroot/blog_taotaifu_cn/application/admin/controller/Article.php ]
[ info ] [ VIEW ] /www/wwwroot/blog_taotaifu_cn/public/../application/admin/view/article/index.html [ array (
  0 => 'field',
) ]
[ info ] [ LOG ] INIT File
[ sql ] [ DB ] CONNECT:[ UseTime:0.004155s ] mysql:host=188.131.144.216;port=3306;dbname=blog_taotaifu_cn;charset=utf8
[ sql ] [ SQL ] SHOW COLUMNS FROM `blog_article` [ RunTime:0.001608s ]
[ sql ] [ SQL ] SELECT COUNT(*) AS tp_count FROM `blog_article` `a` INNER JOIN `blog_cate` `c` ON `a`.`cate_id`=`c`.`cate_id` WHERE  `a`.`is_recycle` = 2 LIMIT 1 [ RunTime:0.001681s ]
[ sql ] [ SQL ] SELECT `a`.`arc_id`,`a`.`arc_title`,`a`.`arc_author`,`a`.`sendtime`,`c`.`cate_name`,`a`.`arc_sort` FROM `blog_article` `a` INNER JOIN `blog_cate` `c` ON `a`.`cate_id`=`c`.`cate_id` WHERE  `a`.`is_recycle` = 2 ORDER BY `a`.`arc_sort` DESC,`a`.`sendtime` DESC,`a`.`arc_id` DESC LIMIT 0,5 [ RunTime:0.001684s ]
---------------------------------------------------------------
[ 2019-04-13T09:04:19+08:00 ] 115.171.21.49 GET blog.taotaifu.cn/admin/article/store.html
[运行时间：0.032554s] [吞吐率：30.72req/s] [内存消耗：2,465.61kb] [文件加载：56]
[ info ] [ LANG ] /www/wwwroot/blog_taotaifu_cn/thinkphp/lang/zh-cn.php
[ info ] [ ROUTE ] array (
  'type' => 'module',
  'module' => 
  array (
    0 => 'admin',
    1 => 'article',
    2 => 'store',
  ),
)
[ info ] [ HEADER ] array (
  'cookie' => 'thinkphp_show_page_trace=0|0; UM_distinctid=169d45376c090-0ac13c65c8f1dc-7a1437-13c680-169d45376c1473; pgv_pvi=9352026112; Hm_lvt_bfc6c23974fbad0bbfed25f88a973fb0=1554791479,1554867257,1554966370,1554973689; PHPSESSID=9gbfar72o437b621821n4dtjj3; CNZZDATA1261722476=1515814878-1554043804-%7C1555117454; Hm_lvt_b393d153aeb26b46e9431fabaf0f6190=1554357889,1554778284,1554808573,1555117459; Hm_lpvt_b393d153aeb26b46e9431fabaf0f6190=1555117462',
  'accept-language' => 'zh-CN,zh;q=0.9,en;q=0.8',
  'accept-encoding' => 'gzip, deflate',
  'referer' => 'http://blog.taotaifu.cn/admin/article/index.html',
  'accept' => 'text/html,application/xhtml+xml,application/xml;q=0.9,image/webp,image/apng,*/*;q=0.8,application/signed-exchange;v=b3',
  'user-agent' => 'Mozilla/5.0 (Windows NT 10.0; Win64; x64) AppleWebKit/537.36 (KHTML, like Gecko) Chrome/73.0.3683.86 Safari/537.36',
  'upgrade-insecure-requests' => '1',
  'connection' => 'keep-alive',
  'host' => 'blog.taotaifu.cn',
  'content-type' => '',
  'content-length' => '',
)
[ info ] [ PARAM ] array (
)
[ info ] [ DB ] INIT mysql
[ info ] [ RUN ] app\admin\controller\Article->store[ /www/wwwroot/blog_taotaifu_cn/application/admin/controller/Article.php ]
[ info ] [ VIEW ] /www/wwwroot/blog_taotaifu_cn/public/../application/admin/view/article/store.html [ array (
  0 => 'cateData',
  1 => 'tagData',
) ]
[ info ] [ LOG ] INIT File
[ sql ] [ DB ] CONNECT:[ UseTime:0.001267s ] mysql:host=188.131.144.216;port=3306;dbname=blog_taotaifu_cn;charset=utf8
[ sql ] [ SQL ] SHOW COLUMNS FROM `blog_cate` [ RunTime:0.001226s ]
[ sql ] [ SQL ] SELECT * FROM `blog_cate` ORDER BY `cate_sort` DESC,`cate_id` [ RunTime:0.000882s ]
[ sql ] [ SQL ] SHOW COLUMNS FROM `blog_tag` [ RunTime:0.001078s ]
[ sql ] [ SQL ] SELECT * FROM `blog_tag` [ RunTime:0.000705s ]
---------------------------------------------------------------
[ 2019-04-13T09:05:08+08:00 ] 115.171.21.49 POST blog.taotaifu.cn/admin/article/upload.html
[运行时间：0.026490s] [吞吐率：37.75req/s] [内存消耗：2,291.02kb] [文件加载：52]
[ info ] [ LANG ] /www/wwwroot/blog_taotaifu_cn/thinkphp/lang/zh-cn.php
[ info ] [ ROUTE ] array (
  'type' => 'module',
  'module' => 
  array (
    0 => 'admin',
    1 => 'article',
    2 => 'upload',
  ),
)
[ info ] [ HEADER ] array (
  'cookie' => 'thinkphp_show_page_trace=0|0; UM_distinctid=169d45376c090-0ac13c65c8f1dc-7a1437-13c680-169d45376c1473; pgv_pvi=9352026112; Hm_lvt_bfc6c23974fbad0bbfed25f88a973fb0=1554791479,1554867257,1554966370,1554973689; PHPSESSID=9gbfar72o437b621821n4dtjj3; CNZZDATA1261722476=1515814878-1554043804-%7C1555117454; Hm_lvt_b393d153aeb26b46e9431fabaf0f6190=1554357889,1554778284,1554808573,1555117459; Hm_lpvt_b393d153aeb26b46e9431fabaf0f6190=1555117463',
  'accept-language' => 'zh-CN,zh;q=0.9,en;q=0.8',
  'accept-encoding' => 'gzip, deflate',
  'referer' => 'http://blog.taotaifu.cn/admin/article/store.html',
  'content-type' => 'multipart/form-data; boundary=----WebKitFormBoundaryrQPBryYjWfs4HTA1',
  'user-agent' => 'Mozilla/5.0 (Windows NT 10.0; Win64; x64) AppleWebKit/537.36 (KHTML, like Gecko) Chrome/73.0.3683.86 Safari/537.36',
  'x-requested-with' => 'XMLHttpRequest',
  'origin' => 'http://blog.taotaifu.cn',
  'accept' => 'application/json, text/javascript, */*; q=0.01',
  'content-length' => '4416',
  'connection' => 'keep-alive',
  'host' => 'blog.taotaifu.cn',
)
[ info ] [ PARAM ] array (
)
[ info ] [ DB ] INIT mysql
[ info ] [ RUN ] app\admin\controller\Article->upload[ /www/wwwroot/blog_taotaifu_cn/application/admin/controller/Article.php ]
[ info ] [ LOG ] INIT File
---------------------------------------------------------------
[ 2019-04-13T09:06:08+08:00 ] 115.171.21.49 POST blog.taotaifu.cn/admin/article/store.html
[运行时间：0.061694s] [吞吐率：16.21req/s] [内存消耗：2,411.05kb] [文件加载：57]
[ info ] [ LANG ] /www/wwwroot/blog_taotaifu_cn/thinkphp/lang/zh-cn.php
[ info ] [ ROUTE ] array (
  'type' => 'module',
  'module' => 
  array (
    0 => 'admin',
    1 => 'article',
    2 => 'store',
  ),
)
[ info ] [ HEADER ] array (
  'cookie' => 'thinkphp_show_page_trace=0|0; UM_distinctid=169d45376c090-0ac13c65c8f1dc-7a1437-13c680-169d45376c1473; pgv_pvi=9352026112; Hm_lvt_bfc6c23974fbad0bbfed25f88a973fb0=1554791479,1554867257,1554966370,1554973689; PHPSESSID=9gbfar72o437b621821n4dtjj3; CNZZDATA1261722476=1515814878-1554043804-%7C1555117454; Hm_lvt_b393d153aeb26b46e9431fabaf0f6190=1554357889,1554778284,1554808573,1555117459; Hm_lpvt_b393d153aeb26b46e9431fabaf0f6190=1555117463',
  'accept-language' => 'zh-CN,zh;q=0.9,en;q=0.8',
  'accept-encoding' => 'gzip, deflate',
  'referer' => 'http://blog.taotaifu.cn/admin/article/store.html',
  'accept' => 'text/html,application/xhtml+xml,application/xml;q=0.9,image/webp,image/apng,*/*;q=0.8,application/signed-exchange;v=b3',
  'user-agent' => 'Mozilla/5.0 (Windows NT 10.0; Win64; x64) AppleWebKit/537.36 (KHTML, like Gecko) Chrome/73.0.3683.86 Safari/537.36',
  'content-type' => 'multipart/form-data; boundary=----WebKitFormBoundarylSrhhDITv4NMxWKE',
  'upgrade-insecure-requests' => '1',
  'origin' => 'http://blog.taotaifu.cn',
  'cache-control' => 'max-age=0',
  'content-length' => '6650',
  'connection' => 'keep-alive',
  'host' => 'blog.taotaifu.cn',
)
[ info ] [ PARAM ] array (
  'arc_title' => 'Laravel框架开发调试工具Laravel Debugbar使用',
  'arc_author' => 'Mrs.默先森',
  'arc_sort' => '100',
  'cate_id' => '50',
  'tag' => 
  array (
    0 => '1',
  ),
  'arc_thumb' => '/upload/20190413/25fb845f368aa758d488e78794ed6f37.jpg',
  'arc_digest' => 'laravel-debugbar 用于直观的显示调试及错误信息，提高开发效率。',
  'arc_content' => '<h2>安装</h2><p>1). 使用 Composer 安装该扩展包：</p><pre><code class="language-php hljs"><code class="language-php">composer <span class="token keyword"><span class="hljs-keyword">require</span></span> barryvdh<span class="token operator">/</span>laravel<span class="token operator">-</span>debugbar</code></code></pre><p>2). 安装完成后，修改&nbsp;<code>config/app.php</code>&nbsp;在&nbsp;<code>providers</code>&nbsp;数组内追加 Debugbar 的 Provider</p><pre><code class="language-php hljs"><ol class="hljs-ln"><li><div class="hljs-ln-numbers"><div class="hljs-ln-line hljs-ln-n" data-line-number="1" style="text-align: right;"></div></div><div class="hljs-ln-code"><div class="hljs-ln-line"><code class="language-php"><span class="token string"><span class="hljs-string">\'providers\'</span></span> <span class="token operator">=</span><span class="token operator">&gt;</span> <span class="token punctuation">[</span></code></div></div></li><li><div class="hljs-ln-numbers"><div class="hljs-ln-line hljs-ln-n" data-line-number="2" style="text-align: right;"></div></div><div class="hljs-ln-code"><div class="hljs-ln-line"><code class="language-php">    <span class="token punctuation">.</span><span class="token punctuation">.</span><span class="token punctuation">.</span></code></div></div></li><li><div class="hljs-ln-numbers"><div class="hljs-ln-line hljs-ln-n" data-line-number="3" style="text-align: right;"></div></div><div class="hljs-ln-code"><div class="hljs-ln-line"><code class="language-php">    <span class="token scope">Barryvdh<span class="token punctuation">\\</span>Debugbar<span class="token punctuation">\\</span>ServiceProvider<span class="token punctuation">::</span></span><span class="token keyword">class</span><span class="token punctuation">,</span></code></div></div></li><li><div class="hljs-ln-numbers"><div class="hljs-ln-line hljs-ln-n" data-line-number="4" style="text-align: right;"></div></div><div class="hljs-ln-code"><div class="hljs-ln-line"><code class="language-php"><span class="token punctuation">]</span><span class="token punctuation">,</span></code></div></div></li></ol></code></pre><p>同时在&nbsp;<code>aliases</code>&nbsp;数组内追加如下内容</p><pre><code class="language-php hljs"><ol class="hljs-ln"><li><div class="hljs-ln-numbers"><div class="hljs-ln-line hljs-ln-n" data-line-number="1" style="text-align: right;"></div></div><div class="hljs-ln-code"><div class="hljs-ln-line"><code class="language-php"><span class="token string"><span class="hljs-string">\'aliases\'</span></span> <span class="token operator">=</span><span class="token operator">&gt;</span> <span class="token punctuation">[</span></code></div></div></li><li><div class="hljs-ln-numbers"><div class="hljs-ln-line hljs-ln-n" data-line-number="2" style="text-align: right;"></div></div><div class="hljs-ln-code"><div class="hljs-ln-line"><code class="language-php">    <span class="token punctuation">.</span><span class="token punctuation">.</span><span class="token punctuation">.</span></code></div></div></li><li><div class="hljs-ln-numbers"><div class="hljs-ln-line hljs-ln-n" data-line-number="3" style="text-align: right;"></div></div><div class="hljs-ln-code"><div class="hljs-ln-line"><code class="language-php">    <span class="token string"><span class="hljs-string">\'Debugbar\'</span></span> <span class="token operator">=</span><span class="token operator">&gt;</span> <span class="token scope">Barryvdh<span class="token punctuation">\\</span>Debugbar<span class="token punctuation">\\</span>Facade<span class="token punctuation">::</span></span><span class="token keyword">class</span><span class="token punctuation">,</span></code></div></div></li><li><div class="hljs-ln-numbers"><div class="hljs-ln-line hljs-ln-n" data-line-number="4" style="text-align: right;"></div></div><div class="hljs-ln-code"><div class="hljs-ln-line"><code class="language-php"><span class="token punctuation">]</span></code></div></div></li></ol></code></pre><p>3). 接下来运行以下命令生成此扩展包的配置文件&nbsp;<code>config/debugbar.php</code>：</p><pre><code class="language-php hljs"><code class="language-php">php artisan vendor<span class="token punctuation">:</span>publish <span class="token operator">--</span>provider<span class="token operator">=</span><span class="token string"><span class="hljs-string">"Barryvdh\\Debugbar\\ServiceProvider"</span></span></code></code></pre><p>打开&nbsp;<code>config/debugbar.php</code>，将&nbsp;<code>enabled</code>&nbsp;的值设置为：</p><pre><code class="language-php hljs"><code class="language-php"><span class="token string"><span class="hljs-string">\'enabled\'</span></span> <span class="token operator">=</span><span class="token operator">&gt;</span> <span class="token function">env</span><span class="token punctuation">(</span><span class="token string"><span class="hljs-string">\'APP_DEBUG\'</span></span><span class="token punctuation">,</span> <span class="token boolean"><span class="hljs-keyword">false</span></span><span class="token punctuation">)</span><span class="token punctuation">,</span></code></code></pre><p>修改完以后, Debugbar 分析器的启动状态将由&nbsp;<code>.env</code>文件中&nbsp;<code>APP_DEBUG</code>&nbsp;值决定。</p><p>页面刷新后, 基本就是安装成功了。</p>',
)
[ info ] [ DB ] INIT mysql
[ info ] [ RUN ] app\admin\controller\Article->store[ /www/wwwroot/blog_taotaifu_cn/application/admin/controller/Article.php ]
[ info ] [ VIEW ] /www/wwwroot/blog_taotaifu_cn/thinkphp/tpl/dispatch_jump.tpl [ array (
  0 => 'code',
  1 => 'msg',
  2 => 'data',
  3 => 'url',
  4 => 'wait',
) ]
[ info ] [ LOG ] INIT File
[ sql ] [ DB ] CONNECT:[ UseTime:0.001395s ] mysql:host=188.131.144.216;port=3306;dbname=blog_taotaifu_cn;charset=utf8
[ sql ] [ SQL ] SHOW COLUMNS FROM `blog_article` [ RunTime:0.001514s ]
[ sql ] [ SQL ] INSERT INTO `blog_article` (`arc_title` , `arc_author` , `arc_sort` , `cate_id` , `arc_thumb` , `arc_digest` , `arc_content`) VALUES ('Laravel框架开发调试工具Laravel Debugbar使用' , 'Mrs.默先森' , 100 , 50 , '/upload/20190413/25fb845f368aa758d488e78794ed6f37.jpg' , 'laravel-debugbar 用于直观的显示调试及错误信息，提高开发效率。' , '<h2>安装</h2><p>1). 使用 Composer 安装该扩展包：</p><pre><code class=\"language-php hljs\"><code class=\"language-php\">composer <span class=\"token keyword\"><span class=\"hljs-keyword\">require</span></span> barryvdh<span class=\"token operator\">/</span>laravel<span class=\"token operator\">-</span>debugbar</code></code></pre><p>2). 安装完成后，修改&nbsp;<code>config/app.php</code>&nbsp;在&nbsp;<code>providers</code>&nbsp;数组内追加 Debugbar 的 Provider</p><pre><code class=\"language-php hljs\"><ol class=\"hljs-ln\"><li><div class=\"hljs-ln-numbers\"><div class=\"hljs-ln-line hljs-ln-n\" data-line-number=\"1\" style=\"text-align: right;\"></div></div><div class=\"hljs-ln-code\"><div class=\"hljs-ln-line\"><code class=\"language-php\"><span class=\"token string\"><span class=\"hljs-string\">\'providers\'</span></span> <span class=\"token operator\">=</span><span class=\"token operator\">&gt;</span> <span class=\"token punctuation\">[</span></code></div></div></li><li><div class=\"hljs-ln-numbers\"><div class=\"hljs-ln-line hljs-ln-n\" data-line-number=\"2\" style=\"text-align: right;\"></div></div><div class=\"hljs-ln-code\"><div class=\"hljs-ln-line\"><code class=\"language-php\">    <span class=\"token punctuation\">.</span><span class=\"token punctuation\">.</span><span class=\"token punctuation\">.</span></code></div></div></li><li><div class=\"hljs-ln-numbers\"><div class=\"hljs-ln-line hljs-ln-n\" data-line-number=\"3\" style=\"text-align: right;\"></div></div><div class=\"hljs-ln-code\"><div class=\"hljs-ln-line\"><code class=\"language-php\">    <span class=\"token scope\">Barryvdh<span class=\"token punctuation\">\\</span>Debugbar<span class=\"token punctuation\">\\</span>ServiceProvider<span class=\"token punctuation\">::</span></span><span class=\"token keyword\">class</span><span class=\"token punctuation\">,</span></code></div></div></li><li><div class=\"hljs-ln-numbers\"><div class=\"hljs-ln-line hljs-ln-n\" data-line-number=\"4\" style=\"text-align: right;\"></div></div><div class=\"hljs-ln-code\"><div class=\"hljs-ln-line\"><code class=\"language-php\"><span class=\"token punctuation\">]</span><span class=\"token punctuation\">,</span></code></div></div></li></ol></code></pre><p>同时在&nbsp;<code>aliases</code>&nbsp;数组内追加如下内容</p><pre><code class=\"language-php hljs\"><ol class=\"hljs-ln\"><li><div class=\"hljs-ln-numbers\"><div class=\"hljs-ln-line hljs-ln-n\" data-line-number=\"1\" style=\"text-align: right;\"></div></div><div class=\"hljs-ln-code\"><div class=\"hljs-ln-line\"><code class=\"language-php\"><span class=\"token string\"><span class=\"hljs-string\">\'aliases\'</span></span> <span class=\"token operator\">=</span><span class=\"token operator\">&gt;</span> <span class=\"token punctuation\">[</span></code></div></div></li><li><div class=\"hljs-ln-numbers\"><div class=\"hljs-ln-line hljs-ln-n\" data-line-number=\"2\" style=\"text-align: right;\"></div></div><div class=\"hljs-ln-code\"><div class=\"hljs-ln-line\"><code class=\"language-php\">    <span class=\"token punctuation\">.</span><span class=\"token punctuation\">.</span><span class=\"token punctuation\">.</span></code></div></div></li><li><div class=\"hljs-ln-numbers\"><div class=\"hljs-ln-line hljs-ln-n\" data-line-number=\"3\" style=\"text-align: right;\"></div></div><div class=\"hljs-ln-code\"><div class=\"hljs-ln-line\"><code class=\"language-php\">    <span class=\"token string\"><span class=\"hljs-string\">\'Debugbar\'</span></span> <span class=\"token operator\">=</span><span class=\"token operator\">&gt;</span> <span class=\"token scope\">Barryvdh<span class=\"token punctuation\">\\</span>Debugbar<span class=\"token punctuation\">\\</span>Facade<span class=\"token punctuation\">::</span></span><span class=\"token keyword\">class</span><span class=\"token punctuation\">,</span></code></div></div></li><li><div class=\"hljs-ln-numbers\"><div class=\"hljs-ln-line hljs-ln-n\" data-line-number=\"4\" style=\"text-align: right;\"></div></div><div class=\"hljs-ln-code\"><div class=\"hljs-ln-line\"><code class=\"language-php\"><span class=\"token punctuation\">]</span></code></div></div></li></ol></code></pre><p>3). 接下来运行以下命令生成此扩展包的配置文件&nbsp;<code>config/debugbar.php</code>：</p><pre><code class=\"language-php hljs\"><code class=\"language-php\">php artisan vendor<span class=\"token punctuation\">:</span>publish <span class=\"token operator\">--</span>provider<span class=\"token operator\">=</span><span class=\"token string\"><span class=\"hljs-string\">\"Barryvdh\\Debugbar\\ServiceProvider\"</span></span></code></code></pre><p>打开&nbsp;<code>config/debugbar.php</code>，将&nbsp;<code>enabled</code>&nbsp;的值设置为：</p><pre><code class=\"language-php hljs\"><code class=\"language-php\"><span class=\"token string\"><span class=\"hljs-string\">\'enabled\'</span></span> <span class=\"token operator\">=</span><span class=\"token operator\">&gt;</span> <span class=\"token function\">env</span><span class=\"token punctuation\">(</span><span class=\"token string\"><span class=\"hljs-string\">\'APP_DEBUG\'</span></span><span class=\"token punctuation\">,</span> <span class=\"token boolean\"><span class=\"hljs-keyword\">false</span></span><span class=\"token punctuation\">)</span><span class=\"token punctuation\">,</span></code></code></pre><p>修改完以后, Debugbar 分析器的启动状态将由&nbsp;<code>.env</code>文件中&nbsp;<code>APP_DEBUG</code>&nbsp;值决定。</p><p>页面刷新后, 基本就是安装成功了。</p>') [ RunTime:0.016012s ]
[ sql ] [ SQL ] SHOW COLUMNS FROM `blog_arc_tag` [ RunTime:0.001566s ]
[ sql ] [ SQL ] INSERT INTO `blog_arc_tag` (`arc_id` , `tag_id`) VALUES (162 , 1) [ RunTime:0.012505s ]
---------------------------------------------------------------
[ 2019-04-13T09:06:11+08:00 ] 115.171.21.49 GET blog.taotaifu.cn/admin/article/index.html
[运行时间：0.039521s] [吞吐率：25.30req/s] [内存消耗：2,474.11kb] [文件加载：58]
[ info ] [ LANG ] /www/wwwroot/blog_taotaifu_cn/thinkphp/lang/zh-cn.php
[ info ] [ ROUTE ] array (
  'type' => 'module',
  'module' => 
  array (
    0 => 'admin',
    1 => 'article',
    2 => 'index',
  ),
)
[ info ] [ HEADER ] array (
  'cookie' => 'thinkphp_show_page_trace=0|0; UM_distinctid=169d45376c090-0ac13c65c8f1dc-7a1437-13c680-169d45376c1473; pgv_pvi=9352026112; Hm_lvt_bfc6c23974fbad0bbfed25f88a973fb0=1554791479,1554867257,1554966370,1554973689; PHPSESSID=9gbfar72o437b621821n4dtjj3; CNZZDATA1261722476=1515814878-1554043804-%7C1555117454; Hm_lvt_b393d153aeb26b46e9431fabaf0f6190=1554357889,1554778284,1554808573,1555117459; Hm_lpvt_b393d153aeb26b46e9431fabaf0f6190=1555117463',
  'accept-language' => 'zh-CN,zh;q=0.9,en;q=0.8',
  'aecept-encoding' => 'gzip, deflate',
  'referer' => 'http://blog.taotaifu.cn/admin/article/store.html',
  'accept' => 'text/html,application/xhtml+xml,application/xml;q=0.9,image/webp,image/apng,*/*;q=0.8,application/signed-exchange;v=b3',
  'user-agent' => 'Mozilla/5.0 (Windows NT 10.0; Win64; x64) AppleWebKit/537.36 (KHTML, like Gecko) Chrome/73.0.3683.86 Safari/537.36',
  'upgrade-insecure-requests' => '1',
  'connection' => 'keep-alive',
  'host' => 'blog.taotaifu.cn',
  'content-type' => '',
  'content-length' => '',
)
[ info ] [ PARAM ] array (
)
[ info ] [ DB ] INIT mysql
[ info ] [ RUN ] app\admin\controller\Article->index[ /www/wwwroot/blog_taotaifu_cn/application/admin/controller/Article.php ]
[ info ] [ VIEW ] /www/wwwroot/blog_taotaifu_cn/public/../application/admin/view/article/index.html [ array (
  0 => 'field',
) ]
[ info ] [ LOG ] INIT File
[ sql ] [ DB ] CONNECT:[ UseTime:0.001472s ] mysql:host=188.131.144.216;port=3306;dbname=blog_taotaifu_cn;charset=utf8
[ sql ] [ SQL ] SHOW COLUMNS FROM `blog_article` [ RunTime:0.001450s ]
[ sql ] [ SQL ] SELECT COUNT(*) AS tp_count FROM `blog_article` `a` INNER JOIN `blog_cate` `c` ON `a`.`cate_id`=`c`.`cate_id` WHERE  `a`.`is_recycle` = 2 LIMIT 1 [ RunTime:0.002073s ]
[ sql ] [ SQL ] SELECT `a`.`arc_id`,`a`.`arc_title`,`a`.`arc_author`,`a`.`sendtime`,`c`.`cate_name`,`a`.`arc_sort` FROM `blog_article` `a` INNER JOIN `blog_cate` `c` ON `a`.`cate_id`=`c`.`cate_id` WHERE  `a`.`is_recycle` = 2 ORDER BY `a`.`arc_sort` DESC,`a`.`sendtime` DESC,`a`.`arc_id` DESC LIMIT 0,5 [ RunTime:0.001796s ]
---------------------------------------------------------------
[ 2019-04-13T09:06:16+08:00 ] 115.171.21.49 GET blog.taotaifu.cn/
[运行时间：0.066510s] [吞吐率：15.04req/s] [内存消耗：2,661.80kb] [文件加载：59]
[ info ] [ LANG ] /www/wwwroot/blog_taotaifu_cn/thinkphp/lang/zh-cn.php
[ info ] [ ROUTE ] array (
  'type' => 'module',
  'module' => 
  array (
    0 => '',
    1 => NULL,
    2 => NULL,
  ),
)
[ info ] [ HEADER ] array (
  'cookie' => 'UM_distinctid=169d45376c090-0ac13c65c8f1dc-7a1437-13c680-169d45376c1473; pgv_pvi=9352026112; PHPSESSID=9gbfar72o437b621821n4dtjj3; CNZZDATA1261722476=1515814878-1554043804-%7C1555117454; Hm_lvt_b393d153aeb26b46e9431fabaf0f6190=1554357889,1554778284,1554808573,1555117459; Hm_lpvt_b393d153aeb26b46e9431fabaf0f6190=1555117576; Hm_lvt_bfc6c23974fbad0bbfed25f88a973fb0=1554867257,1554966370,1554973689,1555117576; Hm_lpvt_bfc6c23974fbad0bbfed25f88a973fb0=1555117576',
  'accept-language' => 'zh-CN,zh;q=0.9,en;q=0.8',
  'accept-encoding' => 'gzip, deflate',
  'accept' => 'text/html,application/xhtml+xml,application/xml;q=0.9,image/webp,image/apng,*/*;q=0.8,application/signed-exchange;v=b3',
  'user-agent' => 'Mozilla/5.0 (Windows NT 10.0; Win64; x64) AppleWebKit/537.36 (KHTML, like Gecko) Chrome/73.0.3683.86 Safari/537.36',
  'upgrade-insecure-requests' => '1',
  'connection' => 'keep-alive',
  'host' => 'blog.taotaifu.cn',
  'content-type' => '',
  'content-length' => '',
)
[ info ] [ PARAM ] array (
)
[ info ] [ DB ] INIT mysql
[ info ] [ RUN ] app\index\controller\Index->index[ /www/wwwroot/blog_taotaifu_cn/application/index/controller/Index.php ]
[ info ] [ VIEW ] /www/wwwroot/blog_taotaifu_cn/public/../application/index/view/index/index.html [ array (
  0 => '_webset',
  1 => '_cateData',
  2 => '_allCateData',
  3 => '_tagData',
  4 => '_articleData',
  5 => '_linkData',
  6 => 'headConf',
  7 => 'srchtxt',
  8 => 'limit',
  9 => 'page',
  10 => 'articleData',
) ]
[ info ] [ LOG ] INIT File
[ sql ] [ DB ] CONNECT:[ UseTime:0.001656s ] mysql:host=188.131.144.216;port=3306;dbname=blog_taotaifu_cn;charset=utf8
[ sql ] [ SQL ] SHOW COLUMNS FROM `blog_webset` [ RunTime:0.001386s ]
[ sql ] [ SQL ] SELECT `webset_name`,`webset_value` FROM `blog_webset` [ RunTime:0.000922s ]
[ sql ] [ SQL ] SHOW COLUMNS FROM `blog_cate` [ RunTime:0.001335s ]
[ sql ] [ SQL ] SELECT * FROM `blog_cate` WHERE  `cate_pid` = 0 ORDER BY `cate_sort` DESC LIMIT 6 [ RunTime:0.000979s ]
[ sql ] [ SQL ] SELECT * FROM `blog_cate` ORDER BY `cate_sort` DESC [ RunTime:0.001573s ]
[ sql ] [ SQL ] SHOW COLUMNS FROM `blog_tag` [ RunTime:0.001343s ]
[ sql ] [ SQL ] SELECT * FROM `blog_tag` [ RunTime:0.000915s ]
[ sql ] [ SQL ] SHOW COLUMNS FROM `blog_article` [ RunTime:0.001394s ]
[ sql ] [ SQL ] SELECT `arc_id`,`arc_title` FROM `blog_article` ORDER BY `sendtime` DESC [ RunTime:0.001800s ]
[ sql ] [ SQL ] SHOW COLUMNS FROM `blog_link` [ RunTime:0.002243s ]
[ sql ] [ SQL ] SELECT * FROM `blog_link` ORDER BY `link_sort` DESC [ RunTime:0.000957s ]
[ sql ] [ SQL ] SELECT COUNT(*) AS tp_count FROM `blog_article` `a` INNER JOIN `blog_cate` `c` ON `a`.`cate_id`=`c`.`cate_id` WHERE  `a`.`is_recycle` = 2 LIMIT 1 [ RunTime:0.001582s ]
[ sql ] [ SQL ] SELECT * FROM `blog_article` `a` INNER JOIN `blog_cate` `c` ON `a`.`cate_id`=`c`.`cate_id` WHERE  `a`.`is_recycle` = 2 ORDER BY `sendtime` DESC LIMIT 0,8 [ RunTime:0.005241s ]
[ sql ] [ SQL ] SHOW COLUMNS FROM `blog_arc_tag` [ RunTime:0.001430s ]
[ sql ] [ SQL ] SELECT `t`.`tag_id`,`t`.`tag_name` FROM `blog_arc_tag` `at` INNER JOIN `blog_tag` `t` ON `at`.`tag_id`=`t`.`tag_id` WHERE  `at`.`arc_id` = 104 [ RunTime:0.000979s ]
[ sql ] [ SQL ] SELECT `t`.`tag_id`,`t`.`tag_name` FROM `blog_arc_tag` `at` INNER JOIN `blog_tag` `t` ON `at`.`tag_id`=`t`.`tag_id` WHERE  `at`.`arc_id` = 108 [ RunTime:0.001026s ]
[ sql ] [ SQL ] SELECT `t`.`tag_id`,`t`.`tag_name` FROM `blog_arc_tag` `at` INNER JOIN `blog_tag` `t` ON `at`.`tag_id`=`t`.`tag_id` WHERE  `at`.`arc_id` = 113 [ RunTime:0.000914s ]
[ sql ] [ SQL ] SELECT `t`.`tag_id`,`t`.`tag_name` FROM `blog_arc_tag` `at` INNER JOIN `blog_tag` `t` ON `at`.`tag_id`=`t`.`tag_id` WHERE  `at`.`arc_id` = 131 [ RunTime:0.000861s ]
[ sql ] [ SQL ] SELECT `t`.`tag_id`,`t`.`tag_name` FROM `blog_arc_tag` `at` INNER JOIN `blog_tag` `t` ON `at`.`tag_id`=`t`.`tag_id` WHERE  `at`.`arc_id` = 103 [ RunTime:0.000967s ]
[ sql ] [ SQL ] SELECT `t`.`tag_id`,`t`.`tag_name` FROM `blog_arc_tag` `at` INNER JOIN `blog_tag` `t` ON `at`.`tag_id`=`t`.`tag_id` WHERE  `at`.`arc_id` = 107 [ RunTime:0.000923s ]
[ sql ] [ SQL ] SELECT `t`.`tag_id`,`t`.`tag_name` FROM `blog_arc_tag` `at` INNER JOIN `blog_tag` `t` ON `at`.`tag_id`=`t`.`tag_id` WHERE  `at`.`arc_id` = 112 [ RunTime:0.000938s ]
[ sql ] [ SQL ] SELECT `t`.`tag_id`,`t`.`tag_name` FROM `blog_arc_tag` `at` INNER JOIN `blog_tag` `t` ON `at`.`tag_id`=`t`.`tag_id` WHERE  `at`.`arc_id` = 114 [ RunTime:0.000896s ]
---------------------------------------------------------------
[ 2019-04-13T09:06:24+08:00 ] 115.171.21.49 GET blog.taotaifu.cn/c/44.html
[运行时间：3.520478s] [吞吐率：0.28req/s] [内存消耗：3,091.47kb] [文件加载：56]
[ info ] [ LANG ] /www/wwwroot/blog_taotaifu_cn/thinkphp/lang/zh-cn.php
[ info ] [ ROUTE ] array (
  'type' => 'module',
  'module' => 
  array (
    0 => 'index',
    1 => 'lists',
    2 => 'index',
  ),
  'convert' => false,
)
[ info ] [ HEADER ] array (
  'cookie' => 'UM_distinctid=169d45376c090-0ac13c65c8f1dc-7a1437-13c680-169d45376c1473; pgv_pvi=9352026112; PHPSESSID=9gbfar72o437b621821n4dtjj3; CNZZDATA1261722476=1515814878-1554043804-%7C1555117454; Hm_lvt_b393d153aeb26b46e9431fabaf0f6190=1554357889,1554778284,1554808573,1555117459; Hm_lpvt_b393d153aeb26b46e9431fabaf0f6190=1555117576; Hm_lvt_bfc6c23974fbad0bbfed25f88a973fb0=1554867257,1554966370,1554973689,1555117576; Hm_lpvt_bfc6c23974fbad0bbfed25f88a973fb0=1555117576; thinkphp_show_page_trace=0|0',
  'accept-language' => 'zh-CN,zh;q=0.9,en;q=0.8',
  'accept-encoding' => 'gzip, deflate',
  'referer' => 'http://blog.taotaifu.cn/',
  'accept' => 'text/html,application/xhtml+xml,application/xml;q=0.9,image/webp,image/apng,*/*;q=0.8,application/signed-exchange;v=b3',
  'user-agent' => 'Mozilla/5.0 (Windows NT 10.0; Win64; x64) AppleWebKit/537.36 (KHTML, like Gecko) Chrome/73.0.3683.86 Safari/537.36',
  'upgrade-insecure-requests' => '1',
  'connection' => 'keep-alive',
  'host' => 'blog.taotaifu.cn',
  'content-type' => '',
  'content-length' => '',
)
[ info ] [ PARAM ] array (
  'cate_id' => '44',
)
[ info ] [ DB ] INIT mysql
[ info ] [ RUN ] app\index\controller\Lists->index[ /www/wwwroot/blog_taotaifu_cn/application/index/controller/Lists.php ]
[ info ] [ VIEW ] /www/wwwroot/blog_taotaifu_cn/public/../application/index/view/lists/index.html [ array (
  0 => '_webset',
  1 => '_cateData',
  2 => '_allCateData',
  3 => '_tagData',
  4 => '_articleData',
  5 => '_linkData',
  6 => 'headConf',
  7 => 'headData',
  8 => 'articleData',
) ]
[ info ] [ LOG ] INIT File
[ sql ] [ DB ] CONNECT:[ UseTime:0.001342s ] mysql:host=188.131.144.216;port=3306;dbname=blog_taotaifu_cn;charset=utf8
[ sql ] [ SQL ] SHOW COLUMNS FROM `blog_webset` [ RunTime:0.001410s ]
[ sql ] [ SQL ] SELECT `webset_name`,`webset_value` FROM `blog_webset` [ RunTime:0.000836s ]
[ sql ] [ SQL ] SHOW COLUMNS FROM `blog_cate` [ RunTime:0.001264s ]
[ sql ] [ SQL ] SELECT * FROM `blog_cate` WHERE  `cate_pid` = 0 ORDER BY `cate_sort` DESC LIMIT 6 [ RunTime:0.000908s ]
[ sql ] [ SQL ] SELECT * FROM `blog_cate` ORDER BY `cate_sort` DESC [ RunTime:0.000875s ]
[ sql ] [ SQL ] SHOW COLUMNS FROM `blog_tag` [ RunTime:0.001146s ]
[ sql ] [ SQL ] SELECT * FROM `blog_tag` [ RunTime:0.000835s ]
[ sql ] [ SQL ] SHOW COLUMNS FROM `blog_article` [ RunTime:0.001248s ]
[ sql ] [ SQL ] SELECT `arc_id`,`arc_title` FROM `blog_article` ORDER BY `sendtime` DESC [ RunTime:0.001875s ]
[ sql ] [ SQL ] SHOW COLUMNS FROM `blog_link` [ RunTime:0.001733s ]
[ sql ] [ SQL ] SELECT * FROM `blog_link` ORDER BY `link_sort` DESC [ RunTime:0.001271s ]
[ sql ] [ SQL ] SELECT * FROM `blog_cate` [ RunTime:0.001129s ]
[ sql ] [ SQL ] SELECT `cate_name` FROM `blog_cate` WHERE  `cate_id` = 44 LIMIT 1 [ RunTime:0.001307s ]
[ sql ] [ SQL ] SELECT COUNT(*) AS tp_count FROM `blog_article` WHERE  `cate_id` IN (50,52,65,44) LIMIT 1 [ RunTime:0.000915s ]
[ sql ] [ SQL ] SELECT * FROM `blog_article` `a` INNER JOIN `blog_cate` `c` ON `a`.`cate_id`=`c`.`cate_id` WHERE  `a`.`is_recycle` = 2  AND `a`.`cate_id` IN (50,52,65,'44') [ RunTime:3.232008s ]
[ sql ] [ SQL ] SHOW COLUMNS FROM `blog_arc_tag` [ RunTime:0.001473s ]
[ sql ] [ SQL ] SELECT `t`.`tag_id`,`t`.`tag_name` FROM `blog_arc_tag` `at` INNER JOIN `blog_tag` `t` ON `at`.`tag_id`=`t`.`tag_id` WHERE  `at`.`arc_id` = 110 LIMIT 5 [ RunTime:0.001056s ]
[ sql ] [ SQL ] SELECT `t`.`tag_id`,`t`.`tag_name` FROM `blog_arc_tag` `at` INNER JOIN `blog_tag` `t` ON `at`.`tag_id`=`t`.`tag_id` WHERE  `at`.`arc_id` = 142 LIMIT 5 [ RunTime:0.205364s ]
[ sql ] [ SQL ] SELECT `t`.`tag_id`,`t`.`tag_name` FROM `blog_arc_tag` `at` INNER JOIN `blog_tag` `t` ON `at`.`tag_id`=`t`.`tag_id` WHERE  `at`.`arc_id` = 143 LIMIT 5 [ RunTime:0.001097s ]
[ sql ] [ SQL ] SELECT `t`.`tag_id`,`t`.`tag_name` FROM `blog_arc_tag` `at` INNER JOIN `blog_tag` `t` ON `at`.`tag_id`=`t`.`tag_id` WHERE  `at`.`arc_id` = 162 LIMIT 5 [ RunTime:0.000982s ]
[ sql ] [ SQL ] SELECT `t`.`tag_id`,`t`.`tag_name` FROM `blog_arc_tag` `at` INNER JOIN `blog_tag` `t` ON `at`.`tag_id`=`t`.`tag_id` WHERE  `at`.`arc_id` = 109 LIMIT 5 [ RunTime:0.000917s ]
[ sql ] [ SQL ] SELECT `t`.`tag_id`,`t`.`tag_name` FROM `blog_arc_tag` `at` INNER JOIN `blog_tag` `t` ON `at`.`tag_id`=`t`.`tag_id` WHERE  `at`.`arc_id` = 133 LIMIT 5 [ RunTime:0.001007s ]
[ sql ] [ SQL ] SELECT `t`.`tag_id`,`t`.`tag_name` FROM `blog_arc_tag` `at` INNER JOIN `blog_tag` `t` ON `at`.`tag_id`=`t`.`tag_id` WHERE  `at`.`arc_id` = 134 LIMIT 5 [ RunTime:0.001003s ]
[ sql ] [ SQL ] SELECT `t`.`tag_id`,`t`.`tag_name` FROM `blog_arc_tag` `at` INNER JOIN `blog_tag` `t` ON `at`.`tag_id`=`t`.`tag_id` WHERE  `at`.`arc_id` = 135 LIMIT 5 [ RunTime:0.001052s ]
[ sql ] [ SQL ] SELECT `t`.`tag_id`,`t`.`tag_name` FROM `blog_arc_tag` `at` INNER JOIN `blog_tag` `t` ON `at`.`tag_id`=`t`.`tag_id` WHERE  `at`.`arc_id` = 136 LIMIT 5 [ RunTime:0.000920s ]
[ sql ] [ SQL ] SELECT `t`.`tag_id`,`t`.`tag_name` FROM `blog_arc_tag` `at` INNER JOIN `blog_tag` `t` ON `at`.`tag_id`=`t`.`tag_id` WHERE  `at`.`arc_id` = 137 LIMIT 5 [ RunTime:0.001024s ]
[ sql ] [ SQL ] SELECT `t`.`tag_id`,`t`.`tag_name` FROM `blog_arc_tag` `at` INNER JOIN `blog_tag` `t` ON `at`.`tag_id`=`t`.`tag_id` WHERE  `at`.`arc_id` = 138 LIMIT 5 [ RunTime:0.001014s ]
[ sql ] [ SQL ] SELECT `t`.`tag_id`,`t`.`tag_name` FROM `blog_arc_tag` `at` INNER JOIN `blog_tag` `t` ON `at`.`tag_id`=`t`.`tag_id` WHERE  `at`.`arc_id` = 139 LIMIT 5 [ RunTime:0.001416s ]
[ sql ] [ SQL ] SELECT `t`.`tag_id`,`t`.`tag_name` FROM `blog_arc_tag` `at` INNER JOIN `blog_tag` `t` ON `at`.`tag_id`=`t`.`tag_id` WHERE  `at`.`arc_id` = 140 LIMIT 5 [ RunTime:0.001030s ]
[ sql ] [ SQL ] SELECT `t`.`tag_id`,`t`.`tag_name` FROM `blog_arc_tag` `at` INNER JOIN `blog_tag` `t` ON `at`.`tag_id`=`t`.`tag_id` WHERE  `at`.`arc_id` = 141 LIMIT 5 [ RunTime:0.000949s ]
[ sql ] [ SQL ] SELECT `t`.`tag_id`,`t`.`tag_name` FROM `blog_arc_tag` `at` INNER JOIN `blog_tag` `t` ON `at`.`tag_id`=`t`.`tag_id` WHERE  `at`.`arc_id` = 160 LIMIT 5 [ RunTime:0.001067s ]
[ sql ] [ SQL ] SELECT `t`.`tag_id`,`t`.`tag_name` FROM `blog_arc_tag` `at` INNER JOIN `blog_tag` `t` ON `at`.`tag_id`=`t`.`tag_id` WHERE  `at`.`arc_id` = 105 LIMIT 5 [ RunTime:0.001053s ]
[ sql ] [ SQL ] SELECT `t`.`tag_id`,`t`.`tag_name` FROM `blog_arc_tag` `at` INNER JOIN `blog_tag` `t` ON `at`.`tag_id`=`t`.`tag_id` WHERE  `at`.`arc_id` = 149 LIMIT 5 [ RunTime:0.001175s ]
[ sql ] [ SQL ] SELECT `t`.`tag_id`,`t`.`tag_name` FROM `blog_arc_tag` `at` INNER JOIN `blog_tag` `t` ON `at`.`tag_id`=`t`.`tag_id` WHERE  `at`.`arc_id` = 153 LIMIT 5 [ RunTime:0.000974s ]
[ sql ] [ SQL ] SELECT `t`.`tag_id`,`t`.`tag_name` FROM `blog_arc_tag` `at` INNER JOIN `blog_tag` `t` ON `at`.`tag_id`=`t`.`tag_id` WHERE  `at`.`arc_id` = 154 LIMIT 5 [ RunTime:0.001021s ]
[ sql ] [ SQL ] SELECT `t`.`tag_id`,`t`.`tag_name` FROM `blog_arc_tag` `at` INNER JOIN `blog_tag` `t` ON `at`.`tag_id`=`t`.`tag_id` WHERE  `at`.`arc_id` = 155 LIMIT 5 [ RunTime:0.001008s ]
[ sql ] [ SQL ] SELECT `t`.`tag_id`,`t`.`tag_name` FROM `blog_arc_tag` `at` INNER JOIN `blog_tag` `t` ON `at`.`tag_id`=`t`.`tag_id` WHERE  `at`.`arc_id` = 159 LIMIT 5 [ RunTime:0.000972s ]
[ sql ] [ SQL ] SELECT `t`.`tag_id`,`t`.`tag_name` FROM `blog_arc_tag` `at` INNER JOIN `blog_tag` `t` ON `at`.`tag_id`=`t`.`tag_id` WHERE  `at`.`arc_id` = 161 LIMIT 5 [ RunTime:0.000923s ]
[ sql ] [ SQL ] SELECT `t`.`tag_id`,`t`.`tag_name` FROM `blog_arc_tag` `at` INNER JOIN `blog_tag` `t` ON `at`.`tag_id`=`t`.`tag_id` WHERE  `at`.`arc_id` = 156 LIMIT 5 [ RunTime:0.001044s ]
[ sql ] [ SQL ] SELECT `t`.`tag_id`,`t`.`tag_name` FROM `blog_arc_tag` `at` INNER JOIN `blog_tag` `t` ON `at`.`tag_id`=`t`.`tag_id` WHERE  `at`.`arc_id` = 157 LIMIT 5 [ RunTime:0.000941s ]
[ sql ] [ SQL ] SELECT `t`.`tag_id`,`t`.`tag_name` FROM `blog_arc_tag` `at` INNER JOIN `blog_tag` `t` ON `at`.`tag_id`=`t`.`tag_id` WHERE  `at`.`arc_id` = 158 LIMIT 5 [ RunTime:0.000930s ]
---------------------------------------------------------------
[ 2019-04-13T09:06:25+08:00 ] 42.236.10.117 GET blog.taotaifu.cn/
[运行时间：1.531405s] [吞吐率：0.65req/s] [内存消耗：2,657.34kb] [文件加载：59]
[ info ] [ LANG ] /www/wwwroot/blog_taotaifu_cn/thinkphp/lang/zh-cn.php
[ info ] [ ROUTE ] array (
  'type' => 'module',
  'module' => 
  array (
    0 => '',
    1 => NULL,
    2 => NULL,
  ),
)
[ info ] [ HEADER ] array (
  'accept-encoding' => 'gzip, deflate',
  'accept' => 'text/html,application/xhtml+xml,application/xml;q=0.9,image/webp,image/apng,*/*;q=0.8',
  'upgrade-insecure-requests' => '1',
  'user-agent' => 'Mozilla/5.0 (iPhone; CPU iPhone OS 11_0 like Mac OS X) AppleWebKit/604.1.38 (KHTML, like Gecko) Version/11.0 Mobile/15A372 Safari/604.1',
  'connection' => 'keep-alive',
  'host' => 'blog.taotaifu.cn',
  'content-type' => '',
  'content-length' => '',
)
[ info ] [ PARAM ] array (
)
[ info ] [ DB ] INIT mysql
[ info ] [ RUN ] app\index\controller\Index->index[ /www/wwwroot/blog_taotaifu_cn/application/index/controller/Index.php ]
[ info ] [ VIEW ] /www/wwwroot/blog_taotaifu_cn/public/../application/index/view/index/index.html [ array (
  0 => '_webset',
  1 => '_cateData',
  2 => '_allCateData',
  3 => '_tagData',
  4 => '_articleData',
  5 => '_linkData',
  6 => 'headConf',
  7 => 'srchtxt',
  8 => 'limit',
  9 => 'page',
  10 => 'articleData',
) ]
[ info ] [ LOG ] INIT File
[ sql ] [ DB ] CONNECT:[ UseTime:0.001504s ] mysql:host=188.131.144.216;port=3306;dbname=blog_taotaifu_cn;charset=utf8
[ sql ] [ SQL ] SHOW COLUMNS FROM `blog_webset` [ RunTime:0.001733s ]
[ sql ] [ SQL ] SELECT `webset_name`,`webset_value` FROM `blog_webset` [ RunTime:0.000953s ]
[ sql ] [ SQL ] SHOW COLUMNS FROM `blog_cate` [ RunTime:0.001386s ]
[ sql ] [ SQL ] SELECT * FROM `blog_cate` WHERE  `cate_pid` = 0 ORDER BY `cate_sort` DESC LIMIT 6 [ RunTime:0.001070s ]
[ sql ] [ SQL ] SELECT * FROM `blog_cate` ORDER BY `cate_sort` DESC [ RunTime:0.000992s ]
[ sql ] [ SQL ] SHOW COLUMNS FROM `blog_tag` [ RunTime:0.002130s ]
[ sql ] [ SQL ] SELECT * FROM `blog_tag` [ RunTime:0.000982s ]
[ sql ] [ SQL ] SHOW COLUMNS FROM `blog_article` [ RunTime:0.001850s ]
[ sql ] [ SQL ] SELECT `arc_id`,`arc_title` FROM `blog_article` ORDER BY `sendtime` DESC [ RunTime:0.202933s ]
[ sql ] [ SQL ] SHOW COLUMNS FROM `blog_link` [ RunTime:0.001497s ]
[ sql ] [ SQL ] SELECT * FROM `blog_link` ORDER BY `link_sort` DESC [ RunTime:0.000944s ]
[ sql ] [ SQL ] SELECT COUNT(*) AS tp_count FROM `blog_article` `a` INNER JOIN `blog_cate` `c` ON `a`.`cate_id`=`c`.`cate_id` WHERE  `a`.`is_recycle` = 2 LIMIT 1 [ RunTime:0.001589s ]
[ sql ] [ SQL ] SELECT * FROM `blog_article` `a` INNER JOIN `blog_cate` `c` ON `a`.`cate_id`=`c`.`cate_id` WHERE  `a`.`is_recycle` = 2 ORDER BY `sendtime` DESC LIMIT 0,8 [ RunTime:1.262141s ]
[ sql ] [ SQL ] SHOW COLUMNS FROM `blog_arc_tag` [ RunTime:0.001560s ]
[ sql ] [ SQL ] SELECT `t`.`tag_id`,`t`.`tag_name` FROM `blog_arc_tag` `at` INNER JOIN `blog_tag` `t` ON `at`.`tag_id`=`t`.`tag_id` WHERE  `at`.`arc_id` = 104 [ RunTime:0.001084s ]
[ sql ] [ SQL ] SELECT `t`.`tag_id`,`t`.`tag_name` FROM `blog_arc_tag` `at` INNER JOIN `blog_tag` `t` ON `at`.`tag_id`=`t`.`tag_id` WHERE  `at`.`arc_id` = 108 [ RunTime:0.000969s ]
[ sql ] [ SQL ] SELECT `t`.`tag_id`,`t`.`tag_name` FROM `blog_arc_tag` `at` INNER JOIN `blog_tag` `t` ON `at`.`tag_id`=`t`.`tag_id` WHERE  `at`.`arc_id` = 113 [ RunTime:0.000920s ]
[ sql ] [ SQL ] SELECT `t`.`tag_id`,`t`.`tag_name` FROM `blog_arc_tag` `at` INNER JOIN `blog_tag` `t` ON `at`.`tag_id`=`t`.`tag_id` WHERE  `at`.`arc_id` = 131 [ RunTime:0.000911s ]
[ sql ] [ SQL ] SELECT `t`.`tag_id`,`t`.`tag_name` FROM `blog_arc_tag` `at` INNER JOIN `blog_tag` `t` ON `at`.`tag_id`=`t`.`tag_id` WHERE  `at`.`arc_id` = 103 [ RunTime:0.000966s ]
[ sql ] [ SQL ] SELECT `t`.`tag_id`,`t`.`tag_name` FROM `blog_arc_tag` `at` INNER JOIN `blog_tag` `t` ON `at`.`tag_id`=`t`.`tag_id` WHERE  `at`.`arc_id` = 107 [ RunTime:0.000949s ]
[ sql ] [ SQL ] SELECT `t`.`tag_id`,`t`.`tag_name` FROM `blog_arc_tag` `at` INNER JOIN `blog_tag` `t` ON `at`.`tag_id`=`t`.`tag_id` WHERE  `at`.`arc_id` = 112 [ RunTime:0.000922s ]
[ sql ] [ SQL ] SELECT `t`.`tag_id`,`t`.`tag_name` FROM `blog_arc_tag` `at` INNER JOIN `blog_tag` `t` ON `at`.`tag_id`=`t`.`tag_id` WHERE  `at`.`arc_id` = 114 [ RunTime:0.001181s ]
---------------------------------------------------------------
[ 2019-04-13T09:06:50+08:00 ] 180.163.220.66 GET blog.taotaifu.cn/c/44.html
[运行时间：14.540048s] [吞吐率：0.07req/s] [内存消耗：3,085.70kb] [文件加载：56]
[ info ] [ LANG ] /www/wwwroot/blog_taotaifu_cn/thinkphp/lang/zh-cn.php
[ info ] [ ROUTE ] array (
  'type' => 'module',
  'module' => 
  array (
    0 => 'index',
    1 => 'lists',
    2 => 'index',
  ),
  'convert' => false,
)
[ info ] [ HEADER ] array (
  'accept-encoding' => 'gzip, deflate',
  'accept' => 'text/html,application/xhtml+xml,application/xml;q=0.9,image/webp,image/apng,*/*;q=0.8',
  'upgrade-insecure-requests' => '1',
  'user-agent' => 'Mozilla/5.0 (iPhone; CPU iPhone OS 11_0 like Mac OS X) AppleWebKit/604.1.38 (KHTML, like Gecko) Version/11.0 Mobile/15A372 Safari/604.1',
  'connection' => 'keep-alive',
  'host' => 'blog.taotaifu.cn',
  'content-type' => '',
  'content-length' => '',
)
[ info ] [ PARAM ] array (
  'cate_id' => '44',
)
[ info ] [ DB ] INIT mysql
[ info ] [ RUN ] app\index\controller\Lists->index[ /www/wwwroot/blog_taotaifu_cn/application/index/controller/Lists.php ]
[ info ] [ VIEW ] /www/wwwroot/blog_taotaifu_cn/public/../application/index/view/lists/index.html [ array (
  0 => '_webset',
  1 => '_cateData',
  2 => '_allCateData',
  3 => '_tagData',
  4 => '_articleData',
  5 => '_linkData',
  6 => 'headConf',
  7 => 'headData',
  8 => 'articleData',
) ]
[ info ] [ LOG ] INIT File
[ sql ] [ DB ] CONNECT:[ UseTime:0.001360s ] mysql:host=188.131.144.216;port=3306;dbname=blog_taotaifu_cn;charset=utf8
[ sql ] [ SQL ] SHOW COLUMNS FROM `blog_webset` [ RunTime:0.001257s ]
[ sql ] [ SQL ] SELECT `webset_name`,`webset_value` FROM `blog_webset` [ RunTime:0.000796s ]
[ sql ] [ SQL ] SHOW COLUMNS FROM `blog_cate` [ RunTime:0.001259s ]
[ sql ] [ SQL ] SELECT * FROM `blog_cate` WHERE  `cate_pid` = 0 ORDER BY `cate_sort` DESC LIMIT 6 [ RunTime:0.000934s ]
[ sql ] [ SQL ] SELECT * FROM `blog_cate` ORDER BY `cate_sort` DESC [ RunTime:0.000903s ]
[ sql ] [ SQL ] SHOW COLUMNS FROM `blog_tag` [ RunTime:0.001268s ]
[ sql ] [ SQL ] SELECT * FROM `blog_tag` [ RunTime:0.000959s ]
[ sql ] [ SQL ] SHOW COLUMNS FROM `blog_article` [ RunTime:0.001370s ]
[ sql ] [ SQL ] SELECT `arc_id`,`arc_title` FROM `blog_article` ORDER BY `sendtime` DESC [ RunTime:0.002797s ]
[ sql ] [ SQL ] SHOW COLUMNS FROM `blog_link` [ RunTime:0.001280s ]
[ sql ] [ SQL ] SELECT * FROM `blog_link` ORDER BY `link_sort` DESC [ RunTime:0.000866s ]
[ sql ] [ SQL ] SELECT * FROM `blog_cate` [ RunTime:0.001030s ]
[ sql ] [ SQL ] SELECT `cate_name` FROM `blog_cate` WHERE  `cate_id` = 44 LIMIT 1 [ RunTime:0.000951s ]
[ sql ] [ SQL ] SELECT COUNT(*) AS tp_count FROM `blog_article` WHERE  `cate_id` IN (50,52,65,44) LIMIT 1 [ RunTime:0.000893s ]
[ sql ] [ SQL ] SELECT * FROM `blog_article` `a` INNER JOIN `blog_cate` `c` ON `a`.`cate_id`=`c`.`cate_id` WHERE  `a`.`is_recycle` = 2  AND `a`.`cate_id` IN (50,52,65,'44') [ RunTime:13.439384s ]
[ sql ] [ SQL ] SHOW COLUMNS FROM `blog_arc_tag` [ RunTime:0.001331s ]
[ sql ] [ SQL ] SELECT `t`.`tag_id`,`t`.`tag_name` FROM `blog_arc_tag` `at` INNER JOIN `blog_tag` `t` ON `at`.`tag_id`=`t`.`tag_id` WHERE  `at`.`arc_id` = 110 LIMIT 5 [ RunTime:0.001018s ]
[ sql ] [ SQL ] SELECT `t`.`tag_id`,`t`.`tag_name` FROM `blog_arc_tag` `at` INNER JOIN `blog_tag` `t` ON `at`.`tag_id`=`t`.`tag_id` WHERE  `at`.`arc_id` = 142 LIMIT 5 [ RunTime:0.000952s ]
[ sql ] [ SQL ] SELECT `t`.`tag_id`,`t`.`tag_name` FROM `blog_arc_tag` `at` INNER JOIN `blog_tag` `t` ON `at`.`tag_id`=`t`.`tag_id` WHERE  `at`.`arc_id` = 143 LIMIT 5 [ RunTime:0.205160s ]
[ sql ] [ SQL ] SELECT `t`.`tag_id`,`t`.`tag_name` FROM `blog_arc_tag` `at` INNER JOIN `blog_tag` `t` ON `at`.`tag_id`=`t`.`tag_id` WHERE  `at`.`arc_id` = 162 LIMIT 5 [ RunTime:0.000964s ]
[ sql ] [ SQL ] SELECT `t`.`tag_id`,`t`.`tag_name` FROM `blog_arc_tag` `at` INNER JOIN `blog_tag` `t` ON `at`.`tag_id`=`t`.`tag_id` WHERE  `at`.`arc_id` = 109 LIMIT 5 [ RunTime:0.000852s ]
[ sql ] [ SQL ] SELECT `t`.`tag_id`,`t`.`tag_name` FROM `blog_arc_tag` `at` INNER JOIN `blog_tag` `t` ON `at`.`tag_id`=`t`.`tag_id` WHERE  `at`.`arc_id` = 133 LIMIT 5 [ RunTime:0.204769s ]
[ sql ] [ SQL ] SELECT `t`.`tag_id`,`t`.`tag_name` FROM `blog_arc_tag` `at` INNER JOIN `blog_tag` `t` ON `at`.`tag_id`=`t`.`tag_id` WHERE  `at`.`arc_id` = 134 LIMIT 5 [ RunTime:0.001305s ]
[ sql ] [ SQL ] SELECT `t`.`tag_id`,`t`.`tag_name` FROM `blog_arc_tag` `at` INNER JOIN `blog_tag` `t` ON `at`.`tag_id`=`t`.`tag_id` WHERE  `at`.`arc_id` = 135 LIMIT 5 [ RunTime:0.202084s ]
[ sql ] [ SQL ] SELECT `t`.`tag_id`,`t`.`tag_name` FROM `blog_arc_tag` `at` INNER JOIN `blog_tag` `t` ON `at`.`tag_id`=`t`.`tag_id` WHERE  `at`.`arc_id` = 136 LIMIT 5 [ RunTime:0.001012s ]
[ sql ] [ SQL ] SELECT `t`.`tag_id`,`t`.`tag_name` FROM `blog_arc_tag` `at` INNER JOIN `blog_tag` `t` ON `at`.`tag_id`=`t`.`tag_id` WHERE  `at`.`arc_id` = 137 LIMIT 5 [ RunTime:0.001079s ]
[ sql ] [ SQL ] SELECT `t`.`tag_id`,`t`.`tag_name` FROM `blog_arc_tag` `at` INNER JOIN `blog_tag` `t` ON `at`.`tag_id`=`t`.`tag_id` WHERE  `at`.`arc_id` = 138 LIMIT 5 [ RunTime:0.001086s ]
[ sql ] [ SQL ] SELECT `t`.`tag_id`,`t`.`tag_name` FROM `blog_arc_tag` `at` INNER JOIN `blog_tag` `t` ON `at`.`tag_id`=`t`.`tag_id` WHERE  `at`.`arc_id` = 139 LIMIT 5 [ RunTime:0.001037s ]
[ sql ] [ SQL ] SELECT `t`.`tag_id`,`t`.`tag_name` FROM `blog_arc_tag` `at` INNER JOIN `blog_tag` `t` ON `at`.`tag_id`=`t`.`tag_id` WHERE  `at`.`arc_id` = 140 LIMIT 5 [ RunTime:0.001018s ]
[ sql ] [ SQL ] SELECT `t`.`tag_id`,`t`.`tag_name` FROM `blog_arc_tag` `at` INNER JOIN `blog_tag` `t` ON `at`.`tag_id`=`t`.`tag_id` WHERE  `at`.`arc_id` = 141 LIMIT 5 [ RunTime:0.001015s ]
[ sql ] [ SQL ] SELECT `t`.`tag_id`,`t`.`tag_name` FROM `blog_arc_tag` `at` INNER JOIN `blog_tag` `t` ON `at`.`tag_id`=`t`.`tag_id` WHERE  `at`.`arc_id` = 160 LIMIT 5 [ RunTime:0.000996s ]
[ sql ] [ SQL ] SELECT `t`.`tag_id`,`t`.`tag_name` FROM `blog_arc_tag` `at` INNER JOIN `blog_tag` `t` ON `at`.`tag_id`=`t`.`tag_id` WHERE  `at`.`arc_id` = 105 LIMIT 5 [ RunTime:0.000985s ]
[ sql ] [ SQL ] SELECT `t`.`tag_id`,`t`.`tag_name` FROM `blog_arc_tag` `at` INNER JOIN `blog_tag` `t` ON `at`.`tag_id`=`t`.`tag_id` WHERE  `at`.`arc_id` = 149 LIMIT 5 [ RunTime:0.000893s ]
[ sql ] [ SQL ] SELECT `t`.`tag_id`,`t`.`tag_name` FROM `blog_arc_tag` `at` INNER JOIN `blog_tag` `t` ON `at`.`tag_id`=`t`.`tag_id` WHERE  `at`.`arc_id` = 153 LIMIT 5 [ RunTime:0.000903s ]
[ sql ] [ SQL ] SELECT `t`.`tag_id`,`t`.`tag_name` FROM `blog_arc_tag` `at` INNER JOIN `blog_tag` `t` ON `at`.`tag_id`=`t`.`tag_id` WHERE  `at`.`arc_id` = 154 LIMIT 5 [ RunTime:0.000900s ]
[ sql ] [ SQL ] SELECT `t`.`tag_id`,`t`.`tag_name` FROM `blog_arc_tag` `at` INNER JOIN `blog_tag` `t` ON `at`.`tag_id`=`t`.`tag_id` WHERE  `at`.`arc_id` = 155 LIMIT 5 [ RunTime:0.000914s ]
[ sql ] [ SQL ] SELECT `t`.`tag_id`,`t`.`tag_name` FROM `blog_arc_tag` `at` INNER JOIN `blog_tag` `t` ON `at`.`tag_id`=`t`.`tag_id` WHERE  `at`.`arc_id` = 159 LIMIT 5 [ RunTime:0.205457s ]
[ sql ] [ SQL ] SELECT `t`.`tag_id`,`t`.`tag_name` FROM `blog_arc_tag` `at` INNER JOIN `blog_tag` `t` ON `at`.`tag_id`=`t`.`tag_id` WHERE  `at`.`arc_id` = 161 LIMIT 5 [ RunTime:0.001118s ]
[ sql ] [ SQL ] SELECT `t`.`tag_id`,`t`.`tag_name` FROM `blog_arc_tag` `at` INNER JOIN `blog_tag` `t` ON `at`.`tag_id`=`t`.`tag_id` WHERE  `at`.`arc_id` = 156 LIMIT 5 [ RunTime:0.205185s ]
[ sql ] [ SQL ] SELECT `t`.`tag_id`,`t`.`tag_name` FROM `blog_arc_tag` `at` INNER JOIN `blog_tag` `t` ON `at`.`tag_id`=`t`.`tag_id` WHERE  `at`.`arc_id` = 157 LIMIT 5 [ RunTime:0.000976s ]
[ sql ] [ SQL ] SELECT `t`.`tag_id`,`t`.`tag_name` FROM `blog_arc_tag` `at` INNER JOIN `blog_tag` `t` ON `at`.`tag_id`=`t`.`tag_id` WHERE  `at`.`arc_id` = 158 LIMIT 5 [ RunTime:0.000864s ]
---------------------------------------------------------------
[ 2019-04-13T09:06:51+08:00 ] 115.171.21.49 GET blog.taotaifu.cn/w/162.html
[运行时间：5.175110s] [吞吐率：0.19req/s] [内存消耗：2,291.76kb] [文件加载：55]
[ info ] [ LANG ] /www/wwwroot/blog_taotaifu_cn/thinkphp/lang/zh-cn.php
[ info ] [ ROUTE ] array (
  'type' => 'module',
  'module' => 
  array (
    0 => 'index',
    1 => 'content',
    2 => 'index',
  ),
  'convert' => false,
)
[ info ] [ HEADER ] array (
  'cookie' => 'UM_distinctid=169d45376c090-0ac13c65c8f1dc-7a1437-13c680-169d45376c1473; pgv_pvi=9352026112; PHPSESSID=9gbfar72o437b621821n4dtjj3; CNZZDATA1261722476=1515814878-1554043804-%7C1555117454; Hm_lvt_b393d153aeb26b46e9431fabaf0f6190=1554357889,1554778284,1554808573,1555117459; Hm_lpvt_b393d153aeb26b46e9431fabaf0f6190=1555117576; Hm_lvt_bfc6c23974fbad0bbfed25f88a973fb0=1554867257,1554966370,1554973689,1555117576; Hm_lpvt_bfc6c23974fbad0bbfed25f88a973fb0=1555117576; thinkphp_show_page_trace=0|0',
  'accept-language' => 'zh-CN,zh;q=0.9,en;q=0.8',
  'accept-encoding' => 'gzip, deflate',
  'referer' => 'http://blog.taotaifu.cn/c/44.html',
  'accept' => 'text/html,application/xhtml+xml,application/xml;q=0.9,image/webp,image/apng,*/*;q=0.8,application/signed-exchange;v=b3',
  'user-agent' => 'Mozilla/5.0 (Windows NT 10.0; Win64; x64) AppleWebKit/537.36 (KHTML, like Gecko) Chrome/73.0.3683.86 Safari/537.36',
  'upgrade-insecure-requests' => '1',
  'connection' => 'keep-alive',
  'host' => 'blog.taotaifu.cn',
  'content-type' => '',
  'content-length' => '',
)
[ info ] [ PARAM ] array (
  'arc_id' => '162',
)
[ info ] [ DB ] INIT mysql
[ info ] [ RUN ] app\index\controller\Content->index[ /www/wwwroot/blog_taotaifu_cn/application/index/controller/Content.php ]
[ info ] [ CACHE ] INIT File
[ info ] [ VIEW ] /www/wwwroot/blog_taotaifu_cn/public/../application/index/view/content/index.html [ array (
  0 => '_webset',
  1 => '_cateData',
  2 => '_allCateData',
  3 => '_tagData',
  4 => '_articleData',
  5 => '_linkData',
  6 => 'headConf',
  7 => 'articleData',
) ]
[ info ] [ LOG ] INIT File
[ sql ] [ DB ] CONNECT:[ UseTime:0.001344s ] mysql:host=188.131.144.216;port=3306;dbname=blog_taotaifu_cn;charset=utf8
[ sql ] [ SQL ] SHOW COLUMNS FROM `blog_webset` [ RunTime:0.205546s ]
[ sql ] [ SQL ] SELECT `webset_name`,`webset_value` FROM `blog_webset` [ RunTime:0.205301s ]
[ sql ] [ SQL ] SHOW COLUMNS FROM `blog_cate` [ RunTime:0.001332s ]
[ sql ] [ SQL ] SELECT * FROM `blog_cate` WHERE  `cate_pid` = 0 ORDER BY `cate_sort` DESC LIMIT 6 [ RunTime:0.001165s ]
[ sql ] [ SQL ] SELECT * FROM `blog_cate` ORDER BY `cate_sort` DESC [ RunTime:0.001032s ]
[ sql ] [ SQL ] SHOW COLUMNS FROM `blog_tag` [ RunTime:0.203379s ]
[ sql ] [ SQL ] SELECT * FROM `blog_tag` [ RunTime:0.001006s ]
[ sql ] [ SQL ] SHOW COLUMNS FROM `blog_article` [ RunTime:0.001287s ]
[ sql ] [ SQL ] SELECT `arc_id`,`arc_title` FROM `blog_article` ORDER BY `sendtime` DESC [ RunTime:0.203129s ]
[ sql ] [ SQL ] SHOW COLUMNS FROM `blog_link` [ RunTime:0.001375s ]
[ sql ] [ SQL ] SELECT * FROM `blog_link` ORDER BY `link_sort` DESC [ RunTime:0.201403s ]
[ sql ] [ SQL ] UPDATE `blog_article`  SET `arc_click`=`arc_click`+1  WHERE  `arc_id` = 162 [ RunTime:1.185193s ]
[ sql ] [ SQL ] SELECT `arc_id`,`arc_title`,`arc_author`,`arc_content`,`sendtime` FROM `blog_article` WHERE  `arc_id` = 162 LIMIT 1 [ RunTime:0.850233s ]
[ sql ] [ SQL ] SHOW COLUMNS FROM `blog_arc_tag` [ RunTime:0.001994s ]
[ sql ] [ SQL ] SELECT `t`.`tag_id`,`t`.`tag_name` FROM `blog_arc_tag` `at` INNER JOIN `blog_tag` `t` ON `at`.`tag_id`=`t`.`tag_id` WHERE  `at`.`arc_id` = 162 LIMIT 3 [ RunTime:0.001260s ]
[ sql ] [ SQL ] SELECT * FROM `blog_article` WHERE  `arc_id` = 162 LIMIT 1 [ RunTime:2.078517s ]
---------------------------------------------------------------
[ 2019-04-13T09:07:07+08:00 ] 180.163.220.5 GET blog.taotaifu.cn/w/162.html
[运行时间：0.067605s] [吞吐率：14.79req/s] [内存消耗：2,285.98kb] [文件加载：55]
[ info ] [ LANG ] /www/wwwroot/blog_taotaifu_cn/thinkphp/lang/zh-cn.php
[ info ] [ ROUTE ] array (
  'type' => 'module',
  'module' => 
  array (
    0 => 'index',
    1 => 'content',
    2 => 'index',
  ),
  'convert' => false,
)
[ info ] [ HEADER ] array (
  'accept-encoding' => 'gzip, deflate',
  'accept' => 'text/html,application/xhtml+xml,application/xml;q=0.9,image/webp,image/apng,*/*;q=0.8',
  'upgrade-insecure-requests' => '1',
  'user-agent' => 'Mozilla/5.0 (iPhone; CPU iPhone OS 11_0 like Mac OS X) AppleWebKit/604.1.38 (KHTML, like Gecko) Version/11.0 Mobile/15A372 Safari/604.1',
  'connection' => 'keep-alive',
  'host' => 'blog.taotaifu.cn',
  'content-type' => '',
  'content-length' => '',
)
[ info ] [ PARAM ] array (
  'arc_id' => '162',
)
[ info ] [ DB ] INIT mysql
[ info ] [ RUN ] app\index\controller\Content->index[ /www/wwwroot/blog_taotaifu_cn/application/index/controller/Content.php ]
[ info ] [ CACHE ] INIT File
[ info ] [ VIEW ] /www/wwwroot/blog_taotaifu_cn/public/../application/index/view/content/index.html [ array (
  0 => '_webset',
  1 => '_cateData',
  2 => '_allCateData',
  3 => '_tagData',
  4 => '_articleData',
  5 => '_linkData',
  6 => 'headConf',
  7 => 'articleData',
) ]
[ info ] [ LOG ] INIT File
[ sql ] [ DB ] CONNECT:[ UseTime:0.001564s ] mysql:host=188.131.144.216;port=3306;dbname=blog_taotaifu_cn;charset=utf8
[ sql ] [ SQL ] SHOW COLUMNS FROM `blog_webset` [ RunTime:0.001602s ]
[ sql ] [ SQL ] SELECT `webset_name`,`webset_value` FROM `blog_webset` [ RunTime:0.001002s ]
[ sql ] [ SQL ] SHOW COLUMNS FROM `blog_cate` [ RunTime:0.001328s ]
[ sql ] [ SQL ] SELECT * FROM `blog_cate` WHERE  `cate_pid` = 0 ORDER BY `cate_sort` DESC LIMIT 6 [ RunTime:0.001034s ]
[ sql ] [ SQL ] SELECT * FROM `blog_cate` ORDER BY `cate_sort` DESC [ RunTime:0.001160s ]
[ sql ] [ SQL ] SHOW COLUMNS FROM `blog_tag` [ RunTime:0.001427s ]
[ sql ] [ SQL ] SELECT * FROM `blog_tag` [ RunTime:0.000894s ]
[ sql ] [ SQL ] SHOW COLUMNS FROM `blog_article` [ RunTime:0.002492s ]
[ sql ] [ SQL ] SELECT `arc_id`,`arc_title` FROM `blog_article` ORDER BY `sendtime` DESC [ RunTime:0.001819s ]
[ sql ] [ SQL ] SHOW COLUMNS FROM `blog_link` [ RunTime:0.001434s ]
[ sql ] [ SQL ] SELECT * FROM `blog_link` ORDER BY `link_sort` DESC [ RunTime:0.000999s ]
[ sql ] [ SQL ] UPDATE `blog_article`  SET `arc_click`=`arc_click`+1  WHERE  `arc_id` = 162 [ RunTime:0.014181s ]
[ sql ] [ SQL ] SELECT `arc_id`,`arc_title`,`arc_author`,`arc_content`,`sendtime` FROM `blog_article` WHERE  `arc_id` = 162 LIMIT 1 [ RunTime:0.002019s ]
[ sql ] [ SQL ] SHOW COLUMNS FROM `blog_arc_tag` [ RunTime:0.001351s ]
[ sql ] [ SQL ] SELECT `t`.`tag_id`,`t`.`tag_name` FROM `blog_arc_tag` `at` INNER JOIN `blog_tag` `t` ON `at`.`tag_id`=`t`.`tag_id` WHERE  `at`.`arc_id` = 162 LIMIT 3 [ RunTime:0.001091s ]
[ sql ] [ SQL ] SELECT * FROM `blog_article` WHERE  `arc_id` = 162 LIMIT 1 [ RunTime:0.001154s ]
---------------------------------------------------------------
[ 2019-04-13T13:18:53+08:00 ] 58.251.121.185 GET blog.taotaifu.cn/c/44.html
[运行时间：3.488687s] [吞吐率：0.29req/s] [内存消耗：3,085.61kb] [文件加载：56]
[ info ] [ LANG ] /www/wwwroot/blog_taotaifu_cn/thinkphp/lang/zh-cn.php
[ info ] [ ROUTE ] array (
  'type' => 'module',
  'module' => 
  array (
    0 => 'index',
    1 => 'lists',
    2 => 'index',
  ),
  'convert' => false,
)
[ info ] [ HEADER ] array (
  'connection' => 'Close',
  'user-agent' => 'Mozilla/5.0 (iPhone; CPU iPhone OS 9_3_4 like Mac OS X) AppleWebKit/601.1.46 (KHTML, like Gecko) Mobile/13G35 QQ/6.5.3.410 V1_IPH_SQ_6.5.3_1_APP_A Pixel/750 Core/UIWebView NetType/2G Mem/117',
  'accept-language' => 'zh-cn',
  'accept' => '*/*',
  'accept-encoding' => 'deflate, gzip',
  'host' => 'blog.taotaifu.cn',
  'content-type' => '',
  'content-length' => '',
)
[ info ] [ PARAM ] array (
  'cate_id' => '44',
)
[ info ] [ DB ] INIT mysql
[ info ] [ RUN ] app\index\controller\Lists->index[ /www/wwwroot/blog_taotaifu_cn/application/index/controller/Lists.php ]
[ info ] [ VIEW ] /www/wwwroot/blog_taotaifu_cn/public/../application/index/view/lists/index.html [ array (
  0 => '_webset',
  1 => '_cateData',
  2 => '_allCateData',
  3 => '_tagData',
  4 => '_articleData',
  5 => '_linkData',
  6 => 'headConf',
  7 => 'headData',
  8 => 'articleData',
) ]
[ info ] [ LOG ] INIT File
[ sql ] [ DB ] CONNECT:[ UseTime:0.001456s ] mysql:host=188.131.144.216;port=3306;dbname=blog_taotaifu_cn;charset=utf8
[ sql ] [ SQL ] SHOW COLUMNS FROM `blog_webset` [ RunTime:0.001533s ]
[ sql ] [ SQL ] SELECT `webset_name`,`webset_value` FROM `blog_webset` [ RunTime:0.000818s ]
[ sql ] [ SQL ] SHOW COLUMNS FROM `blog_cate` [ RunTime:0.001163s ]
[ sql ] [ SQL ] SELECT * FROM `blog_cate` WHERE  `cate_pid` = 0 ORDER BY `cate_sort` DESC LIMIT 6 [ RunTime:0.000874s ]
[ sql ] [ SQL ] SELECT * FROM `blog_cate` ORDER BY `cate_sort` DESC [ RunTime:0.000914s ]
[ sql ] [ SQL ] SHOW COLUMNS FROM `blog_tag` [ RunTime:0.001191s ]
[ sql ] [ SQL ] SELECT * FROM `blog_tag` [ RunTime:0.000782s ]
[ sql ] [ SQL ] SHOW COLUMNS FROM `blog_article` [ RunTime:0.001115s ]
[ sql ] [ SQL ] SELECT `arc_id`,`arc_title` FROM `blog_article` ORDER BY `sendtime` DESC [ RunTime:0.001752s ]
[ sql ] [ SQL ] SHOW COLUMNS FROM `blog_link` [ RunTime:0.001240s ]
[ sql ] [ SQL ] SELECT * FROM `blog_link` ORDER BY `link_sort` DESC [ RunTime:0.001663s ]
[ sql ] [ SQL ] SELECT * FROM `blog_cate` [ RunTime:0.001003s ]
[ sql ] [ SQL ] SELECT `cate_name` FROM `blog_cate` WHERE  `cate_id` = 44 LIMIT 1 [ RunTime:0.000877s ]
[ sql ] [ SQL ] SELECT COUNT(*) AS tp_count FROM `blog_article` WHERE  `cate_id` IN (50,52,65,44) LIMIT 1 [ RunTime:0.000900s ]
[ sql ] [ SQL ] SELECT * FROM `blog_article` `a` INNER JOIN `blog_cate` `c` ON `a`.`cate_id`=`c`.`cate_id` WHERE  `a`.`is_recycle` = 2  AND `a`.`cate_id` IN (50,52,65,'44') [ RunTime:3.208388s ]
[ sql ] [ SQL ] SHOW COLUMNS FROM `blog_arc_tag` [ RunTime:0.202110s ]
[ sql ] [ SQL ] SELECT `t`.`tag_id`,`t`.`tag_name` FROM `blog_arc_tag` `at` INNER JOIN `blog_tag` `t` ON `at`.`tag_id`=`t`.`tag_id` WHERE  `at`.`arc_id` = 110 LIMIT 5 [ RunTime:0.001030s ]
[ sql ] [ SQL ] SELECT `t`.`tag_id`,`t`.`tag_name` FROM `blog_arc_tag` `at` INNER JOIN `blog_tag` `t` ON `at`.`tag_id`=`t`.`tag_id` WHERE  `at`.`arc_id` = 142 LIMIT 5 [ RunTime:0.000924s ]
[ sql ] [ SQL ] SELECT `t`.`tag_id`,`t`.`tag_name` FROM `blog_arc_tag` `at` INNER JOIN `blog_tag` `t` ON `at`.`tag_id`=`t`.`tag_id` WHERE  `at`.`arc_id` = 143 LIMIT 5 [ RunTime:0.000894s ]
[ sql ] [ SQL ] SELECT `t`.`tag_id`,`t`.`tag_name` FROM `blog_arc_tag` `at` INNER JOIN `blog_tag` `t` ON `at`.`tag_id`=`t`.`tag_id` WHERE  `at`.`arc_id` = 162 LIMIT 5 [ RunTime:0.000852s ]
[ sql ] [ SQL ] SELECT `t`.`tag_id`,`t`.`tag_name` FROM `blog_arc_tag` `at` INNER JOIN `blog_tag` `t` ON `at`.`tag_id`=`t`.`tag_id` WHERE  `at`.`arc_id` = 109 LIMIT 5 [ RunTime:0.000876s ]
[ sql ] [ SQL ] SELECT `t`.`tag_id`,`t`.`tag_name` FROM `blog_arc_tag` `at` INNER JOIN `blog_tag` `t` ON `at`.`tag_id`=`t`.`tag_id` WHERE  `at`.`arc_id` = 133 LIMIT 5 [ RunTime:0.001105s ]
[ sql ] [ SQL ] SELECT `t`.`tag_id`,`t`.`tag_name` FROM `blog_arc_tag` `at` INNER JOIN `blog_tag` `t` ON `at`.`tag_id`=`t`.`tag_id` WHERE  `at`.`arc_id` = 134 LIMIT 5 [ RunTime:0.000856s ]
[ sql ] [ SQL ] SELECT `t`.`tag_id`,`t`.`tag_name` FROM `blog_arc_tag` `at` INNER JOIN `blog_tag` `t` ON `at`.`tag_id`=`t`.`tag_id` WHERE  `at`.`arc_id` = 135 LIMIT 5 [ RunTime:0.000838s ]
[ sql ] [ SQL ] SELECT `t`.`tag_id`,`t`.`tag_name` FROM `blog_arc_tag` `at` INNER JOIN `blog_tag` `t` ON `at`.`tag_id`=`t`.`tag_id` WHERE  `at`.`arc_id` = 136 LIMIT 5 [ RunTime:0.000832s ]
[ sql ] [ SQL ] SELECT `t`.`tag_id`,`t`.`tag_name` FROM `blog_arc_tag` `at` INNER JOIN `blog_tag` `t` ON `at`.`tag_id`=`t`.`tag_id` WHERE  `at`.`arc_id` = 137 LIMIT 5 [ RunTime:0.000969s ]
[ sql ] [ SQL ] SELECT `t`.`tag_id`,`t`.`tag_name` FROM `blog_arc_tag` `at` INNER JOIN `blog_tag` `t` ON `at`.`tag_id`=`t`.`tag_id` WHERE  `at`.`arc_id` = 138 LIMIT 5 [ RunTime:0.000952s ]
[ sql ] [ SQL ] SELECT `t`.`tag_id`,`t`.`tag_name` FROM `blog_arc_tag` `at` INNER JOIN `blog_tag` `t` ON `at`.`tag_id`=`t`.`tag_id` WHERE  `at`.`arc_id` = 139 LIMIT 5 [ RunTime:0.001067s ]
[ sql ] [ SQL ] SELECT `t`.`tag_id`,`t`.`tag_name` FROM `blog_arc_tag` `at` INNER JOIN `blog_tag` `t` ON `at`.`tag_id`=`t`.`tag_id` WHERE  `at`.`arc_id` = 140 LIMIT 5 [ RunTime:0.001091s ]
[ sql ] [ SQL ] SELECT `t`.`tag_id`,`t`.`tag_name` FROM `blog_arc_tag` `at` INNER JOIN `blog_tag` `t` ON `at`.`tag_id`=`t`.`tag_id` WHERE  `at`.`arc_id` = 141 LIMIT 5 [ RunTime:0.000901s ]
[ sql ] [ SQL ] SELECT `t`.`tag_id`,`t`.`tag_name` FROM `blog_arc_tag` `at` INNER JOIN `blog_tag` `t` ON `at`.`tag_id`=`t`.`tag_id` WHERE  `at`.`arc_id` = 160 LIMIT 5 [ RunTime:0.000852s ]
[ sql ] [ SQL ] SELECT `t`.`tag_id`,`t`.`tag_name` FROM `blog_arc_tag` `at` INNER JOIN `blog_tag` `t` ON `at`.`tag_id`=`t`.`tag_id` WHERE  `at`.`arc_id` = 105 LIMIT 5 [ RunTime:0.000889s ]
[ sql ] [ SQL ] SELECT `t`.`tag_id`,`t`.`tag_name` FROM `blog_arc_tag` `at` INNER JOIN `blog_tag` `t` ON `at`.`tag_id`=`t`.`tag_id` WHERE  `at`.`arc_id` = 149 LIMIT 5 [ RunTime:0.000882s ]
[ sql ] [ SQL ] SELECT `t`.`tag_id`,`t`.`tag_name` FROM `blog_arc_tag` `at` INNER JOIN `blog_tag` `t` ON `at`.`tag_id`=`t`.`tag_id` WHERE  `at`.`arc_id` = 153 LIMIT 5 [ RunTime:0.000873s ]
[ sql ] [ SQL ] SELECT `t`.`tag_id`,`t`.`tag_name` FROM `blog_arc_tag` `at` INNER JOIN `blog_tag` `t` ON `at`.`tag_id`=`t`.`tag_id` WHERE  `at`.`arc_id` = 154 LIMIT 5 [ RunTime:0.001043s ]
[ sql ] [ SQL ] SELECT `t`.`tag_id`,`t`.`tag_name` FROM `blog_arc_tag` `at` INNER JOIN `blog_tag` `t` ON `at`.`tag_id`=`t`.`tag_id` WHERE  `at`.`arc_id` = 155 LIMIT 5 [ RunTime:0.000876s ]
[ sql ] [ SQL ] SELECT `t`.`tag_id`,`t`.`tag_name` FROM `blog_arc_tag` `at` INNER JOIN `blog_tag` `t` ON `at`.`tag_id`=`t`.`tag_id` WHERE  `at`.`arc_id` = 159 LIMIT 5 [ RunTime:0.000879s ]
[ sql ] [ SQL ] SELECT `t`.`tag_id`,`t`.`tag_name` FROM `blog_arc_tag` `at` INNER JOIN `blog_tag` `t` ON `at`.`tag_id`=`t`.`tag_id` WHERE  `at`.`arc_id` = 161 LIMIT 5 [ RunTime:0.000865s ]
[ sql ] [ SQL ] SELECT `t`.`tag_id`,`t`.`tag_name` FROM `blog_arc_tag` `at` INNER JOIN `blog_tag` `t` ON `at`.`tag_id`=`t`.`tag_id` WHERE  `at`.`arc_id` = 156 LIMIT 5 [ RunTime:0.000984s ]
[ sql ] [ SQL ] SELECT `t`.`tag_id`,`t`.`tag_name` FROM `blog_arc_tag` `at` INNER JOIN `blog_tag` `t` ON `at`.`tag_id`=`t`.`tag_id` WHERE  `at`.`arc_id` = 157 LIMIT 5 [ RunTime:0.000981s ]
[ sql ] [ SQL ] SELECT `t`.`tag_id`,`t`.`tag_name` FROM `blog_arc_tag` `at` INNER JOIN `blog_tag` `t` ON `at`.`tag_id`=`t`.`tag_id` WHERE  `at`.`arc_id` = 158 LIMIT 5 [ RunTime:0.000892s ]
