---------------------------------------------------------------
[ 2019-04-29T02:18:05+08:00 ] 42.120.160.114 GET blog.taotaifu.cn/t/33.html
[运行时间：1.336215s] [吞吐率：0.75req/s] [内存消耗：2,605.84kb] [文件加载：54]
[ info ] [ LANG ] /www/wwwroot/blog_taotaifu_cn/thinkphp/lang/zh-cn.php
[ info ] [ ROUTE ] array (
  'type' => 'module',
  'module' => 
  array (
    0 => 'index',
    1 => 'lists',
    2 => 'index',
  ),
  'convert' => false,
)
[ info ] [ HEADER ] array (
  'connection' => 'close',
  'user-agent' => 'Mozilla/5.0 (Windows NT 6.1; Win64; x64) AppleWebKit/537.36 (KHTML, like Gecko) Chrome/69.0.3497.81 YisouSpider/5.0 Safari/537.36',
  'upgrade-insecure-requests' => '1',
  'host' => 'blog.taotaifu.cn',
  'accept-encoding' => 'gzip, deflate',
  'accept' => 'text/html,application/xhtml+xml,application/xml;q=0.9,image/webp,image/apng,*/*;q=0.8',
  'content-type' => '',
  'content-length' => '',
)
[ info ] [ PARAM ] array (
  'tag_id' => '33',
)
[ info ] [ DB ] INIT mysql
[ info ] [ RUN ] app\index\controller\Lists->index[ /www/wwwroot/blog_taotaifu_cn/application/index/controller/Lists.php ]
[ info ] [ VIEW ] /www/wwwroot/blog_taotaifu_cn/public/../application/index/view/lists/index.html [ array (
  0 => '_webset',
  1 => '_cateData',
  2 => '_allCateData',
  3 => '_tagData',
  4 => '_articleData',
  5 => '_linkData',
  6 => 'headConf',
  7 => 'headData',
  8 => 'articleData',
) ]
[ info ] [ LOG ] INIT File
[ sql ] [ DB ] CONNECT:[ UseTime:0.001453s ] mysql:host=188.131.144.216;port=3306;dbname=blog_taotaifu_cn;charset=utf8
[ sql ] [ SQL ] SHOW COLUMNS FROM `blog_webset` [ RunTime:0.001397s ]
[ sql ] [ SQL ] SELECT `webset_name`,`webset_value` FROM `blog_webset` [ RunTime:0.000860s ]
[ sql ] [ SQL ] SHOW COLUMNS FROM `blog_cate` [ RunTime:0.001362s ]
[ sql ] [ SQL ] SELECT * FROM `blog_cate` WHERE  `cate_pid` = 0 ORDER BY `cate_sort` DESC LIMIT 6 [ RunTime:0.001015s ]
[ sql ] [ SQL ] SELECT * FROM `blog_cate` ORDER BY `cate_sort` DESC [ RunTime:0.000952s ]
[ sql ] [ SQL ] SHOW COLUMNS FROM `blog_tag` [ RunTime:0.001199s ]
[ sql ] [ SQL ] SELECT * FROM `blog_tag` [ RunTime:0.000935s ]
[ sql ] [ SQL ] SHOW COLUMNS FROM `blog_article` [ RunTime:0.001260s ]
[ sql ] [ SQL ] SELECT `arc_id`,`arc_title` FROM `blog_article` ORDER BY `sendtime` DESC [ RunTime:0.001658s ]
[ sql ] [ SQL ] SHOW COLUMNS FROM `blog_link` [ RunTime:0.001256s ]
[ sql ] [ SQL ] SELECT * FROM `blog_link` ORDER BY `link_sort` DESC [ RunTime:0.000923s ]
[ sql ] [ SQL ] SELECT `tag_name` FROM `blog_tag` WHERE  `tag_id` = 33 LIMIT 1 [ RunTime:0.000907s ]
[ sql ] [ SQL ] SHOW COLUMNS FROM `blog_arc_tag` [ RunTime:0.001230s ]
[ sql ] [ SQL ] SELECT COUNT(*) AS tp_count FROM `blog_arc_tag` WHERE  `tag_id` = 33 LIMIT 1 [ RunTime:0.001126s ]
[ sql ] [ SQL ] SELECT * FROM `blog_article` `a` INNER JOIN `blog_arc_tag` `at` ON `a`.`arc_id`=`at`.`arc_id` INNER JOIN `blog_cate` `c` ON `a`.`cate_id`=`c`.`cate_id` WHERE  `a`.`is_recycle` = 2  AND `at`.`tag_id` = '33' [ RunTime:1.060055s ]
[ sql ] [ SQL ] SELECT `t`.`tag_id`,`t`.`tag_name` FROM `blog_arc_tag` `at` INNER JOIN `blog_tag` `t` ON `at`.`tag_id`=`t`.`tag_id` WHERE  `at`.`arc_id` = 105 LIMIT 5 [ RunTime:0.001166s ]
[ sql ] [ SQL ] SELECT `t`.`tag_id`,`t`.`tag_name` FROM `blog_arc_tag` `at` INNER JOIN `blog_tag` `t` ON `at`.`tag_id`=`t`.`tag_id` WHERE  `at`.`arc_id` = 103 LIMIT 5 [ RunTime:0.000944s ]
[ sql ] [ SQL ] SELECT `t`.`tag_id`,`t`.`tag_name` FROM `blog_arc_tag` `at` INNER JOIN `blog_tag` `t` ON `at`.`tag_id`=`t`.`tag_id` WHERE  `at`.`arc_id` = 108 LIMIT 5 [ RunTime:0.000899s ]
[ sql ] [ SQL ] SELECT `t`.`tag_id`,`t`.`tag_name` FROM `blog_arc_tag` `at` INNER JOIN `blog_tag` `t` ON `at`.`tag_id`=`t`.`tag_id` WHERE  `at`.`arc_id` = 110 LIMIT 5 [ RunTime:0.001085s ]
[ sql ] [ SQL ] SELECT `t`.`tag_id`,`t`.`tag_name` FROM `blog_arc_tag` `at` INNER JOIN `blog_tag` `t` ON `at`.`tag_id`=`t`.`tag_id` WHERE  `at`.`arc_id` = 111 LIMIT 5 [ RunTime:0.000924s ]
[ sql ] [ SQL ] SELECT `t`.`tag_id`,`t`.`tag_name` FROM `blog_arc_tag` `at` INNER JOIN `blog_tag` `t` ON `at`.`tag_id`=`t`.`tag_id` WHERE  `at`.`arc_id` = 116 LIMIT 5 [ RunTime:0.001069s ]
[ sql ] [ SQL ] SELECT `t`.`tag_id`,`t`.`tag_name` FROM `blog_arc_tag` `at` INNER JOIN `blog_tag` `t` ON `at`.`tag_id`=`t`.`tag_id` WHERE  `at`.`arc_id` = 117 LIMIT 5 [ RunTime:0.001001s ]
[ sql ] [ SQL ] SELECT `t`.`tag_id`,`t`.`tag_name` FROM `blog_arc_tag` `at` INNER JOIN `blog_tag` `t` ON `at`.`tag_id`=`t`.`tag_id` WHERE  `at`.`arc_id` = 118 LIMIT 5 [ RunTime:0.001058s ]
[ sql ] [ SQL ] SELECT `t`.`tag_id`,`t`.`tag_name` FROM `blog_arc_tag` `at` INNER JOIN `blog_tag` `t` ON `at`.`tag_id`=`t`.`tag_id` WHERE  `at`.`arc_id` = 120 LIMIT 5 [ RunTime:0.001007s ]
[ sql ] [ SQL ] SELECT `t`.`tag_id`,`t`.`tag_name` FROM `blog_arc_tag` `at` INNER JOIN `blog_tag` `t` ON `at`.`tag_id`=`t`.`tag_id` WHERE  `at`.`arc_id` = 121 LIMIT 5 [ RunTime:0.000909s ]
[ sql ] [ SQL ] SELECT `t`.`tag_id`,`t`.`tag_name` FROM `blog_arc_tag` `at` INNER JOIN `blog_tag` `t` ON `at`.`tag_id`=`t`.`tag_id` WHERE  `at`.`arc_id` = 122 LIMIT 5 [ RunTime:0.000912s ]
[ sql ] [ SQL ] SELECT `t`.`tag_id`,`t`.`tag_name` FROM `blog_arc_tag` `at` INNER JOIN `blog_tag` `t` ON `at`.`tag_id`=`t`.`tag_id` WHERE  `at`.`arc_id` = 123 LIMIT 5 [ RunTime:0.000871s ]
[ sql ] [ SQL ] SELECT `t`.`tag_id`,`t`.`tag_name` FROM `blog_arc_tag` `at` INNER JOIN `blog_tag` `t` ON `at`.`tag_id`=`t`.`tag_id` WHERE  `at`.`arc_id` = 124 LIMIT 5 [ RunTime:0.000908s ]
[ sql ] [ SQL ] SELECT `t`.`tag_id`,`t`.`tag_name` FROM `blog_arc_tag` `at` INNER JOIN `blog_tag` `t` ON `at`.`tag_id`=`t`.`tag_id` WHERE  `at`.`arc_id` = 125 LIMIT 5 [ RunTime:0.000891s ]
[ sql ] [ SQL ] SELECT `t`.`tag_id`,`t`.`tag_name` FROM `blog_arc_tag` `at` INNER JOIN `blog_tag` `t` ON `at`.`tag_id`=`t`.`tag_id` WHERE  `at`.`arc_id` = 126 LIMIT 5 [ RunTime:0.000858s ]
[ sql ] [ SQL ] SELECT `t`.`tag_id`,`t`.`tag_name` FROM `blog_arc_tag` `at` INNER JOIN `blog_tag` `t` ON `at`.`tag_id`=`t`.`tag_id` WHERE  `at`.`arc_id` = 127 LIMIT 5 [ RunTime:0.000961s ]
[ sql ] [ SQL ] SELECT `t`.`tag_id`,`t`.`tag_name` FROM `blog_arc_tag` `at` INNER JOIN `blog_tag` `t` ON `at`.`tag_id`=`t`.`tag_id` WHERE  `at`.`arc_id` = 128 LIMIT 5 [ RunTime:0.000854s ]
[ sql ] [ SQL ] SELECT `t`.`tag_id`,`t`.`tag_name` FROM `blog_arc_tag` `at` INNER JOIN `blog_tag` `t` ON `at`.`tag_id`=`t`.`tag_id` WHERE  `at`.`arc_id` = 134 LIMIT 5 [ RunTime:0.000875s ]
[ sql ] [ SQL ] SELECT `t`.`tag_id`,`t`.`tag_name` FROM `blog_arc_tag` `at` INNER JOIN `blog_tag` `t` ON `at`.`tag_id`=`t`.`tag_id` WHERE  `at`.`arc_id` = 145 LIMIT 5 [ RunTime:0.000941s ]
[ sql ] [ SQL ] SELECT `t`.`tag_id`,`t`.`tag_name` FROM `blog_arc_tag` `at` INNER JOIN `blog_tag` `t` ON `at`.`tag_id`=`t`.`tag_id` WHERE  `at`.`arc_id` = 150 LIMIT 5 [ RunTime:0.000862s ]
[ sql ] [ SQL ] SELECT `t`.`tag_id`,`t`.`tag_name` FROM `blog_arc_tag` `at` INNER JOIN `blog_tag` `t` ON `at`.`tag_id`=`t`.`tag_id` WHERE  `at`.`arc_id` = 154 LIMIT 5 [ RunTime:0.000910s ]
[ sql ] [ SQL ] SELECT `t`.`tag_id`,`t`.`tag_name` FROM `blog_arc_tag` `at` INNER JOIN `blog_tag` `t` ON `at`.`tag_id`=`t`.`tag_id` WHERE  `at`.`arc_id` = 156 LIMIT 5 [ RunTime:0.000931s ]
[ sql ] [ SQL ] SELECT `t`.`tag_id`,`t`.`tag_name` FROM `blog_arc_tag` `at` INNER JOIN `blog_tag` `t` ON `at`.`tag_id`=`t`.`tag_id` WHERE  `at`.`arc_id` = 157 LIMIT 5 [ RunTime:0.001003s ]
[ sql ] [ SQL ] SELECT `t`.`tag_id`,`t`.`tag_name` FROM `blog_arc_tag` `at` INNER JOIN `blog_tag` `t` ON `at`.`tag_id`=`t`.`tag_id` WHERE  `at`.`arc_id` = 158 LIMIT 5 [ RunTime:0.000902s ]
[ sql ] [ SQL ] SELECT `t`.`tag_id`,`t`.`tag_name` FROM `blog_arc_tag` `at` INNER JOIN `blog_tag` `t` ON `at`.`tag_id`=`t`.`tag_id` WHERE  `at`.`arc_id` = 161 LIMIT 5 [ RunTime:0.201350s ]
---------------------------------------------------------------
[ 2019-04-29T03:27:15+08:00 ] 106.11.153.57 GET blog.taotaifu.cn/c/48.html
[运行时间：0.048945s] [吞吐率：20.43req/s] [内存消耗：2,442.90kb] [文件加载：56]
[ info ] [ LANG ] /www/wwwroot/blog_taotaifu_cn/thinkphp/lang/zh-cn.php
[ info ] [ ROUTE ] array (
  'type' => 'module',
  'module' => 
  array (
    0 => 'index',
    1 => 'lists',
    2 => 'index',
  ),
  'convert' => false,
)
[ info ] [ HEADER ] array (
  'connection' => 'close',
  'user-agent' => 'Mozilla/5.0 (Windows NT 6.1; Win64; x64) AppleWebKit/537.36 (KHTML, like Gecko) Chrome/69.0.3497.81 YisouSpider/5.0 Safari/537.36',
  'upgrade-insecure-requests' => '1',
  'host' => 'blog.taotaifu.cn',
  'accept-encoding' => 'gzip, deflate',
  'accept' => 'text/html,application/xhtml+xml,application/xml;q=0.9,image/webp,image/apng,*/*;q=0.8',
  'content-type' => '',
  'content-length' => '',
)
[ info ] [ PARAM ] array (
  'cate_id' => '48',
)
[ info ] [ DB ] INIT mysql
[ info ] [ RUN ] app\index\controller\Lists->index[ /www/wwwroot/blog_taotaifu_cn/application/index/controller/Lists.php ]
[ info ] [ VIEW ] /www/wwwroot/blog_taotaifu_cn/public/../application/index/view/lists/index.html [ array (
  0 => '_webset',
  1 => '_cateData',
  2 => '_allCateData',
  3 => '_tagData',
  4 => '_articleData',
  5 => '_linkData',
  6 => 'headConf',
  7 => 'headData',
  8 => 'articleData',
) ]
[ info ] [ LOG ] INIT File
[ sql ] [ DB ] CONNECT:[ UseTime:0.001309s ] mysql:host=188.131.144.216;port=3306;dbname=blog_taotaifu_cn;charset=utf8
[ sql ] [ SQL ] SHOW COLUMNS FROM `blog_webset` [ RunTime:0.001245s ]
[ sql ] [ SQL ] SELECT `webset_name`,`webset_value` FROM `blog_webset` [ RunTime:0.000840s ]
[ sql ] [ SQL ] SHOW COLUMNS FROM `blog_cate` [ RunTime:0.001074s ]
[ sql ] [ SQL ] SELECT * FROM `blog_cate` WHERE  `cate_pid` = 0 ORDER BY `cate_sort` DESC LIMIT 6 [ RunTime:0.000856s ]
[ sql ] [ SQL ] SELECT * FROM `blog_cate` ORDER BY `cate_sort` DESC [ RunTime:0.000865s ]
[ sql ] [ SQL ] SHOW COLUMNS FROM `blog_tag` [ RunTime:0.001133s ]
[ sql ] [ SQL ] SELECT * FROM `blog_tag` [ RunTime:0.000718s ]
[ sql ] [ SQL ] SHOW COLUMNS FROM `blog_article` [ RunTime:0.001109s ]
[ sql ] [ SQL ] SELECT `arc_id`,`arc_title` FROM `blog_article` ORDER BY `sendtime` DESC [ RunTime:0.001535s ]
[ sql ] [ SQL ] SHOW COLUMNS FROM `blog_link` [ RunTime:0.001042s ]
[ sql ] [ SQL ] SELECT * FROM `blog_link` ORDER BY `link_sort` DESC [ RunTime:0.000757s ]
[ sql ] [ SQL ] SELECT * FROM `blog_cate` [ RunTime:0.001070s ]
[ sql ] [ SQL ] SELECT `cate_name` FROM `blog_cate` WHERE  `cate_id` = 48 LIMIT 1 [ RunTime:0.000773s ]
[ sql ] [ SQL ] SELECT COUNT(*) AS tp_count FROM `blog_article` WHERE  `cate_id` IN (48) LIMIT 1 [ RunTime:0.000769s ]
[ sql ] [ SQL ] SELECT * FROM `blog_article` `a` INNER JOIN `blog_cate` `c` ON `a`.`cate_id`=`c`.`cate_id` WHERE  `a`.`is_recycle` = 2  AND `a`.`cate_id` IN ('48') [ RunTime:0.000905s ]
---------------------------------------------------------------
[ 2019-04-29T05:15:27+08:00 ] 106.11.157.38 GET blog.taotaifu.cn/w/159.html
[运行时间：0.066327s] [吞吐率：15.08req/s] [内存消耗：2,273.90kb] [文件加载：55]
[ info ] [ LANG ] /www/wwwroot/blog_taotaifu_cn/thinkphp/lang/zh-cn.php
[ info ] [ ROUTE ] array (
  'type' => 'module',
  'module' => 
  array (
    0 => 'index',
    1 => 'content',
    2 => 'index',
  ),
  'convert' => false,
)
[ info ] [ HEADER ] array (
  'connection' => 'close',
  'user-agent' => 'Mozilla/5.0 (Windows NT 6.1; Win64; x64) AppleWebKit/537.36 (KHTML, like Gecko) Chrome/69.0.3497.81 YisouSpider/5.0 Safari/537.36',
  'upgrade-insecure-requests' => '1',
  'host' => 'blog.taotaifu.cn',
  'accept-encoding' => 'gzip, deflate',
  'accept' => 'text/html,application/xhtml+xml,application/xml;q=0.9,image/webp,image/apng,*/*;q=0.8',
  'content-type' => '',
  'content-length' => '',
)
[ info ] [ PARAM ] array (
  'arc_id' => '159',
)
[ info ] [ DB ] INIT mysql
[ info ] [ RUN ] app\index\controller\Content->index[ /www/wwwroot/blog_taotaifu_cn/application/index/controller/Content.php ]
[ info ] [ CACHE ] INIT File
[ info ] [ VIEW ] /www/wwwroot/blog_taotaifu_cn/public/../application/index/view/content/index.html [ array (
  0 => '_webset',
  1 => '_cateData',
  2 => '_allCateData',
  3 => '_tagData',
  4 => '_articleData',
  5 => '_linkData',
  6 => 'headConf',
  7 => 'articleData',
) ]
[ info ] [ LOG ] INIT File
[ sql ] [ DB ] CONNECT:[ UseTime:0.002356s ] mysql:host=188.131.144.216;port=3306;dbname=blog_taotaifu_cn;charset=utf8
[ sql ] [ SQL ] SHOW COLUMNS FROM `blog_webset` [ RunTime:0.001301s ]
[ sql ] [ SQL ] SELECT `webset_name`,`webset_value` FROM `blog_webset` [ RunTime:0.000825s ]
[ sql ] [ SQL ] SHOW COLUMNS FROM `blog_cate` [ RunTime:0.001166s ]
[ sql ] [ SQL ] SELECT * FROM `blog_cate` WHERE  `cate_pid` = 0 ORDER BY `cate_sort` DESC LIMIT 6 [ RunTime:0.001015s ]
[ sql ] [ SQL ] SELECT * FROM `blog_cate` ORDER BY `cate_sort` DESC [ RunTime:0.000897s ]
[ sql ] [ SQL ] SHOW COLUMNS FROM `blog_tag` [ RunTime:0.001133s ]
[ sql ] [ SQL ] SELECT * FROM `blog_tag` [ RunTime:0.001181s ]
[ sql ] [ SQL ] SHOW COLUMNS FROM `blog_article` [ RunTime:0.001168s ]
[ sql ] [ SQL ] SELECT `arc_id`,`arc_title` FROM `blog_article` ORDER BY `sendtime` DESC [ RunTime:0.001611s ]
[ sql ] [ SQL ] SHOW COLUMNS FROM `blog_link` [ RunTime:0.001498s ]
[ sql ] [ SQL ] SELECT * FROM `blog_link` ORDER BY `link_sort` DESC [ RunTime:0.000830s ]
[ sql ] [ SQL ] UPDATE `blog_article`  SET `arc_click`=`arc_click`+1  WHERE  `arc_id` = 159 [ RunTime:0.017126s ]
[ sql ] [ SQL ] SELECT `arc_id`,`arc_title`,`arc_author`,`arc_content`,`sendtime` FROM `blog_article` WHERE  `arc_id` = 159 LIMIT 1 [ RunTime:0.001518s ]
[ sql ] [ SQL ] SHOW COLUMNS FROM `blog_arc_tag` [ RunTime:0.001554s ]
[ sql ] [ SQL ] SELECT `t`.`tag_id`,`t`.`tag_name` FROM `blog_arc_tag` `at` INNER JOIN `blog_tag` `t` ON `at`.`tag_id`=`t`.`tag_id` WHERE  `at`.`arc_id` = 159 LIMIT 3 [ RunTime:0.000952s ]
[ sql ] [ SQL ] SELECT * FROM `blog_article` WHERE  `arc_id` = 159 LIMIT 1 [ RunTime:0.000974s ]
---------------------------------------------------------------
[ 2019-04-29T07:18:06+08:00 ] 106.11.159.81 GET blog.taotaifu.cn/w/115.html
[运行时间：0.074445s] [吞吐率：13.43req/s] [内存消耗：2,274.74kb] [文件加载：55]
[ info ] [ LANG ] /www/wwwroot/blog_taotaifu_cn/thinkphp/lang/zh-cn.php
[ info ] [ ROUTE ] array (
  'type' => 'module',
  'module' => 
  array (
    0 => 'index',
    1 => 'content',
    2 => 'index',
  ),
  'convert' => false,
)
[ info ] [ HEADER ] array (
  'connection' => 'close',
  'user-agent' => 'Mozilla/5.0 (Windows NT 6.1; Win64; x64) AppleWebKit/537.36 (KHTML, like Gecko) Chrome/69.0.3497.81 YisouSpider/5.0 Safari/537.36',
  'upgrade-insecure-requests' => '1',
  'host' => 'blog.taotaifu.cn',
  'accept-encoding' => 'gzip, deflate',
  'accept' => 'text/html,application/xhtml+xml,application/xml;q=0.9,image/webp,image/apng,*/*;q=0.8',
  'content-type' => '',
  'content-length' => '',
)
[ info ] [ PARAM ] array (
  'arc_id' => '115',
)
[ info ] [ DB ] INIT mysql
[ info ] [ RUN ] app\index\controller\Content->index[ /www/wwwroot/blog_taotaifu_cn/application/index/controller/Content.php ]
[ info ] [ CACHE ] INIT File
[ info ] [ VIEW ] /www/wwwroot/blog_taotaifu_cn/public/../application/index/view/content/index.html [ array (
  0 => '_webset',
  1 => '_cateData',
  2 => '_allCateData',
  3 => '_tagData',
  4 => '_articleData',
  5 => '_linkData',
  6 => 'headConf',
  7 => 'articleData',
) ]
[ info ] [ LOG ] INIT File
[ sql ] [ DB ] CONNECT:[ UseTime:0.001446s ] mysql:host=188.131.144.216;port=3306;dbname=blog_taotaifu_cn;charset=utf8
[ sql ] [ SQL ] SHOW COLUMNS FROM `blog_webset` [ RunTime:0.001260s ]
[ sql ] [ SQL ] SELECT `webset_name`,`webset_value` FROM `blog_webset` [ RunTime:0.000978s ]
[ sql ] [ SQL ] SHOW COLUMNS FROM `blog_cate` [ RunTime:0.001127s ]
[ sql ] [ SQL ] SELECT * FROM `blog_cate` WHERE  `cate_pid` = 0 ORDER BY `cate_sort` DESC LIMIT 6 [ RunTime:0.000882s ]
[ sql ] [ SQL ] SELECT * FROM `blog_cate` ORDER BY `cate_sort` DESC [ RunTime:0.001034s ]
[ sql ] [ SQL ] SHOW COLUMNS FROM `blog_tag` [ RunTime:0.001205s ]
[ sql ] [ SQL ] SELECT * FROM `blog_tag` [ RunTime:0.000847s ]
[ sql ] [ SQL ] SHOW COLUMNS FROM `blog_article` [ RunTime:0.001379s ]
[ sql ] [ SQL ] SELECT `arc_id`,`arc_title` FROM `blog_article` ORDER BY `sendtime` DESC [ RunTime:0.001879s ]
[ sql ] [ SQL ] SHOW COLUMNS FROM `blog_link` [ RunTime:0.001088s ]
[ sql ] [ SQL ] SELECT * FROM `blog_link` ORDER BY `link_sort` DESC [ RunTime:0.000758s ]
[ sql ] [ SQL ] UPDATE `blog_article`  SET `arc_click`=`arc_click`+1  WHERE  `arc_id` = 115 [ RunTime:0.024987s ]
[ sql ] [ SQL ] SELECT `arc_id`,`arc_title`,`arc_author`,`arc_content`,`sendtime` FROM `blog_article` WHERE  `arc_id` = 115 LIMIT 1 [ RunTime:0.001005s ]
[ sql ] [ SQL ] SHOW COLUMNS FROM `blog_arc_tag` [ RunTime:0.001309s ]
[ sql ] [ SQL ] SELECT `t`.`tag_id`,`t`.`tag_name` FROM `blog_arc_tag` `at` INNER JOIN `blog_tag` `t` ON `at`.`tag_id`=`t`.`tag_id` WHERE  `at`.`arc_id` = 115 LIMIT 3 [ RunTime:0.001151s ]
[ sql ] [ SQL ] SELECT * FROM `blog_article` WHERE  `arc_id` = 115 LIMIT 1 [ RunTime:0.001151s ]
---------------------------------------------------------------
[ 2019-04-29T07:39:12+08:00 ] 203.208.60.30 GET blog.taotaifu.cn/w/129.html
[运行时间：0.128385s] [吞吐率：7.79req/s] [内存消耗：2,420.80kb] [文件加载：55]
[ info ] [ LANG ] /www/wwwroot/blog_taotaifu_cn/thinkphp/lang/zh-cn.php
[ info ] [ ROUTE ] array (
  'type' => 'module',
  'module' => 
  array (
    0 => 'index',
    1 => 'content',
    2 => 'index',
  ),
  'convert' => false,
)
[ info ] [ HEADER ] array (
  'if-modified-since' => 'Sun, 28 Apr 2019 13:46:17 GMT',
  'accept-encoding' => 'gzip,deflate,br',
  'user-agent' => 'Mozilla/5.0 (compatible; Googlebot/2.1; +http://www.google.com/bot.html)',
  'from' => 'googlebot(at)googlebot.com',
  'accept' => 'text/html,application/xhtml+xml,application/xml;q=0.9,*/*;q=0.8',
  'connection' => 'keep-alive',
  'host' => 'blog.taotaifu.cn',
  'content-type' => '',
  'content-length' => '',
)
[ info ] [ PARAM ] array (
  'arc_id' => '129',
)
[ info ] [ DB ] INIT mysql
[ info ] [ RUN ] app\index\controller\Content->index[ /www/wwwroot/blog_taotaifu_cn/application/index/controller/Content.php ]
[ info ] [ CACHE ] INIT File
[ info ] [ VIEW ] /www/wwwroot/blog_taotaifu_cn/public/../application/index/view/content/index.html [ array (
  0 => '_webset',
  1 => '_cateData',
  2 => '_allCateData',
  3 => '_tagData',
  4 => '_articleData',
  5 => '_linkData',
  6 => 'headConf',
  7 => 'articleData',
) ]
[ info ] [ LOG ] INIT File
[ sql ] [ DB ] CONNECT:[ UseTime:0.001284s ] mysql:host=188.131.144.216;port=3306;dbname=blog_taotaifu_cn;charset=utf8
[ sql ] [ SQL ] SHOW COLUMNS FROM `blog_webset` [ RunTime:0.001280s ]
[ sql ] [ SQL ] SELECT `webset_name`,`webset_value` FROM `blog_webset` [ RunTime:0.000766s ]
[ sql ] [ SQL ] SHOW COLUMNS FROM `blog_cate` [ RunTime:0.001643s ]
[ sql ] [ SQL ] SELECT * FROM `blog_cate` WHERE  `cate_pid` = 0 ORDER BY `cate_sort` DESC LIMIT 6 [ RunTime:0.001148s ]
[ sql ] [ SQL ] SELECT * FROM `blog_cate` ORDER BY `cate_sort` DESC [ RunTime:0.000913s ]
[ sql ] [ SQL ] SHOW COLUMNS FROM `blog_tag` [ RunTime:0.001227s ]
[ sql ] [ SQL ] SELECT * FROM `blog_tag` [ RunTime:0.000790s ]
[ sql ] [ SQL ] SHOW COLUMNS FROM `blog_article` [ RunTime:0.001466s ]
[ sql ] [ SQL ] SELECT `arc_id`,`arc_title` FROM `blog_article` ORDER BY `sendtime` DESC [ RunTime:0.002106s ]
[ sql ] [ SQL ] SHOW COLUMNS FROM `blog_link` [ RunTime:0.001212s ]
[ sql ] [ SQL ] SELECT * FROM `blog_link` ORDER BY `link_sort` DESC [ RunTime:0.000810s ]
[ sql ] [ SQL ] UPDATE `blog_article`  SET `arc_click`=`arc_click`+1  WHERE  `arc_id` = 129 [ RunTime:0.079274s ]
[ sql ] [ SQL ] SELECT `arc_id`,`arc_title`,`arc_author`,`arc_content`,`sendtime` FROM `blog_article` WHERE  `arc_id` = 129 LIMIT 1 [ RunTime:0.002116s ]
[ sql ] [ SQL ] SHOW COLUMNS FROM `blog_arc_tag` [ RunTime:0.001329s ]
[ sql ] [ SQL ] SELECT `t`.`tag_id`,`t`.`tag_name` FROM `blog_arc_tag` `at` INNER JOIN `blog_tag` `t` ON `at`.`tag_id`=`t`.`tag_id` WHERE  `at`.`arc_id` = 129 LIMIT 3 [ RunTime:0.000879s ]
[ sql ] [ SQL ] SELECT * FROM `blog_article` WHERE  `arc_id` = 129 LIMIT 1 [ RunTime:0.001401s ]
---------------------------------------------------------------
[ 2019-04-29T09:09:57+08:00 ] 42.156.139.98 GET blog.taotaifu.cn/w/104.html
[运行时间：0.094535s] [吞吐率：10.58req/s] [内存消耗：2,326.77kb] [文件加载：55]
[ info ] [ LANG ] /www/wwwroot/blog_taotaifu_cn/thinkphp/lang/zh-cn.php
[ info ] [ ROUTE ] array (
  'type' => 'module',
  'module' => 
  array (
    0 => 'index',
    1 => 'content',
    2 => 'index',
  ),
  'convert' => false,
)
[ info ] [ HEADER ] array (
  'connection' => 'close',
  'user-agent' => 'Mozilla/5.0 (Windows NT 6.1; Win64; x64) AppleWebKit/537.36 (KHTML, like Gecko) Chrome/69.0.3497.81 YisouSpider/5.0 Safari/537.36',
  'upgrade-insecure-requests' => '1',
  'host' => 'blog.taotaifu.cn',
  'accept-encoding' => 'gzip, deflate',
  'accept' => 'text/html,application/xhtml+xml,application/xml;q=0.9,image/webp,image/apng,*/*;q=0.8',
  'content-type' => '',
  'content-length' => '',
)
[ info ] [ PARAM ] array (
  'arc_id' => '104',
)
[ info ] [ DB ] INIT mysql
[ info ] [ RUN ] app\index\controller\Content->index[ /www/wwwroot/blog_taotaifu_cn/application/index/controller/Content.php ]
[ info ] [ CACHE ] INIT File
[ info ] [ VIEW ] /www/wwwroot/blog_taotaifu_cn/public/../application/index/view/content/index.html [ array (
  0 => '_webset',
  1 => '_cateData',
  2 => '_allCateData',
  3 => '_tagData',
  4 => '_articleData',
  5 => '_linkData',
  6 => 'headConf',
  7 => 'articleData',
) ]
[ info ] [ LOG ] INIT File
[ sql ] [ DB ] CONNECT:[ UseTime:0.001385s ] mysql:host=188.131.144.216;port=3306;dbname=blog_taotaifu_cn;charset=utf8
[ sql ] [ SQL ] SHOW COLUMNS FROM `blog_webset` [ RunTime:0.001375s ]
[ sql ] [ SQL ] SELECT `webset_name`,`webset_value` FROM `blog_webset` [ RunTime:0.001067s ]
[ sql ] [ SQL ] SHOW COLUMNS FROM `blog_cate` [ RunTime:0.001304s ]
[ sql ] [ SQL ] SELECT * FROM `blog_cate` WHERE  `cate_pid` = 0 ORDER BY `cate_sort` DESC LIMIT 6 [ RunTime:0.001040s ]
[ sql ] [ SQL ] SELECT * FROM `blog_cate` ORDER BY `cate_sort` DESC [ RunTime:0.000999s ]
[ sql ] [ SQL ] SHOW COLUMNS FROM `blog_tag` [ RunTime:0.001290s ]
[ sql ] [ SQL ] SELECT * FROM `blog_tag` [ RunTime:0.000875s ]
[ sql ] [ SQL ] SHOW COLUMNS FROM `blog_article` [ RunTime:0.001296s ]
[ sql ] [ SQL ] SELECT `arc_id`,`arc_title` FROM `blog_article` ORDER BY `sendtime` DESC [ RunTime:0.001757s ]
[ sql ] [ SQL ] SHOW COLUMNS FROM `blog_link` [ RunTime:0.001192s ]
[ sql ] [ SQL ] SELECT * FROM `blog_link` ORDER BY `link_sort` DESC [ RunTime:0.000874s ]
[ sql ] [ SQL ] UPDATE `blog_article`  SET `arc_click`=`arc_click`+1  WHERE  `arc_id` = 104 [ RunTime:0.045871s ]
[ sql ] [ SQL ] SELECT `arc_id`,`arc_title`,`arc_author`,`arc_content`,`sendtime` FROM `blog_article` WHERE  `arc_id` = 104 LIMIT 1 [ RunTime:0.001558s ]
[ sql ] [ SQL ] SHOW COLUMNS FROM `blog_arc_tag` [ RunTime:0.001422s ]
[ sql ] [ SQL ] SELECT `t`.`tag_id`,`t`.`tag_name` FROM `blog_arc_tag` `at` INNER JOIN `blog_tag` `t` ON `at`.`tag_id`=`t`.`tag_id` WHERE  `at`.`arc_id` = 104 LIMIT 3 [ RunTime:0.001060s ]
[ sql ] [ SQL ] SELECT * FROM `blog_article` WHERE  `arc_id` = 104 LIMIT 1 [ RunTime:0.001377s ]
---------------------------------------------------------------
[ 2019-04-29T11:00:57+08:00 ] 42.156.139.82 GET blog.taotaifu.cn/w/150.html
[运行时间：0.075267s] [吞吐率：13.29req/s] [内存消耗：2,310.68kb] [文件加载：55]
[ info ] [ LANG ] /www/wwwroot/blog_taotaifu_cn/thinkphp/lang/zh-cn.php
[ info ] [ ROUTE ] array (
  'type' => 'module',
  'module' => 
  array (
    0 => 'index',
    1 => 'content',
    2 => 'index',
  ),
  'convert' => false,
)
[ info ] [ HEADER ] array (
  'connection' => 'close',
  'user-agent' => 'Mozilla/5.0 (Windows NT 6.1; Win64; x64) AppleWebKit/537.36 (KHTML, like Gecko) Chrome/69.0.3497.81 YisouSpider/5.0 Safari/537.36',
  'upgrade-insecure-requests' => '1',
  'host' => 'blog.taotaifu.cn',
  'accept-encoding' => 'gzip, deflate',
  'accept' => 'text/html,application/xhtml+xml,application/xml;q=0.9,image/webp,image/apng,*/*;q=0.8',
  'content-type' => '',
  'content-length' => '',
)
[ info ] [ PARAM ] array (
  'arc_id' => '150',
)
[ info ] [ DB ] INIT mysql
[ info ] [ RUN ] app\index\controller\Content->index[ /www/wwwroot/blog_taotaifu_cn/application/index/controller/Content.php ]
[ info ] [ CACHE ] INIT File
[ info ] [ VIEW ] /www/wwwroot/blog_taotaifu_cn/public/../application/index/view/content/index.html [ array (
  0 => '_webset',
  1 => '_cateData',
  2 => '_allCateData',
  3 => '_tagData',
  4 => '_articleData',
  5 => '_linkData',
  6 => 'headConf',
  7 => 'articleData',
) ]
[ info ] [ LOG ] INIT File
[ sql ] [ DB ] CONNECT:[ UseTime:0.001296s ] mysql:host=188.131.144.216;port=3306;dbname=blog_taotaifu_cn;charset=utf8
[ sql ] [ SQL ] SHOW COLUMNS FROM `blog_webset` [ RunTime:0.001269s ]
[ sql ] [ SQL ] SELECT `webset_name`,`webset_value` FROM `blog_webset` [ RunTime:0.000781s ]
[ sql ] [ SQL ] SHOW COLUMNS FROM `blog_cate` [ RunTime:0.001102s ]
[ sql ] [ SQL ] SELECT * FROM `blog_cate` WHERE  `cate_pid` = 0 ORDER BY `cate_sort` DESC LIMIT 6 [ RunTime:0.001155s ]
[ sql ] [ SQL ] SELECT * FROM `blog_cate` ORDER BY `cate_sort` DESC [ RunTime:0.001358s ]
[ sql ] [ SQL ] SHOW COLUMNS FROM `blog_tag` [ RunTime:0.001322s ]
[ sql ] [ SQL ] SELECT * FROM `blog_tag` [ RunTime:0.000904s ]
[ sql ] [ SQL ] SHOW COLUMNS FROM `blog_article` [ RunTime:0.001294s ]
[ sql ] [ SQL ] SELECT `arc_id`,`arc_title` FROM `blog_article` ORDER BY `sendtime` DESC [ RunTime:0.004298s ]
[ sql ] [ SQL ] SHOW COLUMNS FROM `blog_link` [ RunTime:0.001285s ]
[ sql ] [ SQL ] SELECT * FROM `blog_link` ORDER BY `link_sort` DESC [ RunTime:0.000890s ]
[ sql ] [ SQL ] UPDATE `blog_article`  SET `arc_click`=`arc_click`+1  WHERE  `arc_id` = 150 [ RunTime:0.023490s ]
[ sql ] [ SQL ] SELECT `arc_id`,`arc_title`,`arc_author`,`arc_content`,`sendtime` FROM `blog_article` WHERE  `arc_id` = 150 LIMIT 1 [ RunTime:0.001192s ]
[ sql ] [ SQL ] SHOW COLUMNS FROM `blog_arc_tag` [ RunTime:0.001238s ]
[ sql ] [ SQL ] SELECT `t`.`tag_id`,`t`.`tag_name` FROM `blog_arc_tag` `at` INNER JOIN `blog_tag` `t` ON `at`.`tag_id`=`t`.`tag_id` WHERE  `at`.`arc_id` = 150 LIMIT 3 [ RunTime:0.000964s ]
[ sql ] [ SQL ] SELECT * FROM `blog_article` WHERE  `arc_id` = 150 LIMIT 1 [ RunTime:0.001029s ]
---------------------------------------------------------------
[ 2019-04-29T12:46:58+08:00 ] 106.11.157.59 GET blog.taotaifu.cn/w/110.html
[运行时间：0.062699s] [吞吐率：15.95req/s] [内存消耗：2,306.68kb] [文件加载：55]
[ info ] [ LANG ] /www/wwwroot/blog_taotaifu_cn/thinkphp/lang/zh-cn.php
[ info ] [ ROUTE ] array (
  'type' => 'module',
  'module' => 
  array (
    0 => 'index',
    1 => 'content',
    2 => 'index',
  ),
  'convert' => false,
)
[ info ] [ HEADER ] array (
  'connection' => 'close',
  'user-agent' => 'Mozilla/5.0 (Windows NT 6.1; Win64; x64) AppleWebKit/537.36 (KHTML, like Gecko) Chrome/69.0.3497.81 YisouSpider/5.0 Safari/537.36',
  'upgrade-insecure-requests' => '1',
  'host' => 'blog.taotaifu.cn',
  'accept-encoding' => 'gzip, deflate',
  'accept' => 'text/html,application/xhtml+xml,application/xml;q=0.9,image/webp,image/apng,*/*;q=0.8',
  'content-type' => '',
  'content-length' => '',
)
[ info ] [ PARAM ] array (
  'arc_id' => '110',
)
[ info ] [ DB ] INIT mysql
[ info ] [ RUN ] app\index\controller\Content->index[ /www/wwwroot/blog_taotaifu_cn/application/index/controller/Content.php ]
[ info ] [ CACHE ] INIT File
[ info ] [ VIEW ] /www/wwwroot/blog_taotaifu_cn/public/../application/index/view/content/index.html [ array (
  0 => '_webset',
  1 => '_cateData',
  2 => '_allCateData',
  3 => '_tagData',
  4 => '_articleData',
  5 => '_linkData',
  6 => 'headConf',
  7 => 'articleData',
) ]
[ info ] [ LOG ] INIT File
[ sql ] [ DB ] CONNECT:[ UseTime:0.001330s ] mysql:host=188.131.144.216;port=3306;dbname=blog_taotaifu_cn;charset=utf8
[ sql ] [ SQL ] SHOW COLUMNS FROM `blog_webset` [ RunTime:0.001266s ]
[ sql ] [ SQL ] SELECT `webset_name`,`webset_value` FROM `blog_webset` [ RunTime:0.000838s ]
[ sql ] [ SQL ] SHOW COLUMNS FROM `blog_cate` [ RunTime:0.001093s ]
[ sql ] [ SQL ] SELECT * FROM `blog_cate` WHERE  `cate_pid` = 0 ORDER BY `cate_sort` DESC LIMIT 6 [ RunTime:0.000895s ]
[ sql ] [ SQL ] SELECT * FROM `blog_cate` ORDER BY `cate_sort` DESC [ RunTime:0.001054s ]
[ sql ] [ SQL ] SHOW COLUMNS FROM `blog_tag` [ RunTime:0.001315s ]
[ sql ] [ SQL ] SELECT * FROM `blog_tag` [ RunTime:0.000905s ]
[ sql ] [ SQL ] SHOW COLUMNS FROM `blog_article` [ RunTime:0.001277s ]
[ sql ] [ SQL ] SELECT `arc_id`,`arc_title` FROM `blog_article` ORDER BY `sendtime` DESC [ RunTime:0.001770s ]
[ sql ] [ SQL ] SHOW COLUMNS FROM `blog_link` [ RunTime:0.001238s ]
[ sql ] [ SQL ] SELECT * FROM `blog_link` ORDER BY `link_sort` DESC [ RunTime:0.000920s ]
[ sql ] [ SQL ] UPDATE `blog_article`  SET `arc_click`=`arc_click`+1  WHERE  `arc_id` = 110 [ RunTime:0.014790s ]
[ sql ] [ SQL ] SELECT `arc_id`,`arc_title`,`arc_author`,`arc_content`,`sendtime` FROM `blog_article` WHERE  `arc_id` = 110 LIMIT 1 [ RunTime:0.001301s ]
[ sql ] [ SQL ] SHOW COLUMNS FROM `blog_arc_tag` [ RunTime:0.001346s ]
[ sql ] [ SQL ] SELECT `t`.`tag_id`,`t`.`tag_name` FROM `blog_arc_tag` `at` INNER JOIN `blog_tag` `t` ON `at`.`tag_id`=`t`.`tag_id` WHERE  `at`.`arc_id` = 110 LIMIT 3 [ RunTime:0.000932s ]
[ sql ] [ SQL ] SELECT * FROM `blog_article` WHERE  `arc_id` = 110 LIMIT 1 [ RunTime:0.000911s ]
---------------------------------------------------------------
[ 2019-04-29T14:41:02+08:00 ] 106.11.155.77 GET blog.taotaifu.cn/w/131.html
[运行时间：0.255361s] [吞吐率：3.92req/s] [内存消耗：2,265.68kb] [文件加载：55]
[ info ] [ LANG ] /www/wwwroot/blog_taotaifu_cn/thinkphp/lang/zh-cn.php
[ info ] [ ROUTE ] array (
  'type' => 'module',
  'module' => 
  array (
    0 => 'index',
    1 => 'content',
    2 => 'index',
  ),
  'convert' => false,
)
[ info ] [ HEADER ] array (
  'connection' => 'close',
  'user-agent' => 'Mozilla/5.0 (Windows NT 6.1; Win64; x64) AppleWebKit/537.36 (KHTML, like Gecko) Chrome/69.0.3497.81 YisouSpider/5.0 Safari/537.36',
  'upgrade-insecure-requests' => '1',
  'host' => 'blog.taotaifu.cn',
  'accept-encoding' => 'gzip, deflate',
  'accept' => 'text/html,application/xhtml+xml,application/xml;q=0.9,image/webp,image/apng,*/*;q=0.8',
  'content-type' => '',
  'content-length' => '',
)
[ info ] [ PARAM ] array (
  'arc_id' => '131',
)
[ info ] [ DB ] INIT mysql
[ info ] [ RUN ] app\index\controller\Content->index[ /www/wwwroot/blog_taotaifu_cn/application/index/controller/Content.php ]
[ info ] [ CACHE ] INIT File
[ info ] [ VIEW ] /www/wwwroot/blog_taotaifu_cn/public/../application/index/view/content/index.html [ array (
  0 => '_webset',
  1 => '_cateData',
  2 => '_allCateData',
  3 => '_tagData',
  4 => '_articleData',
  5 => '_linkData',
  6 => 'headConf',
  7 => 'articleData',
) ]
[ info ] [ LOG ] INIT File
[ sql ] [ DB ] CONNECT:[ UseTime:0.001477s ] mysql:host=188.131.144.216;port=3306;dbname=blog_taotaifu_cn;charset=utf8
[ sql ] [ SQL ] SHOW COLUMNS FROM `blog_webset` [ RunTime:0.001466s ]
[ sql ] [ SQL ] SELECT `webset_name`,`webset_value` FROM `blog_webset` [ RunTime:0.000935s ]
[ sql ] [ SQL ] SHOW COLUMNS FROM `blog_cate` [ RunTime:0.001142s ]
[ sql ] [ SQL ] SELECT * FROM `blog_cate` WHERE  `cate_pid` = 0 ORDER BY `cate_sort` DESC LIMIT 6 [ RunTime:0.000902s ]
[ sql ] [ SQL ] SELECT * FROM `blog_cate` ORDER BY `cate_sort` DESC [ RunTime:0.001034s ]
[ sql ] [ SQL ] SHOW COLUMNS FROM `blog_tag` [ RunTime:0.001198s ]
[ sql ] [ SQL ] SELECT * FROM `blog_tag` [ RunTime:0.000838s ]
[ sql ] [ SQL ] SHOW COLUMNS FROM `blog_article` [ RunTime:0.001332s ]
[ sql ] [ SQL ] SELECT `arc_id`,`arc_title` FROM `blog_article` ORDER BY `sendtime` DESC [ RunTime:0.001714s ]
[ sql ] [ SQL ] SHOW COLUMNS FROM `blog_link` [ RunTime:0.001151s ]
[ sql ] [ SQL ] SELECT * FROM `blog_link` ORDER BY `link_sort` DESC [ RunTime:0.000892s ]
[ sql ] [ SQL ] UPDATE `blog_article`  SET `arc_click`=`arc_click`+1  WHERE  `arc_id` = 131 [ RunTime:0.201410s ]
[ sql ] [ SQL ] SELECT `arc_id`,`arc_title`,`arc_author`,`arc_content`,`sendtime` FROM `blog_article` WHERE  `arc_id` = 131 LIMIT 1 [ RunTime:0.001013s ]
[ sql ] [ SQL ] SHOW COLUMNS FROM `blog_arc_tag` [ RunTime:0.001424s ]
[ sql ] [ SQL ] SELECT `t`.`tag_id`,`t`.`tag_name` FROM `blog_arc_tag` `at` INNER JOIN `blog_tag` `t` ON `at`.`tag_id`=`t`.`tag_id` WHERE  `at`.`arc_id` = 131 LIMIT 3 [ RunTime:0.000931s ]
[ sql ] [ SQL ] SELECT * FROM `blog_article` WHERE  `arc_id` = 131 LIMIT 1 [ RunTime:0.000894s ]
---------------------------------------------------------------
[ 2019-04-29T16:49:00+08:00 ] 42.156.136.29 GET blog.taotaifu.cn/w/129.html
[运行时间：0.074832s] [吞吐率：13.36req/s] [内存消耗：2,418.80kb] [文件加载：55]
[ info ] [ LANG ] /www/wwwroot/blog_taotaifu_cn/thinkphp/lang/zh-cn.php
[ info ] [ ROUTE ] array (
  'type' => 'module',
  'module' => 
  array (
    0 => 'index',
    1 => 'content',
    2 => 'index',
  ),
  'convert' => false,
)
[ info ] [ HEADER ] array (
  'connection' => 'close',
  'user-agent' => 'Mozilla/5.0 (Windows NT 6.1; Win64; x64) AppleWebKit/537.36 (KHTML, like Gecko) Chrome/69.0.3497.81 YisouSpider/5.0 Safari/537.36',
  'upgrade-insecure-requests' => '1',
  'host' => 'blog.taotaifu.cn',
  'accept-encoding' => 'gzip, deflate',
  'accept' => 'text/html,application/xhtml+xml,application/xml;q=0.9,image/webp,image/apng,*/*;q=0.8',
  'content-type' => '',
  'content-length' => '',
)
[ info ] [ PARAM ] array (
  'arc_id' => '129',
)
[ info ] [ DB ] INIT mysql
[ info ] [ RUN ] app\index\controller\Content->index[ /www/wwwroot/blog_taotaifu_cn/application/index/controller/Content.php ]
[ info ] [ CACHE ] INIT File
[ info ] [ VIEW ] /www/wwwroot/blog_taotaifu_cn/public/../application/index/view/content/index.html [ array (
  0 => '_webset',
  1 => '_cateData',
  2 => '_allCateData',
  3 => '_tagData',
  4 => '_articleData',
  5 => '_linkData',
  6 => 'headConf',
  7 => 'articleData',
) ]
[ info ] [ LOG ] INIT File
[ sql ] [ DB ] CONNECT:[ UseTime:0.001312s ] mysql:host=188.131.144.216;port=3306;dbname=blog_taotaifu_cn;charset=utf8
[ sql ] [ SQL ] SHOW COLUMNS FROM `blog_webset` [ RunTime:0.001192s ]
[ sql ] [ SQL ] SELECT `webset_name`,`webset_value` FROM `blog_webset` [ RunTime:0.000904s ]
[ sql ] [ SQL ] SHOW COLUMNS FROM `blog_cate` [ RunTime:0.001123s ]
[ sql ] [ SQL ] SELECT * FROM `blog_cate` WHERE  `cate_pid` = 0 ORDER BY `cate_sort` DESC LIMIT 6 [ RunTime:0.000930s ]
[ sql ] [ SQL ] SELECT * FROM `blog_cate` ORDER BY `cate_sort` DESC [ RunTime:0.000883s ]
[ sql ] [ SQL ] SHOW COLUMNS FROM `blog_tag` [ RunTime:0.001036s ]
[ sql ] [ SQL ] SELECT * FROM `blog_tag` [ RunTime:0.001035s ]
[ sql ] [ SQL ] SHOW COLUMNS FROM `blog_article` [ RunTime:0.001157s ]
[ sql ] [ SQL ] SELECT `arc_id`,`arc_title` FROM `blog_article` ORDER BY `sendtime` DESC [ RunTime:0.001697s ]
[ sql ] [ SQL ] SHOW COLUMNS FROM `blog_link` [ RunTime:0.001111s ]
[ sql ] [ SQL ] SELECT * FROM `blog_link` ORDER BY `link_sort` DESC [ RunTime:0.000852s ]
[ sql ] [ SQL ] UPDATE `blog_article`  SET `arc_click`=`arc_click`+1  WHERE  `arc_id` = 129 [ RunTime:0.027503s ]
[ sql ] [ SQL ] SELECT `arc_id`,`arc_title`,`arc_author`,`arc_content`,`sendtime` FROM `blog_article` WHERE  `arc_id` = 129 LIMIT 1 [ RunTime:0.001893s ]
[ sql ] [ SQL ] SHOW COLUMNS FROM `blog_arc_tag` [ RunTime:0.001248s ]
[ sql ] [ SQL ] SELECT `t`.`tag_id`,`t`.`tag_name` FROM `blog_arc_tag` `at` INNER JOIN `blog_tag` `t` ON `at`.`tag_id`=`t`.`tag_id` WHERE  `at`.`arc_id` = 129 LIMIT 3 [ RunTime:0.001063s ]
[ sql ] [ SQL ] SELECT * FROM `blog_article` WHERE  `arc_id` = 129 LIMIT 1 [ RunTime:0.002192s ]
---------------------------------------------------------------
[ 2019-04-29T17:21:34+08:00 ] 203.208.60.105 GET blog.taotaifu.cn/w/129.html
[运行时间：0.096549s] [吞吐率：10.36req/s] [内存消耗：2,420.80kb] [文件加载：55]
[ info ] [ LANG ] /www/wwwroot/blog_taotaifu_cn/thinkphp/lang/zh-cn.php
[ info ] [ ROUTE ] array (
  'type' => 'module',
  'module' => 
  array (
    0 => 'index',
    1 => 'content',
    2 => 'index',
  ),
  'convert' => false,
)
[ info ] [ HEADER ] array (
  'if-modified-since' => 'Sun, 28 Apr 2019 23:39:12 GMT',
  'accept-encoding' => 'gzip,deflate,br',
  'user-agent' => 'Mozilla/5.0 (compatible; Googlebot/2.1; +http://www.google.com/bot.html)',
  'from' => 'googlebot(at)googlebot.com',
  'accept' => 'text/html,application/xhtml+xml,application/xml;q=0.9,*/*;q=0.8',
  'connection' => 'keep-alive',
  'host' => 'blog.taotaifu.cn',
  'content-type' => '',
  'content-length' => '',
)
[ info ] [ PARAM ] array (
  'arc_id' => '129',
)
[ info ] [ DB ] INIT mysql
[ info ] [ RUN ] app\index\controller\Content->index[ /www/wwwroot/blog_taotaifu_cn/application/index/controller/Content.php ]
[ info ] [ CACHE ] INIT File
[ info ] [ VIEW ] /www/wwwroot/blog_taotaifu_cn/public/../application/index/view/content/index.html [ array (
  0 => '_webset',
  1 => '_cateData',
  2 => '_allCateData',
  3 => '_tagData',
  4 => '_articleData',
  5 => '_linkData',
  6 => 'headConf',
  7 => 'articleData',
) ]
[ info ] [ LOG ] INIT File
[ sql ] [ DB ] CONNECT:[ UseTime:0.001500s ] mysql:host=188.131.144.216;port=3306;dbname=blog_taotaifu_cn;charset=utf8
[ sql ] [ SQL ] SHOW COLUMNS FROM `blog_webset` [ RunTime:0.001421s ]
[ sql ] [ SQL ] SELECT `webset_name`,`webset_value` FROM `blog_webset` [ RunTime:0.000943s ]
[ sql ] [ SQL ] SHOW COLUMNS FROM `blog_cate` [ RunTime:0.001171s ]
[ sql ] [ SQL ] SELECT * FROM `blog_cate` WHERE  `cate_pid` = 0 ORDER BY `cate_sort` DESC LIMIT 6 [ RunTime:0.001019s ]
[ sql ] [ SQL ] SELECT * FROM `blog_cate` ORDER BY `cate_sort` DESC [ RunTime:0.001310s ]
[ sql ] [ SQL ] SHOW COLUMNS FROM `blog_tag` [ RunTime:0.001301s ]
[ sql ] [ SQL ] SELECT * FROM `blog_tag` [ RunTime:0.001071s ]
[ sql ] [ SQL ] SHOW COLUMNS FROM `blog_article` [ RunTime:0.001260s ]
[ sql ] [ SQL ] SELECT `arc_id`,`arc_title` FROM `blog_article` ORDER BY `sendtime` DESC [ RunTime:0.001700s ]
[ sql ] [ SQL ] SHOW COLUMNS FROM `blog_link` [ RunTime:0.001107s ]
[ sql ] [ SQL ] SELECT * FROM `blog_link` ORDER BY `link_sort` DESC [ RunTime:0.000798s ]
[ sql ] [ SQL ] UPDATE `blog_article`  SET `arc_click`=`arc_click`+1  WHERE  `arc_id` = 129 [ RunTime:0.041564s ]
[ sql ] [ SQL ] SELECT `arc_id`,`arc_title`,`arc_author`,`arc_content`,`sendtime` FROM `blog_article` WHERE  `arc_id` = 129 LIMIT 1 [ RunTime:0.001884s ]
[ sql ] [ SQL ] SHOW COLUMNS FROM `blog_arc_tag` [ RunTime:0.001222s ]
[ sql ] [ SQL ] SELECT `t`.`tag_id`,`t`.`tag_name` FROM `blog_arc_tag` `at` INNER JOIN `blog_tag` `t` ON `at`.`tag_id`=`t`.`tag_id` WHERE  `at`.`arc_id` = 129 LIMIT 3 [ RunTime:0.000912s ]
[ sql ] [ SQL ] SELECT * FROM `blog_article` WHERE  `arc_id` = 129 LIMIT 1 [ RunTime:0.001605s ]
---------------------------------------------------------------
[ 2019-04-29T18:46:01+08:00 ] 42.156.139.115 GET blog.taotaifu.cn/c/61.html
[运行时间：0.056601s] [吞吐率：17.67req/s] [内存消耗：2,522.49kb] [文件加载：56]
[ info ] [ LANG ] /www/wwwroot/blog_taotaifu_cn/thinkphp/lang/zh-cn.php
[ info ] [ ROUTE ] array (
  'type' => 'module',
  'module' => 
  array (
    0 => 'index',
    1 => 'lists',
    2 => 'index',
  ),
  'convert' => false,
)
[ info ] [ HEADER ] array (
  'connection' => 'close',
  'user-agent' => 'Mozilla/5.0 (Windows NT 6.1; Win64; x64) AppleWebKit/537.36 (KHTML, like Gecko) Chrome/69.0.3497.81 YisouSpider/5.0 Safari/537.36',
  'upgrade-insecure-requests' => '1',
  'host' => 'blog.taotaifu.cn',
  'accept-encoding' => 'gzip, deflate',
  'accept' => 'text/html,application/xhtml+xml,application/xml;q=0.9,image/webp,image/apng,*/*;q=0.8',
  'content-type' => '',
  'content-length' => '',
)
[ info ] [ PARAM ] array (
  'cate_id' => '61',
)
[ info ] [ DB ] INIT mysql
[ info ] [ RUN ] app\index\controller\Lists->index[ /www/wwwroot/blog_taotaifu_cn/application/index/controller/Lists.php ]
[ info ] [ VIEW ] /www/wwwroot/blog_taotaifu_cn/public/../application/index/view/lists/index.html [ array (
  0 => '_webset',
  1 => '_cateData',
  2 => '_allCateData',
  3 => '_tagData',
  4 => '_articleData',
  5 => '_linkData',
  6 => 'headConf',
  7 => 'headData',
  8 => 'articleData',
) ]
[ info ] [ LOG ] INIT File
[ sql ] [ DB ] CONNECT:[ UseTime:0.001480s ] mysql:host=188.131.144.216;port=3306;dbname=blog_taotaifu_cn;charset=utf8
[ sql ] [ SQL ] SHOW COLUMNS FROM `blog_webset` [ RunTime:0.001376s ]
[ sql ] [ SQL ] SELECT `webset_name`,`webset_value` FROM `blog_webset` [ RunTime:0.000789s ]
[ sql ] [ SQL ] SHOW COLUMNS FROM `blog_cate` [ RunTime:0.001300s ]
[ sql ] [ SQL ] SELECT * FROM `blog_cate` WHERE  `cate_pid` = 0 ORDER BY `cate_sort` DESC LIMIT 6 [ RunTime:0.001002s ]
[ sql ] [ SQL ] SELECT * FROM `blog_cate` ORDER BY `cate_sort` DESC [ RunTime:0.000889s ]
[ sql ] [ SQL ] SHOW COLUMNS FROM `blog_tag` [ RunTime:0.001172s ]
[ sql ] [ SQL ] SELECT * FROM `blog_tag` [ RunTime:0.000770s ]
[ sql ] [ SQL ] SHOW COLUMNS FROM `blog_article` [ RunTime:0.001174s ]
[ sql ] [ SQL ] SELECT `arc_id`,`arc_title` FROM `blog_article` ORDER BY `sendtime` DESC [ RunTime:0.001712s ]
[ sql ] [ SQL ] SHOW COLUMNS FROM `blog_link` [ RunTime:0.001287s ]
[ sql ] [ SQL ] SELECT * FROM `blog_link` ORDER BY `link_sort` DESC [ RunTime:0.000996s ]
[ sql ] [ SQL ] SELECT * FROM `blog_cate` [ RunTime:0.001138s ]
[ sql ] [ SQL ] SELECT `cate_name` FROM `blog_cate` WHERE  `cate_id` = 61 LIMIT 1 [ RunTime:0.001111s ]
[ sql ] [ SQL ] SELECT COUNT(*) AS tp_count FROM `blog_article` WHERE  `cate_id` IN (61) LIMIT 1 [ RunTime:0.000853s ]
[ sql ] [ SQL ] SELECT * FROM `blog_article` `a` INNER JOIN `blog_cate` `c` ON `a`.`cate_id`=`c`.`cate_id` WHERE  `a`.`is_recycle` = 2  AND `a`.`cate_id` IN ('61') [ RunTime:0.002063s ]
[ sql ] [ SQL ] SHOW COLUMNS FROM `blog_arc_tag` [ RunTime:0.001286s ]
[ sql ] [ SQL ] SELECT `t`.`tag_id`,`t`.`tag_name` FROM `blog_arc_tag` `at` INNER JOIN `blog_tag` `t` ON `at`.`tag_id`=`t`.`tag_id` WHERE  `at`.`arc_id` = 148 LIMIT 5 [ RunTime:0.000986s ]
[ sql ] [ SQL ] SELECT `t`.`tag_id`,`t`.`tag_name` FROM `blog_arc_tag` `at` INNER JOIN `blog_tag` `t` ON `at`.`tag_id`=`t`.`tag_id` WHERE  `at`.`arc_id` = 151 LIMIT 5 [ RunTime:0.000854s ]
[ sql ] [ SQL ] SELECT `t`.`tag_id`,`t`.`tag_name` FROM `blog_arc_tag` `at` INNER JOIN `blog_tag` `t` ON `at`.`tag_id`=`t`.`tag_id` WHERE  `at`.`arc_id` = 152 LIMIT 5 [ RunTime:0.000867s ]
---------------------------------------------------------------
[ 2019-04-29T20:37:01+08:00 ] 106.11.158.100 GET blog.taotaifu.cn/w/157.html
[运行时间：0.126939s] [吞吐率：7.88req/s] [内存消耗：2,406.22kb] [文件加载：55]
[ info ] [ LANG ] /www/wwwroot/blog_taotaifu_cn/thinkphp/lang/zh-cn.php
[ info ] [ ROUTE ] array (
  'type' => 'module',
  'module' => 
  array (
    0 => 'index',
    1 => 'content',
    2 => 'index',
  ),
  'convert' => false,
)
[ info ] [ HEADER ] array (
  'connection' => 'close',
  'user-agent' => 'Mozilla/5.0 (Windows NT 6.1; Win64; x64) AppleWebKit/537.36 (KHTML, like Gecko) Chrome/69.0.3497.81 YisouSpider/5.0 Safari/537.36',
  'upgrade-insecure-requests' => '1',
  'host' => 'blog.taotaifu.cn',
  'accept-encoding' => 'gzip, deflate',
  'accept' => 'text/html,application/xhtml+xml,application/xml;q=0.9,image/webp,image/apng,*/*;q=0.8',
  'content-type' => '',
  'content-length' => '',
)
[ info ] [ PARAM ] array (
  'arc_id' => '157',
)
[ info ] [ DB ] INIT mysql
[ info ] [ RUN ] app\index\controller\Content->index[ /www/wwwroot/blog_taotaifu_cn/application/index/controller/Content.php ]
[ info ] [ CACHE ] INIT File
[ info ] [ VIEW ] /www/wwwroot/blog_taotaifu_cn/public/../application/index/view/content/index.html [ array (
  0 => '_webset',
  1 => '_cateData',
  2 => '_allCateData',
  3 => '_tagData',
  4 => '_articleData',
  5 => '_linkData',
  6 => 'headConf',
  7 => 'articleData',
) ]
[ info ] [ LOG ] INIT File
[ sql ] [ DB ] CONNECT:[ UseTime:0.001496s ] mysql:host=188.131.144.216;port=3306;dbname=blog_taotaifu_cn;charset=utf8
[ sql ] [ SQL ] SHOW COLUMNS FROM `blog_webset` [ RunTime:0.001217s ]
[ sql ] [ SQL ] SELECT `webset_name`,`webset_value` FROM `blog_webset` [ RunTime:0.000787s ]
[ sql ] [ SQL ] SHOW COLUMNS FROM `blog_cate` [ RunTime:0.001495s ]
[ sql ] [ SQL ] SELECT * FROM `blog_cate` WHERE  `cate_pid` = 0 ORDER BY `cate_sort` DESC LIMIT 6 [ RunTime:0.001168s ]
[ sql ] [ SQL ] SELECT * FROM `blog_cate` ORDER BY `cate_sort` DESC [ RunTime:0.000966s ]
[ sql ] [ SQL ] SHOW COLUMNS FROM `blog_tag` [ RunTime:0.001770s ]
[ sql ] [ SQL ] SELECT * FROM `blog_tag` [ RunTime:0.001061s ]
[ sql ] [ SQL ] SHOW COLUMNS FROM `blog_article` [ RunTime:0.001414s ]
[ sql ] [ SQL ] SELECT `arc_id`,`arc_title` FROM `blog_article` ORDER BY `sendtime` DESC [ RunTime:0.001890s ]
[ sql ] [ SQL ] SHOW COLUMNS FROM `blog_link` [ RunTime:0.001292s ]
[ sql ] [ SQL ] SELECT * FROM `blog_link` ORDER BY `link_sort` DESC [ RunTime:0.000949s ]
[ sql ] [ SQL ] UPDATE `blog_article`  SET `arc_click`=`arc_click`+1  WHERE  `arc_id` = 157 [ RunTime:0.066158s ]
[ sql ] [ SQL ] SELECT `arc_id`,`arc_title`,`arc_author`,`arc_content`,`sendtime` FROM `blog_article` WHERE  `arc_id` = 157 LIMIT 1 [ RunTime:0.002453s ]
[ sql ] [ SQL ] SHOW COLUMNS FROM `blog_arc_tag` [ RunTime:0.002030s ]
[ sql ] [ SQL ] SELECT `t`.`tag_id`,`t`.`tag_name` FROM `blog_arc_tag` `at` INNER JOIN `blog_tag` `t` ON `at`.`tag_id`=`t`.`tag_id` WHERE  `at`.`arc_id` = 157 LIMIT 3 [ RunTime:0.000983s ]
[ sql ] [ SQL ] SELECT * FROM `blog_article` WHERE  `arc_id` = 157 LIMIT 1 [ RunTime:0.004054s ]
---------------------------------------------------------------
[ 2019-04-29T22:27:32+08:00 ] 106.11.153.43 GET blog.taotaifu.cn/w/143.html
[运行时间：0.061806s] [吞吐率：16.18req/s] [内存消耗：2,266.52kb] [文件加载：55]
[ info ] [ LANG ] /www/wwwroot/blog_taotaifu_cn/thinkphp/lang/zh-cn.php
[ info ] [ ROUTE ] array (
  'type' => 'module',
  'module' => 
  array (
    0 => 'index',
    1 => 'content',
    2 => 'index',
  ),
  'convert' => false,
)
[ info ] [ HEADER ] array (
  'connection' => 'close',
  'user-agent' => 'Mozilla/5.0 (Windows NT 6.1; Win64; x64) AppleWebKit/537.36 (KHTML, like Gecko) Chrome/69.0.3497.81 YisouSpider/5.0 Safari/537.36',
  'upgrade-insecure-requests' => '1',
  'host' => 'blog.taotaifu.cn',
  'accept-encoding' => 'gzip, deflate',
  'accept' => 'text/html,application/xhtml+xml,application/xml;q=0.9,image/webp,image/apng,*/*;q=0.8',
  'content-type' => '',
  'content-length' => '',
)
[ info ] [ PARAM ] array (
  'arc_id' => '143',
)
[ info ] [ DB ] INIT mysql
[ info ] [ RUN ] app\index\controller\Content->index[ /www/wwwroot/blog_taotaifu_cn/application/index/controller/Content.php ]
[ info ] [ CACHE ] INIT File
[ info ] [ VIEW ] /www/wwwroot/blog_taotaifu_cn/public/../application/index/view/content/index.html [ array (
  0 => '_webset',
  1 => '_cateData',
  2 => '_allCateData',
  3 => '_tagData',
  4 => '_articleData',
  5 => '_linkData',
  6 => 'headConf',
  7 => 'articleData',
) ]
[ info ] [ LOG ] INIT File
[ sql ] [ DB ] CONNECT:[ UseTime:0.001489s ] mysql:host=188.131.144.216;port=3306;dbname=blog_taotaifu_cn;charset=utf8
[ sql ] [ SQL ] SHOW COLUMNS FROM `blog_webset` [ RunTime:0.001303s ]
[ sql ] [ SQL ] SELECT `webset_name`,`webset_value` FROM `blog_webset` [ RunTime:0.000928s ]
[ sql ] [ SQL ] SHOW COLUMNS FROM `blog_cate` [ RunTime:0.001676s ]
[ sql ] [ SQL ] SELECT * FROM `blog_cate` WHERE  `cate_pid` = 0 ORDER BY `cate_sort` DESC LIMIT 6 [ RunTime:0.001067s ]
[ sql ] [ SQL ] SELECT * FROM `blog_cate` ORDER BY `cate_sort` DESC [ RunTime:0.001811s ]
[ sql ] [ SQL ] SHOW COLUMNS FROM `blog_tag` [ RunTime:0.001334s ]
[ sql ] [ SQL ] SELECT * FROM `blog_tag` [ RunTime:0.000975s ]
[ sql ] [ SQL ] SHOW COLUMNS FROM `blog_article` [ RunTime:0.001404s ]
[ sql ] [ SQL ] SELECT `arc_id`,`arc_title` FROM `blog_article` ORDER BY `sendtime` DESC [ RunTime:0.001714s ]
[ sql ] [ SQL ] SHOW COLUMNS FROM `blog_link` [ RunTime:0.001520s ]
[ sql ] [ SQL ] SELECT * FROM `blog_link` ORDER BY `link_sort` DESC [ RunTime:0.001670s ]
[ sql ] [ SQL ] UPDATE `blog_article`  SET `arc_click`=`arc_click`+1  WHERE  `arc_id` = 143 [ RunTime:0.010345s ]
[ sql ] [ SQL ] SELECT `arc_id`,`arc_title`,`arc_author`,`arc_content`,`sendtime` FROM `blog_article` WHERE  `arc_id` = 143 LIMIT 1 [ RunTime:0.001174s ]
[ sql ] [ SQL ] SHOW COLUMNS FROM `blog_arc_tag` [ RunTime:0.001487s ]
[ sql ] [ SQL ] SELECT `t`.`tag_id`,`t`.`tag_name` FROM `blog_arc_tag` `at` INNER JOIN `blog_tag` `t` ON `at`.`tag_id`=`t`.`tag_id` WHERE  `at`.`arc_id` = 143 LIMIT 3 [ RunTime:0.001059s ]
[ sql ] [ SQL ] SELECT * FROM `blog_article` WHERE  `arc_id` = 143 LIMIT 1 [ RunTime:0.000965s ]
