---------------------------------------------------------------
[ 2019-05-12T00:55:58+08:00 ] 54.36.148.228 GET blog.taotaifu.cn/index.html?page=5
[运行时间：1.108943s] [吞吐率：0.90req/s] [内存消耗：2,814.63kb] [文件加载：59]
[ info ] [ LANG ] /www/wwwroot/blog_taotaifu_cn/thinkphp/lang/zh-cn.php
[ info ] [ ROUTE ] array (
  'type' => 'module',
  'module' => 
  array (
    0 => 'index',
    1 => NULL,
    2 => NULL,
  ),
)
[ info ] [ HEADER ] array (
  'accept-encoding' => 'deflate, gzip',
  'accept' => '*/*',
  'user-agent' => 'Mozilla/5.0 (compatible; AhrefsBot/6.1; +http://ahrefs.com/robot/)',
  'host' => 'blog.taotaifu.cn',
  'content-type' => '',
  'content-length' => '',
)
[ info ] [ PARAM ] array (
  'page' => '5',
)
[ info ] [ DB ] INIT mysql
[ info ] [ RUN ] app\index\controller\Index->index[ /www/wwwroot/blog_taotaifu_cn/application/index/controller/Index.php ]
[ info ] [ VIEW ] /www/wwwroot/blog_taotaifu_cn/public/../application/index/view/index/index.html [ array (
  0 => '_webset',
  1 => '_cateData',
  2 => '_allCateData',
  3 => '_tagData',
  4 => '_articleData',
  5 => '_linkData',
  6 => 'headConf',
  7 => 'srchtxt',
  8 => 'limit',
  9 => 'page',
  10 => 'articleData',
) ]
[ info ] [ LOG ] INIT File
[ sql ] [ DB ] CONNECT:[ UseTime:0.001231s ] mysql:host=188.131.144.216;port=3306;dbname=blog_taotaifu_cn;charset=utf8
[ sql ] [ SQL ] SHOW COLUMNS FROM `blog_webset` [ RunTime:0.001136s ]
[ sql ] [ SQL ] SELECT `webset_name`,`webset_value` FROM `blog_webset` [ RunTime:0.000700s ]
[ sql ] [ SQL ] SHOW COLUMNS FROM `blog_cate` [ RunTime:0.000997s ]
[ sql ] [ SQL ] SELECT * FROM `blog_cate` WHERE  `cate_pid` = 0 ORDER BY `cate_sort` DESC LIMIT 6 [ RunTime:0.000788s ]
[ sql ] [ SQL ] SELECT * FROM `blog_cate` ORDER BY `cate_sort` DESC [ RunTime:0.000734s ]
[ sql ] [ SQL ] SHOW COLUMNS FROM `blog_tag` [ RunTime:0.001009s ]
[ sql ] [ SQL ] SELECT * FROM `blog_tag` [ RunTime:0.000713s ]
[ sql ] [ SQL ] SHOW COLUMNS FROM `blog_article` [ RunTime:0.001065s ]
[ sql ] [ SQL ] SELECT `arc_id`,`arc_title` FROM `blog_article` ORDER BY `sendtime` DESC [ RunTime:0.001492s ]
[ sql ] [ SQL ] SHOW COLUMNS FROM `blog_link` [ RunTime:0.000985s ]
[ sql ] [ SQL ] SELECT * FROM `blog_link` ORDER BY `link_sort` DESC [ RunTime:0.000708s ]
[ sql ] [ SQL ] SELECT COUNT(*) AS tp_count FROM `blog_article` `a` INNER JOIN `blog_cate` `c` ON `a`.`cate_id`=`c`.`cate_id` WHERE  `a`.`is_recycle` = 2 LIMIT 1 [ RunTime:0.001158s ]
[ sql ] [ SQL ] SELECT * FROM `blog_article` `a` INNER JOIN `blog_cate` `c` ON `a`.`cate_id`=`c`.`cate_id` WHERE  `a`.`is_recycle` = 2 ORDER BY `sendtime` DESC LIMIT 32,8 [ RunTime:1.055191s ]
[ sql ] [ SQL ] SHOW COLUMNS FROM `blog_arc_tag` [ RunTime:0.001250s ]
[ sql ] [ SQL ] SELECT `t`.`tag_id`,`t`.`tag_name` FROM `blog_arc_tag` `at` INNER JOIN `blog_tag` `t` ON `at`.`tag_id`=`t`.`tag_id` WHERE  `at`.`arc_id` = 132 [ RunTime:0.000830s ]
[ sql ] [ SQL ] SELECT `t`.`tag_id`,`t`.`tag_name` FROM `blog_arc_tag` `at` INNER JOIN `blog_tag` `t` ON `at`.`tag_id`=`t`.`tag_id` WHERE  `at`.`arc_id` = 146 [ RunTime:0.000808s ]
[ sql ] [ SQL ] SELECT `t`.`tag_id`,`t`.`tag_name` FROM `blog_arc_tag` `at` INNER JOIN `blog_tag` `t` ON `at`.`tag_id`=`t`.`tag_id` WHERE  `at`.`arc_id` = 147 [ RunTime:0.000737s ]
[ sql ] [ SQL ] SELECT `t`.`tag_id`,`t`.`tag_name` FROM `blog_arc_tag` `at` INNER JOIN `blog_tag` `t` ON `at`.`tag_id`=`t`.`tag_id` WHERE  `at`.`arc_id` = 109 [ RunTime:0.000775s ]
[ sql ] [ SQL ] SELECT `t`.`tag_id`,`t`.`tag_name` FROM `blog_arc_tag` `at` INNER JOIN `blog_tag` `t` ON `at`.`tag_id`=`t`.`tag_id` WHERE  `at`.`arc_id` = 133 [ RunTime:0.000744s ]
[ sql ] [ SQL ] SELECT `t`.`tag_id`,`t`.`tag_name` FROM `blog_arc_tag` `at` INNER JOIN `blog_tag` `t` ON `at`.`tag_id`=`t`.`tag_id` WHERE  `at`.`arc_id` = 134 [ RunTime:0.000746s ]
[ sql ] [ SQL ] SELECT `t`.`tag_id`,`t`.`tag_name` FROM `blog_arc_tag` `at` INNER JOIN `blog_tag` `t` ON `at`.`tag_id`=`t`.`tag_id` WHERE  `at`.`arc_id` = 135 [ RunTime:0.000781s ]
[ sql ] [ SQL ] SELECT `t`.`tag_id`,`t`.`tag_name` FROM `blog_arc_tag` `at` INNER JOIN `blog_tag` `t` ON `at`.`tag_id`=`t`.`tag_id` WHERE  `at`.`arc_id` = 136 [ RunTime:0.000756s ]
---------------------------------------------------------------
[ 2019-05-12T01:36:02+08:00 ] 106.11.159.60 GET blog.taotaifu.cn/?page=6
[运行时间：0.928213s] [吞吐率：1.08req/s] [内存消耗：2,782.40kb] [文件加载：59]
[ info ] [ LANG ] /www/wwwroot/blog_taotaifu_cn/thinkphp/lang/zh-cn.php
[ info ] [ ROUTE ] array (
  'type' => 'module',
  'module' => 
  array (
    0 => '',
    1 => NULL,
    2 => NULL,
  ),
)
[ info ] [ HEADER ] array (
  'connection' => 'close',
  'user-agent' => 'Mozilla/5.0 (Windows NT 6.1; Win64; x64) AppleWebKit/537.36 (KHTML, like Gecko) Chrome/69.0.3497.81 YisouSpider/5.0 Safari/537.36',
  'upgrade-insecure-requests' => '1',
  'host' => 'blog.taotaifu.cn',
  'accept-encoding' => 'gzip, deflate',
  'accept' => 'text/html,application/xhtml+xml,application/xml;q=0.9,image/webp,image/apng,*/*;q=0.8',
  'content-type' => '',
  'content-length' => '',
)
[ info ] [ PARAM ] array (
  'page' => '6',
)
[ info ] [ DB ] INIT mysql
[ info ] [ RUN ] app\index\controller\Index->index[ /www/wwwroot/blog_taotaifu_cn/application/index/controller/Index.php ]
[ info ] [ VIEW ] /www/wwwroot/blog_taotaifu_cn/public/../application/index/view/index/index.html [ array (
  0 => '_webset',
  1 => '_cateData',
  2 => '_allCateData',
  3 => '_tagData',
  4 => '_articleData',
  5 => '_linkData',
  6 => 'headConf',
  7 => 'srchtxt',
  8 => 'limit',
  9 => 'page',
  10 => 'articleData',
) ]
[ info ] [ LOG ] INIT File
[ sql ] [ DB ] CONNECT:[ UseTime:0.001204s ] mysql:host=188.131.144.216;port=3306;dbname=blog_taotaifu_cn;charset=utf8
[ sql ] [ SQL ] SHOW COLUMNS FROM `blog_webset` [ RunTime:0.001107s ]
[ sql ] [ SQL ] SELECT `webset_name`,`webset_value` FROM `blog_webset` [ RunTime:0.000723s ]
[ sql ] [ SQL ] SHOW COLUMNS FROM `blog_cate` [ RunTime:0.000958s ]
[ sql ] [ SQL ] SELECT * FROM `blog_cate` WHERE  `cate_pid` = 0 ORDER BY `cate_sort` DESC LIMIT 6 [ RunTime:0.000822s ]
[ sql ] [ SQL ] SELECT * FROM `blog_cate` ORDER BY `cate_sort` DESC [ RunTime:0.000768s ]
[ sql ] [ SQL ] SHOW COLUMNS FROM `blog_tag` [ RunTime:0.001001s ]
[ sql ] [ SQL ] SELECT * FROM `blog_tag` [ RunTime:0.000720s ]
[ sql ] [ SQL ] SHOW COLUMNS FROM `blog_article` [ RunTime:0.001039s ]
[ sql ] [ SQL ] SELECT `arc_id`,`arc_title` FROM `blog_article` ORDER BY `sendtime` DESC [ RunTime:0.001486s ]
[ sql ] [ SQL ] SHOW COLUMNS FROM `blog_link` [ RunTime:0.000984s ]
[ sql ] [ SQL ] SELECT * FROM `blog_link` ORDER BY `link_sort` DESC [ RunTime:0.000747s ]
[ sql ] [ SQL ] SELECT COUNT(*) AS tp_count FROM `blog_article` `a` INNER JOIN `blog_cate` `c` ON `a`.`cate_id`=`c`.`cate_id` WHERE  `a`.`is_recycle` = 2 LIMIT 1 [ RunTime:0.001190s ]
[ sql ] [ SQL ] SELECT * FROM `blog_article` `a` INNER JOIN `blog_cate` `c` ON `a`.`cate_id`=`c`.`cate_id` WHERE  `a`.`is_recycle` = 2 ORDER BY `sendtime` DESC LIMIT 40,8 [ RunTime:0.663625s ]
[ sql ] [ SQL ] SHOW COLUMNS FROM `blog_arc_tag` [ RunTime:0.001197s ]
[ sql ] [ SQL ] SELECT `t`.`tag_id`,`t`.`tag_name` FROM `blog_arc_tag` `at` INNER JOIN `blog_tag` `t` ON `at`.`tag_id`=`t`.`tag_id` WHERE  `at`.`arc_id` = 137 [ RunTime:0.000967s ]
[ sql ] [ SQL ] SELECT `t`.`tag_id`,`t`.`tag_name` FROM `blog_arc_tag` `at` INNER JOIN `blog_tag` `t` ON `at`.`tag_id`=`t`.`tag_id` WHERE  `at`.`arc_id` = 138 [ RunTime:0.000890s ]
[ sql ] [ SQL ] SELECT `t`.`tag_id`,`t`.`tag_name` FROM `blog_arc_tag` `at` INNER JOIN `blog_tag` `t` ON `at`.`tag_id`=`t`.`tag_id` WHERE  `at`.`arc_id` = 139 [ RunTime:0.000816s ]
[ sql ] [ SQL ] SELECT `t`.`tag_id`,`t`.`tag_name` FROM `blog_arc_tag` `at` INNER JOIN `blog_tag` `t` ON `at`.`tag_id`=`t`.`tag_id` WHERE  `at`.`arc_id` = 140 [ RunTime:0.000801s ]
[ sql ] [ SQL ] SELECT `t`.`tag_id`,`t`.`tag_name` FROM `blog_arc_tag` `at` INNER JOIN `blog_tag` `t` ON `at`.`tag_id`=`t`.`tag_id` WHERE  `at`.`arc_id` = 141 [ RunTime:0.000779s ]
[ sql ] [ SQL ] SELECT `t`.`tag_id`,`t`.`tag_name` FROM `blog_arc_tag` `at` INNER JOIN `blog_tag` `t` ON `at`.`tag_id`=`t`.`tag_id` WHERE  `at`.`arc_id` = 160 [ RunTime:0.204685s ]
[ sql ] [ SQL ] SELECT `t`.`tag_id`,`t`.`tag_name` FROM `blog_arc_tag` `at` INNER JOIN `blog_tag` `t` ON `at`.`tag_id`=`t`.`tag_id` WHERE  `at`.`arc_id` = 105 [ RunTime:0.001023s ]
[ sql ] [ SQL ] SELECT `t`.`tag_id`,`t`.`tag_name` FROM `blog_arc_tag` `at` INNER JOIN `blog_tag` `t` ON `at`.`tag_id`=`t`.`tag_id` WHERE  `at`.`arc_id` = 149 [ RunTime:0.000807s ]
---------------------------------------------------------------
[ 2019-05-12T12:59:28+08:00 ] 106.11.157.59 GET blog.taotaifu.cn/w/111.html
[运行时间：0.055966s] [吞吐率：17.87req/s] [内存消耗：2,294.85kb] [文件加载：55]
[ info ] [ LANG ] /www/wwwroot/blog_taotaifu_cn/thinkphp/lang/zh-cn.php
[ info ] [ ROUTE ] array (
  'type' => 'module',
  'module' => 
  array (
    0 => 'index',
    1 => 'content',
    2 => 'index',
  ),
  'convert' => false,
)
[ info ] [ HEADER ] array (
  'connection' => 'close',
  'user-agent' => 'Mozilla/5.0 (Windows NT 6.1; Win64; x64) AppleWebKit/537.36 (KHTML, like Gecko) Chrome/69.0.3497.81 YisouSpider/5.0 Safari/537.36',
  'upgrade-insecure-requests' => '1',
  'host' => 'blog.taotaifu.cn',
  'accept-encoding' => 'gzip, deflate',
  'accept' => 'text/html,application/xhtml+xml,application/xml;q=0.9,image/webp,image/apng,*/*;q=0.8',
  'content-type' => '',
  'content-length' => '',
)
[ info ] [ PARAM ] array (
  'arc_id' => '111',
)
[ info ] [ DB ] INIT mysql
[ info ] [ RUN ] app\index\controller\Content->index[ /www/wwwroot/blog_taotaifu_cn/application/index/controller/Content.php ]
[ info ] [ CACHE ] INIT File
[ info ] [ VIEW ] /www/wwwroot/blog_taotaifu_cn/public/../application/index/view/content/index.html [ array (
  0 => '_webset',
  1 => '_cateData',
  2 => '_allCateData',
  3 => '_tagData',
  4 => '_articleData',
  5 => '_linkData',
  6 => 'headConf',
  7 => 'articleData',
) ]
[ info ] [ LOG ] INIT File
[ sql ] [ DB ] CONNECT:[ UseTime:0.001277s ] mysql:host=188.131.144.216;port=3306;dbname=blog_taotaifu_cn;charset=utf8
[ sql ] [ SQL ] SHOW COLUMNS FROM `blog_webset` [ RunTime:0.001193s ]
[ sql ] [ SQL ] SELECT `webset_name`,`webset_value` FROM `blog_webset` [ RunTime:0.000719s ]
[ sql ] [ SQL ] SHOW COLUMNS FROM `blog_cate` [ RunTime:0.001078s ]
[ sql ] [ SQL ] SELECT * FROM `blog_cate` WHERE  `cate_pid` = 0 ORDER BY `cate_sort` DESC LIMIT 6 [ RunTime:0.000811s ]
[ sql ] [ SQL ] SELECT * FROM `blog_cate` ORDER BY `cate_sort` DESC [ RunTime:0.000773s ]
[ sql ] [ SQL ] SHOW COLUMNS FROM `blog_tag` [ RunTime:0.000965s ]
[ sql ] [ SQL ] SELECT * FROM `blog_tag` [ RunTime:0.000710s ]
[ sql ] [ SQL ] SHOW COLUMNS FROM `blog_article` [ RunTime:0.001051s ]
[ sql ] [ SQL ] SELECT `arc_id`,`arc_title` FROM `blog_article` ORDER BY `sendtime` DESC [ RunTime:0.001565s ]
[ sql ] [ SQL ] SHOW COLUMNS FROM `blog_link` [ RunTime:0.001065s ]
[ sql ] [ SQL ] SELECT * FROM `blog_link` ORDER BY `link_sort` DESC [ RunTime:0.000705s ]
[ sql ] [ SQL ] UPDATE `blog_article`  SET `arc_click`=`arc_click`+1  WHERE  `arc_id` = 111 [ RunTime:0.012780s ]
[ sql ] [ SQL ] SELECT `arc_id`,`arc_title`,`arc_author`,`arc_content`,`sendtime` FROM `blog_article` WHERE  `arc_id` = 111 LIMIT 1 [ RunTime:0.001022s ]
[ sql ] [ SQL ] SHOW COLUMNS FROM `blog_arc_tag` [ RunTime:0.001220s ]
[ sql ] [ SQL ] SELECT `t`.`tag_id`,`t`.`tag_name` FROM `blog_arc_tag` `at` INNER JOIN `blog_tag` `t` ON `at`.`tag_id`=`t`.`tag_id` WHERE  `at`.`arc_id` = 111 LIMIT 3 [ RunTime:0.000895s ]
[ sql ] [ SQL ] SELECT * FROM `blog_article` WHERE  `arc_id` = 111 LIMIT 1 [ RunTime:0.000981s ]
