---------------------------------------------------------------
[ 2019-05-15T00:50:06+08:00 ] 42.156.138.49 GET blog.taotaifu.cn/w/161.html
[运行时间：0.060242s] [吞吐率：16.60req/s] [内存消耗：2,382.19kb] [文件加载：55]
[ info ] [ LANG ] /www/wwwroot/blog_taotaifu_cn/thinkphp/lang/zh-cn.php
[ info ] [ ROUTE ] array (
  'type' => 'module',
  'module' => 
  array (
    0 => 'index',
    1 => 'content',
    2 => 'index',
  ),
  'convert' => false,
)
[ info ] [ HEADER ] array (
  'connection' => 'close',
  'user-agent' => 'Mozilla/5.0 (Windows NT 6.1; Win64; x64) AppleWebKit/537.36 (KHTML, like Gecko) Chrome/69.0.3497.81 YisouSpider/5.0 Safari/537.36',
  'upgrade-insecure-requests' => '1',
  'host' => 'blog.taotaifu.cn',
  'accept-encoding' => 'gzip, deflate',
  'accept' => 'text/html,application/xhtml+xml,application/xml;q=0.9,image/webp,image/apng,*/*;q=0.8',
  'content-type' => '',
  'content-length' => '',
)
[ info ] [ PARAM ] array (
  'arc_id' => '161',
)
[ info ] [ DB ] INIT mysql
[ info ] [ RUN ] app\index\controller\Content->index[ /www/wwwroot/blog_taotaifu_cn/application/index/controller/Content.php ]
[ info ] [ CACHE ] INIT File
[ info ] [ VIEW ] /www/wwwroot/blog_taotaifu_cn/public/../application/index/view/content/index.html [ array (
  0 => '_webset',
  1 => '_cateData',
  2 => '_allCateData',
  3 => '_tagData',
  4 => '_articleData',
  5 => '_linkData',
  6 => 'headConf',
  7 => 'articleData',
) ]
[ info ] [ LOG ] INIT File
[ sql ] [ DB ] CONNECT:[ UseTime:0.001253s ] mysql:host=188.131.144.216;port=3306;dbname=blog_taotaifu_cn;charset=utf8
[ sql ] [ SQL ] SHOW COLUMNS FROM `blog_webset` [ RunTime:0.001172s ]
[ sql ] [ SQL ] SELECT `webset_name`,`webset_value` FROM `blog_webset` [ RunTime:0.000744s ]
[ sql ] [ SQL ] SHOW COLUMNS FROM `blog_cate` [ RunTime:0.001058s ]
[ sql ] [ SQL ] SELECT * FROM `blog_cate` WHERE  `cate_pid` = 0 ORDER BY `cate_sort` DESC LIMIT 6 [ RunTime:0.000879s ]
[ sql ] [ SQL ] SELECT * FROM `blog_cate` ORDER BY `cate_sort` DESC [ RunTime:0.000841s ]
[ sql ] [ SQL ] SHOW COLUMNS FROM `blog_tag` [ RunTime:0.001124s ]
[ sql ] [ SQL ] SELECT * FROM `blog_tag` [ RunTime:0.000843s ]
[ sql ] [ SQL ] SHOW COLUMNS FROM `blog_article` [ RunTime:0.001124s ]
[ sql ] [ SQL ] SELECT `arc_id`,`arc_title` FROM `blog_article` ORDER BY `sendtime` DESC [ RunTime:0.001642s ]
[ sql ] [ SQL ] SHOW COLUMNS FROM `blog_link` [ RunTime:0.001150s ]
[ sql ] [ SQL ] SELECT * FROM `blog_link` ORDER BY `link_sort` DESC [ RunTime:0.000906s ]
[ sql ] [ SQL ] UPDATE `blog_article`  SET `arc_click`=`arc_click`+1  WHERE  `arc_id` = 161 [ RunTime:0.016205s ]
[ sql ] [ SQL ] SELECT `arc_id`,`arc_title`,`arc_author`,`arc_content`,`sendtime` FROM `blog_article` WHERE  `arc_id` = 161 LIMIT 1 [ RunTime:0.001351s ]
[ sql ] [ SQL ] SHOW COLUMNS FROM `blog_arc_tag` [ RunTime:0.001085s ]
[ sql ] [ SQL ] SELECT `t`.`tag_id`,`t`.`tag_name` FROM `blog_arc_tag` `at` INNER JOIN `blog_tag` `t` ON `at`.`tag_id`=`t`.`tag_id` WHERE  `at`.`arc_id` = 161 LIMIT 3 [ RunTime:0.000822s ]
[ sql ] [ SQL ] SELECT * FROM `blog_article` WHERE  `arc_id` = 161 LIMIT 1 [ RunTime:0.001340s ]
---------------------------------------------------------------
[ 2019-05-15T01:44:42+08:00 ] 42.156.254.52 GET blog.taotaifu.cn/w/151.html
[运行时间：0.165514s] [吞吐率：6.04req/s] [内存消耗：2,381.98kb] [文件加载：55]
[ info ] [ LANG ] /www/wwwroot/blog_taotaifu_cn/thinkphp/lang/zh-cn.php
[ info ] [ ROUTE ] array (
  'type' => 'module',
  'module' => 
  array (
    0 => 'index',
    1 => 'content',
    2 => 'index',
  ),
  'convert' => false,
)
[ info ] [ HEADER ] array (
  'connection' => 'close',
  'user-agent' => 'Mozilla/5.0 (Windows NT 6.1; Win64; x64) AppleWebKit/537.36 (KHTML, like Gecko) Chrome/69.0.3497.81 YisouSpider/5.0 Safari/537.36',
  'upgrade-insecure-requests' => '1',
  'host' => 'blog.taotaifu.cn',
  'accept-encoding' => 'gzip, deflate',
  'accept' => 'text/html,application/xhtml+xml,application/xml;q=0.9,image/webp,image/apng,*/*;q=0.8',
  'content-type' => '',
  'content-length' => '',
)
[ info ] [ PARAM ] array (
  'arc_id' => '151',
)
[ info ] [ DB ] INIT mysql
[ info ] [ RUN ] app\index\controller\Content->index[ /www/wwwroot/blog_taotaifu_cn/application/index/controller/Content.php ]
[ info ] [ CACHE ] INIT File
[ info ] [ VIEW ] /www/wwwroot/blog_taotaifu_cn/public/../application/index/view/content/index.html [ array (
  0 => '_webset',
  1 => '_cateData',
  2 => '_allCateData',
  3 => '_tagData',
  4 => '_articleData',
  5 => '_linkData',
  6 => 'headConf',
  7 => 'articleData',
) ]
[ info ] [ LOG ] INIT File
[ sql ] [ DB ] CONNECT:[ UseTime:0.001251s ] mysql:host=188.131.144.216;port=3306;dbname=blog_taotaifu_cn;charset=utf8
[ sql ] [ SQL ] SHOW COLUMNS FROM `blog_webset` [ RunTime:0.001178s ]
[ sql ] [ SQL ] SELECT `webset_name`,`webset_value` FROM `blog_webset` [ RunTime:0.000759s ]
[ sql ] [ SQL ] SHOW COLUMNS FROM `blog_cate` [ RunTime:0.001075s ]
[ sql ] [ SQL ] SELECT * FROM `blog_cate` WHERE  `cate_pid` = 0 ORDER BY `cate_sort` DESC LIMIT 6 [ RunTime:0.000862s ]
[ sql ] [ SQL ] SELECT * FROM `blog_cate` ORDER BY `cate_sort` DESC [ RunTime:0.000799s ]
[ sql ] [ SQL ] SHOW COLUMNS FROM `blog_tag` [ RunTime:0.001053s ]
[ sql ] [ SQL ] SELECT * FROM `blog_tag` [ RunTime:0.000747s ]
[ sql ] [ SQL ] SHOW COLUMNS FROM `blog_article` [ RunTime:0.001101s ]
[ sql ] [ SQL ] SELECT `arc_id`,`arc_title` FROM `blog_article` ORDER BY `sendtime` DESC [ RunTime:0.001527s ]
[ sql ] [ SQL ] SHOW COLUMNS FROM `blog_link` [ RunTime:0.001074s ]
[ sql ] [ SQL ] SELECT * FROM `blog_link` ORDER BY `link_sort` DESC [ RunTime:0.000851s ]
[ sql ] [ SQL ] UPDATE `blog_article`  SET `arc_click`=`arc_click`+1  WHERE  `arc_id` = 151 [ RunTime:0.121229s ]
[ sql ] [ SQL ] SELECT `arc_id`,`arc_title`,`arc_author`,`arc_content`,`sendtime` FROM `blog_article` WHERE  `arc_id` = 151 LIMIT 1 [ RunTime:0.001476s ]
[ sql ] [ SQL ] SHOW COLUMNS FROM `blog_arc_tag` [ RunTime:0.001167s ]
[ sql ] [ SQL ] SELECT `t`.`tag_id`,`t`.`tag_name` FROM `blog_arc_tag` `at` INNER JOIN `blog_tag` `t` ON `at`.`tag_id`=`t`.`tag_id` WHERE  `at`.`arc_id` = 151 LIMIT 3 [ RunTime:0.000862s ]
[ sql ] [ SQL ] SELECT * FROM `blog_article` WHERE  `arc_id` = 151 LIMIT 1 [ RunTime:0.001274s ]
---------------------------------------------------------------
[ 2019-05-15T05:19:36+08:00 ] 42.156.138.123 GET blog.taotaifu.cn/t/33.html
[运行时间：1.178432s] [吞吐率：0.85req/s] [内存消耗：2,605.84kb] [文件加载：54]
[ info ] [ LANG ] /www/wwwroot/blog_taotaifu_cn/thinkphp/lang/zh-cn.php
[ info ] [ ROUTE ] array (
  'type' => 'module',
  'module' => 
  array (
    0 => 'index',
    1 => 'lists',
    2 => 'index',
  ),
  'convert' => false,
)
[ info ] [ HEADER ] array (
  'connection' => 'close',
  'user-agent' => 'Mozilla/5.0 (Windows NT 6.1; Win64; x64) AppleWebKit/537.36 (KHTML, like Gecko) Chrome/69.0.3497.81 YisouSpider/5.0 Safari/537.36',
  'upgrade-insecure-requests' => '1',
  'host' => 'blog.taotaifu.cn',
  'accept-encoding' => 'gzip, deflate',
  'accept' => 'text/html,application/xhtml+xml,application/xml;q=0.9,image/webp,image/apng,*/*;q=0.8',
  'content-type' => '',
  'content-length' => '',
)
[ info ] [ PARAM ] array (
  'tag_id' => '33',
)
[ info ] [ DB ] INIT mysql
[ info ] [ RUN ] app\index\controller\Lists->index[ /www/wwwroot/blog_taotaifu_cn/application/index/controller/Lists.php ]
[ info ] [ VIEW ] /www/wwwroot/blog_taotaifu_cn/public/../application/index/view/lists/index.html [ array (
  0 => '_webset',
  1 => '_cateData',
  2 => '_allCateData',
  3 => '_tagData',
  4 => '_articleData',
  5 => '_linkData',
  6 => 'headConf',
  7 => 'headData',
  8 => 'articleData',
) ]
[ info ] [ LOG ] INIT File
[ sql ] [ DB ] CONNECT:[ UseTime:0.001212s ] mysql:host=188.131.144.216;port=3306;dbname=blog_taotaifu_cn;charset=utf8
[ sql ] [ SQL ] SHOW COLUMNS FROM `blog_webset` [ RunTime:0.001158s ]
[ sql ] [ SQL ] SELECT `webset_name`,`webset_value` FROM `blog_webset` [ RunTime:0.000776s ]
[ sql ] [ SQL ] SHOW COLUMNS FROM `blog_cate` [ RunTime:0.001020s ]
[ sql ] [ SQL ] SELECT * FROM `blog_cate` WHERE  `cate_pid` = 0 ORDER BY `cate_sort` DESC LIMIT 6 [ RunTime:0.000770s ]
[ sql ] [ SQL ] SELECT * FROM `blog_cate` ORDER BY `cate_sort` DESC [ RunTime:0.000768s ]
[ sql ] [ SQL ] SHOW COLUMNS FROM `blog_tag` [ RunTime:0.000918s ]
[ sql ] [ SQL ] SELECT * FROM `blog_tag` [ RunTime:0.000702s ]
[ sql ] [ SQL ] SHOW COLUMNS FROM `blog_article` [ RunTime:0.001151s ]
[ sql ] [ SQL ] SELECT `arc_id`,`arc_title` FROM `blog_article` ORDER BY `sendtime` DESC [ RunTime:0.001432s ]
[ sql ] [ SQL ] SHOW COLUMNS FROM `blog_link` [ RunTime:0.001004s ]
[ sql ] [ SQL ] SELECT * FROM `blog_link` ORDER BY `link_sort` DESC [ RunTime:0.000687s ]
[ sql ] [ SQL ] SELECT `tag_name` FROM `blog_tag` WHERE  `tag_id` = 33 LIMIT 1 [ RunTime:0.000707s ]
[ sql ] [ SQL ] SHOW COLUMNS FROM `blog_arc_tag` [ RunTime:0.000988s ]
[ sql ] [ SQL ] SELECT COUNT(*) AS tp_count FROM `blog_arc_tag` WHERE  `tag_id` = 33 LIMIT 1 [ RunTime:0.000719s ]
[ sql ] [ SQL ] SELECT * FROM `blog_article` `a` INNER JOIN `blog_arc_tag` `at` ON `a`.`arc_id`=`at`.`arc_id` INNER JOIN `blog_cate` `c` ON `a`.`cate_id`=`c`.`cate_id` WHERE  `a`.`is_recycle` = 2  AND `at`.`tag_id` = '33' [ RunTime:1.112235s ]
[ sql ] [ SQL ] SELECT `t`.`tag_id`,`t`.`tag_name` FROM `blog_arc_tag` `at` INNER JOIN `blog_tag` `t` ON `at`.`tag_id`=`t`.`tag_id` WHERE  `at`.`arc_id` = 105 LIMIT 5 [ RunTime:0.001041s ]
[ sql ] [ SQL ] SELECT `t`.`tag_id`,`t`.`tag_name` FROM `blog_arc_tag` `at` INNER JOIN `blog_tag` `t` ON `at`.`tag_id`=`t`.`tag_id` WHERE  `at`.`arc_id` = 103 LIMIT 5 [ RunTime:0.000882s ]
[ sql ] [ SQL ] SELECT `t`.`tag_id`,`t`.`tag_name` FROM `blog_arc_tag` `at` INNER JOIN `blog_tag` `t` ON `at`.`tag_id`=`t`.`tag_id` WHERE  `at`.`arc_id` = 108 LIMIT 5 [ RunTime:0.000900s ]
[ sql ] [ SQL ] SELECT `t`.`tag_id`,`t`.`tag_name` FROM `blog_arc_tag` `at` INNER JOIN `blog_tag` `t` ON `at`.`tag_id`=`t`.`tag_id` WHERE  `at`.`arc_id` = 110 LIMIT 5 [ RunTime:0.000925s ]
[ sql ] [ SQL ] SELECT `t`.`tag_id`,`t`.`tag_name` FROM `blog_arc_tag` `at` INNER JOIN `blog_tag` `t` ON `at`.`tag_id`=`t`.`tag_id` WHERE  `at`.`arc_id` = 111 LIMIT 5 [ RunTime:0.000928s ]
[ sql ] [ SQL ] SELECT `t`.`tag_id`,`t`.`tag_name` FROM `blog_arc_tag` `at` INNER JOIN `blog_tag` `t` ON `at`.`tag_id`=`t`.`tag_id` WHERE  `at`.`arc_id` = 116 LIMIT 5 [ RunTime:0.000906s ]
[ sql ] [ SQL ] SELECT `t`.`tag_id`,`t`.`tag_name` FROM `blog_arc_tag` `at` INNER JOIN `blog_tag` `t` ON `at`.`tag_id`=`t`.`tag_id` WHERE  `at`.`arc_id` = 117 LIMIT 5 [ RunTime:0.000841s ]
[ sql ] [ SQL ] SELECT `t`.`tag_id`,`t`.`tag_name` FROM `blog_arc_tag` `at` INNER JOIN `blog_tag` `t` ON `at`.`tag_id`=`t`.`tag_id` WHERE  `at`.`arc_id` = 118 LIMIT 5 [ RunTime:0.000954s ]
[ sql ] [ SQL ] SELECT `t`.`tag_id`,`t`.`tag_name` FROM `blog_arc_tag` `at` INNER JOIN `blog_tag` `t` ON `at`.`tag_id`=`t`.`tag_id` WHERE  `at`.`arc_id` = 120 LIMIT 5 [ RunTime:0.001030s ]
[ sql ] [ SQL ] SELECT `t`.`tag_id`,`t`.`tag_name` FROM `blog_arc_tag` `at` INNER JOIN `blog_tag` `t` ON `at`.`tag_id`=`t`.`tag_id` WHERE  `at`.`arc_id` = 121 LIMIT 5 [ RunTime:0.000955s ]
[ sql ] [ SQL ] SELECT `t`.`tag_id`,`t`.`tag_name` FROM `blog_arc_tag` `at` INNER JOIN `blog_tag` `t` ON `at`.`tag_id`=`t`.`tag_id` WHERE  `at`.`arc_id` = 122 LIMIT 5 [ RunTime:0.000947s ]
[ sql ] [ SQL ] SELECT `t`.`tag_id`,`t`.`tag_name` FROM `blog_arc_tag` `at` INNER JOIN `blog_tag` `t` ON `at`.`tag_id`=`t`.`tag_id` WHERE  `at`.`arc_id` = 123 LIMIT 5 [ RunTime:0.001116s ]
[ sql ] [ SQL ] SELECT `t`.`tag_id`,`t`.`tag_name` FROM `blog_arc_tag` `at` INNER JOIN `blog_tag` `t` ON `at`.`tag_id`=`t`.`tag_id` WHERE  `at`.`arc_id` = 124 LIMIT 5 [ RunTime:0.000899s ]
[ sql ] [ SQL ] SELECT `t`.`tag_id`,`t`.`tag_name` FROM `blog_arc_tag` `at` INNER JOIN `blog_tag` `t` ON `at`.`tag_id`=`t`.`tag_id` WHERE  `at`.`arc_id` = 125 LIMIT 5 [ RunTime:0.000863s ]
[ sql ] [ SQL ] SELECT `t`.`tag_id`,`t`.`tag_name` FROM `blog_arc_tag` `at` INNER JOIN `blog_tag` `t` ON `at`.`tag_id`=`t`.`tag_id` WHERE  `at`.`arc_id` = 126 LIMIT 5 [ RunTime:0.000789s ]
[ sql ] [ SQL ] SELECT `t`.`tag_id`,`t`.`tag_name` FROM `blog_arc_tag` `at` INNER JOIN `blog_tag` `t` ON `at`.`tag_id`=`t`.`tag_id` WHERE  `at`.`arc_id` = 127 LIMIT 5 [ RunTime:0.000874s ]
[ sql ] [ SQL ] SELECT `t`.`tag_id`,`t`.`tag_name` FROM `blog_arc_tag` `at` INNER JOIN `blog_tag` `t` ON `at`.`tag_id`=`t`.`tag_id` WHERE  `at`.`arc_id` = 128 LIMIT 5 [ RunTime:0.000861s ]
[ sql ] [ SQL ] SELECT `t`.`tag_id`,`t`.`tag_name` FROM `blog_arc_tag` `at` INNER JOIN `blog_tag` `t` ON `at`.`tag_id`=`t`.`tag_id` WHERE  `at`.`arc_id` = 134 LIMIT 5 [ RunTime:0.001168s ]
[ sql ] [ SQL ] SELECT `t`.`tag_id`,`t`.`tag_name` FROM `blog_arc_tag` `at` INNER JOIN `blog_tag` `t` ON `at`.`tag_id`=`t`.`tag_id` WHERE  `at`.`arc_id` = 145 LIMIT 5 [ RunTime:0.000940s ]
[ sql ] [ SQL ] SELECT `t`.`tag_id`,`t`.`tag_name` FROM `blog_arc_tag` `at` INNER JOIN `blog_tag` `t` ON `at`.`tag_id`=`t`.`tag_id` WHERE  `at`.`arc_id` = 150 LIMIT 5 [ RunTime:0.000887s ]
[ sql ] [ SQL ] SELECT `t`.`tag_id`,`t`.`tag_name` FROM `blog_arc_tag` `at` INNER JOIN `blog_tag` `t` ON `at`.`tag_id`=`t`.`tag_id` WHERE  `at`.`arc_id` = 154 LIMIT 5 [ RunTime:0.000946s ]
[ sql ] [ SQL ] SELECT `t`.`tag_id`,`t`.`tag_name` FROM `blog_arc_tag` `at` INNER JOIN `blog_tag` `t` ON `at`.`tag_id`=`t`.`tag_id` WHERE  `at`.`arc_id` = 156 LIMIT 5 [ RunTime:0.000916s ]
[ sql ] [ SQL ] SELECT `t`.`tag_id`,`t`.`tag_name` FROM `blog_arc_tag` `at` INNER JOIN `blog_tag` `t` ON `at`.`tag_id`=`t`.`tag_id` WHERE  `at`.`arc_id` = 157 LIMIT 5 [ RunTime:0.000946s ]
[ sql ] [ SQL ] SELECT `t`.`tag_id`,`t`.`tag_name` FROM `blog_arc_tag` `at` INNER JOIN `blog_tag` `t` ON `at`.`tag_id`=`t`.`tag_id` WHERE  `at`.`arc_id` = 158 LIMIT 5 [ RunTime:0.000790s ]
[ sql ] [ SQL ] SELECT `t`.`tag_id`,`t`.`tag_name` FROM `blog_arc_tag` `at` INNER JOIN `blog_tag` `t` ON `at`.`tag_id`=`t`.`tag_id` WHERE  `at`.`arc_id` = 161 LIMIT 5 [ RunTime:0.000780s ]
---------------------------------------------------------------
[ 2019-05-15T07:06:35+08:00 ] 42.156.137.70 GET blog.taotaifu.cn/c/62.html
[运行时间：0.047431s] [吞吐率：21.08req/s] [内存消耗：2,442.90kb] [文件加载：56]
[ info ] [ LANG ] /www/wwwroot/blog_taotaifu_cn/thinkphp/lang/zh-cn.php
[ info ] [ ROUTE ] array (
  'type' => 'module',
  'module' => 
  array (
    0 => 'index',
    1 => 'lists',
    2 => 'index',
  ),
  'convert' => false,
)
[ info ] [ HEADER ] array (
  'connection' => 'close',
  'user-agent' => 'Mozilla/5.0 (Windows NT 6.1; Win64; x64) AppleWebKit/537.36 (KHTML, like Gecko) Chrome/69.0.3497.81 YisouSpider/5.0 Safari/537.36',
  'upgrade-insecure-requests' => '1',
  'host' => 'blog.taotaifu.cn',
  'accept-encoding' => 'gzip, deflate',
  'accept' => 'text/html,application/xhtml+xml,application/xml;q=0.9,image/webp,image/apng,*/*;q=0.8',
  'content-type' => '',
  'content-length' => '',
)
[ info ] [ PARAM ] array (
  'cate_id' => '62',
)
[ info ] [ DB ] INIT mysql
[ info ] [ RUN ] app\index\controller\Lists->index[ /www/wwwroot/blog_taotaifu_cn/application/index/controller/Lists.php ]
[ info ] [ VIEW ] /www/wwwroot/blog_taotaifu_cn/public/../application/index/view/lists/index.html [ array (
  0 => '_webset',
  1 => '_cateData',
  2 => '_allCateData',
  3 => '_tagData',
  4 => '_articleData',
  5 => '_linkData',
  6 => 'headConf',
  7 => 'headData',
  8 => 'articleData',
) ]
[ info ] [ LOG ] INIT File
[ sql ] [ DB ] CONNECT:[ UseTime:0.001294s ] mysql:host=188.131.144.216;port=3306;dbname=blog_taotaifu_cn;charset=utf8
[ sql ] [ SQL ] SHOW COLUMNS FROM `blog_webset` [ RunTime:0.001482s ]
[ sql ] [ SQL ] SELECT `webset_name`,`webset_value` FROM `blog_webset` [ RunTime:0.000775s ]
[ sql ] [ SQL ] SHOW COLUMNS FROM `blog_cate` [ RunTime:0.001105s ]
[ sql ] [ SQL ] SELECT * FROM `blog_cate` WHERE  `cate_pid` = 0 ORDER BY `cate_sort` DESC LIMIT 6 [ RunTime:0.000840s ]
[ sql ] [ SQL ] SELECT * FROM `blog_cate` ORDER BY `cate_sort` DESC [ RunTime:0.000806s ]
[ sql ] [ SQL ] SHOW COLUMNS FROM `blog_tag` [ RunTime:0.001073s ]
[ sql ] [ SQL ] SELECT * FROM `blog_tag` [ RunTime:0.000773s ]
[ sql ] [ SQL ] SHOW COLUMNS FROM `blog_article` [ RunTime:0.001220s ]
[ sql ] [ SQL ] SELECT `arc_id`,`arc_title` FROM `blog_article` ORDER BY `sendtime` DESC [ RunTime:0.001494s ]
[ sql ] [ SQL ] SHOW COLUMNS FROM `blog_link` [ RunTime:0.001081s ]
[ sql ] [ SQL ] SELECT * FROM `blog_link` ORDER BY `link_sort` DESC [ RunTime:0.000769s ]
[ sql ] [ SQL ] SELECT * FROM `blog_cate` [ RunTime:0.000807s ]
[ sql ] [ SQL ] SELECT `cate_name` FROM `blog_cate` WHERE  `cate_id` = 62 LIMIT 1 [ RunTime:0.000748s ]
[ sql ] [ SQL ] SELECT COUNT(*) AS tp_count FROM `blog_article` WHERE  `cate_id` IN (62) LIMIT 1 [ RunTime:0.000773s ]
[ sql ] [ SQL ] SELECT * FROM `blog_article` `a` INNER JOIN `blog_cate` `c` ON `a`.`cate_id`=`c`.`cate_id` WHERE  `a`.`is_recycle` = 2  AND `a`.`cate_id` IN ('62') [ RunTime:0.000957s ]
---------------------------------------------------------------
[ 2019-05-15T09:31:06+08:00 ] 106.11.154.97 GET blog.taotaifu.cn/w/129.html
[运行时间：0.061749s] [吞吐率：16.19req/s] [内存消耗：2,418.80kb] [文件加载：55]
[ info ] [ LANG ] /www/wwwroot/blog_taotaifu_cn/thinkphp/lang/zh-cn.php
[ info ] [ ROUTE ] array (
  'type' => 'module',
  'module' => 
  array (
    0 => 'index',
    1 => 'content',
    2 => 'index',
  ),
  'convert' => false,
)
[ info ] [ HEADER ] array (
  'connection' => 'close',
  'user-agent' => 'Mozilla/5.0 (Windows NT 6.1; Win64; x64) AppleWebKit/537.36 (KHTML, like Gecko) Chrome/69.0.3497.81 YisouSpider/5.0 Safari/537.36',
  'upgrade-insecure-requests' => '1',
  'host' => 'blog.taotaifu.cn',
  'accept-encoding' => 'gzip, deflate',
  'accept' => 'text/html,application/xhtml+xml,application/xml;q=0.9,image/webp,image/apng,*/*;q=0.8',
  'content-type' => '',
  'content-length' => '',
)
[ info ] [ PARAM ] array (
  'arc_id' => '129',
)
[ info ] [ DB ] INIT mysql
[ info ] [ RUN ] app\index\controller\Content->index[ /www/wwwroot/blog_taotaifu_cn/application/index/controller/Content.php ]
[ info ] [ CACHE ] INIT File
[ info ] [ VIEW ] /www/wwwroot/blog_taotaifu_cn/public/../application/index/view/content/index.html [ array (
  0 => '_webset',
  1 => '_cateData',
  2 => '_allCateData',
  3 => '_tagData',
  4 => '_articleData',
  5 => '_linkData',
  6 => 'headConf',
  7 => 'articleData',
) ]
[ info ] [ LOG ] INIT File
[ sql ] [ DB ] CONNECT:[ UseTime:0.001188s ] mysql:host=188.131.144.216;port=3306;dbname=blog_taotaifu_cn;charset=utf8
[ sql ] [ SQL ] SHOW COLUMNS FROM `blog_webset` [ RunTime:0.001189s ]
[ sql ] [ SQL ] SELECT `webset_name`,`webset_value` FROM `blog_webset` [ RunTime:0.000755s ]
[ sql ] [ SQL ] SHOW COLUMNS FROM `blog_cate` [ RunTime:0.001001s ]
[ sql ] [ SQL ] SELECT * FROM `blog_cate` WHERE  `cate_pid` = 0 ORDER BY `cate_sort` DESC LIMIT 6 [ RunTime:0.000829s ]
[ sql ] [ SQL ] SELECT * FROM `blog_cate` ORDER BY `cate_sort` DESC [ RunTime:0.000721s ]
[ sql ] [ SQL ] SHOW COLUMNS FROM `blog_tag` [ RunTime:0.001008s ]
[ sql ] [ SQL ] SELECT * FROM `blog_tag` [ RunTime:0.000666s ]
[ sql ] [ SQL ] SHOW COLUMNS FROM `blog_article` [ RunTime:0.001015s ]
[ sql ] [ SQL ] SELECT `arc_id`,`arc_title` FROM `blog_article` ORDER BY `sendtime` DESC [ RunTime:0.001754s ]
[ sql ] [ SQL ] SHOW COLUMNS FROM `blog_link` [ RunTime:0.001012s ]
[ sql ] [ SQL ] SELECT * FROM `blog_link` ORDER BY `link_sort` DESC [ RunTime:0.000680s ]
[ sql ] [ SQL ] UPDATE `blog_article`  SET `arc_click`=`arc_click`+1  WHERE  `arc_id` = 129 [ RunTime:0.016071s ]
[ sql ] [ SQL ] SELECT `arc_id`,`arc_title`,`arc_author`,`arc_content`,`sendtime` FROM `blog_article` WHERE  `arc_id` = 129 LIMIT 1 [ RunTime:0.001595s ]
[ sql ] [ SQL ] SHOW COLUMNS FROM `blog_arc_tag` [ RunTime:0.001086s ]
[ sql ] [ SQL ] SELECT `t`.`tag_id`,`t`.`tag_name` FROM `blog_arc_tag` `at` INNER JOIN `blog_tag` `t` ON `at`.`tag_id`=`t`.`tag_id` WHERE  `at`.`arc_id` = 129 LIMIT 3 [ RunTime:0.000841s ]
[ sql ] [ SQL ] SELECT * FROM `blog_article` WHERE  `arc_id` = 129 LIMIT 1 [ RunTime:0.001401s ]
---------------------------------------------------------------
[ 2019-05-15T12:58:40+08:00 ] 42.156.137.14 GET blog.taotaifu.cn/w/127.html
[运行时间：2.221780s] [吞吐率：0.45req/s] [内存消耗：2,278.70kb] [文件加载：55]
[ info ] [ LANG ] /www/wwwroot/blog_taotaifu_cn/thinkphp/lang/zh-cn.php
[ info ] [ ROUTE ] array (
  'type' => 'module',
  'module' => 
  array (
    0 => 'index',
    1 => 'content',
    2 => 'index',
  ),
  'convert' => false,
)
[ info ] [ HEADER ] array (
  'connection' => 'close',
  'user-agent' => 'Mozilla/5.0 (Windows NT 6.1; Win64; x64) AppleWebKit/537.36 (KHTML, like Gecko) Chrome/69.0.3497.81 YisouSpider/5.0 Safari/537.36',
  'upgrade-insecure-requests' => '1',
  'host' => 'blog.taotaifu.cn',
  'accept-encoding' => 'gzip, deflate',
  'accept' => 'text/html,application/xhtml+xml,application/xml;q=0.9,image/webp,image/apng,*/*;q=0.8',
  'content-type' => '',
  'content-length' => '',
)
[ info ] [ PARAM ] array (
  'arc_id' => '127',
)
[ info ] [ DB ] INIT mysql
[ info ] [ RUN ] app\index\controller\Content->index[ /www/wwwroot/blog_taotaifu_cn/application/index/controller/Content.php ]
[ info ] [ CACHE ] INIT File
[ info ] [ VIEW ] /www/wwwroot/blog_taotaifu_cn/public/../application/index/view/content/index.html [ array (
  0 => '_webset',
  1 => '_cateData',
  2 => '_allCateData',
  3 => '_tagData',
  4 => '_articleData',
  5 => '_linkData',
  6 => 'headConf',
  7 => 'articleData',
) ]
[ info ] [ LOG ] INIT File
[ sql ] [ DB ] CONNECT:[ UseTime:0.027289s ] mysql:host=188.131.144.216;port=3306;dbname=blog_taotaifu_cn;charset=utf8
[ sql ] [ SQL ] SHOW COLUMNS FROM `blog_webset` [ RunTime:0.015516s ]
[ sql ] [ SQL ] SELECT `webset_name`,`webset_value` FROM `blog_webset` [ RunTime:0.004168s ]
[ sql ] [ SQL ] SHOW COLUMNS FROM `blog_cate` [ RunTime:0.019521s ]
[ sql ] [ SQL ] SELECT * FROM `blog_cate` WHERE  `cate_pid` = 0 ORDER BY `cate_sort` DESC LIMIT 6 [ RunTime:0.003014s ]
[ sql ] [ SQL ] SELECT * FROM `blog_cate` ORDER BY `cate_sort` DESC [ RunTime:0.001001s ]
[ sql ] [ SQL ] SHOW COLUMNS FROM `blog_tag` [ RunTime:0.021710s ]
[ sql ] [ SQL ] SELECT * FROM `blog_tag` [ RunTime:0.004651s ]
[ sql ] [ SQL ] SHOW COLUMNS FROM `blog_article` [ RunTime:0.035445s ]
[ sql ] [ SQL ] SELECT `arc_id`,`arc_title` FROM `blog_article` ORDER BY `sendtime` DESC [ RunTime:0.184524s ]
[ sql ] [ SQL ] SHOW COLUMNS FROM `blog_link` [ RunTime:0.003505s ]
[ sql ] [ SQL ] SELECT * FROM `blog_link` ORDER BY `link_sort` DESC [ RunTime:0.002978s ]
[ sql ] [ SQL ] UPDATE `blog_article`  SET `arc_click`=`arc_click`+1  WHERE  `arc_id` = 127 [ RunTime:0.014280s ]
[ sql ] [ SQL ] SELECT `arc_id`,`arc_title`,`arc_author`,`arc_content`,`sendtime` FROM `blog_article` WHERE  `arc_id` = 127 LIMIT 1 [ RunTime:0.001019s ]
[ sql ] [ SQL ] SHOW COLUMNS FROM `blog_arc_tag` [ RunTime:0.020809s ]
[ sql ] [ SQL ] SELECT `t`.`tag_id`,`t`.`tag_name` FROM `blog_arc_tag` `at` INNER JOIN `blog_tag` `t` ON `at`.`tag_id`=`t`.`tag_id` WHERE  `at`.`arc_id` = 127 LIMIT 3 [ RunTime:0.003400s ]
[ sql ] [ SQL ] SELECT * FROM `blog_article` WHERE  `arc_id` = 127 LIMIT 1 [ RunTime:0.000918s ]
---------------------------------------------------------------
[ 2019-05-15T16:59:32+08:00 ] 42.156.138.65 GET blog.taotaifu.cn/w/157.html
[运行时间：0.086402s] [吞吐率：11.57req/s] [内存消耗：2,406.22kb] [文件加载：55]
[ info ] [ LANG ] /www/wwwroot/blog_taotaifu_cn/thinkphp/lang/zh-cn.php
[ info ] [ ROUTE ] array (
  'type' => 'module',
  'module' => 
  array (
    0 => 'index',
    1 => 'content',
    2 => 'index',
  ),
  'convert' => false,
)
[ info ] [ HEADER ] array (
  'connection' => 'close',
  'user-agent' => 'Mozilla/5.0 (Windows NT 6.1; Win64; x64) AppleWebKit/537.36 (KHTML, like Gecko) Chrome/69.0.3497.81 YisouSpider/5.0 Safari/537.36',
  'upgrade-insecure-requests' => '1',
  'host' => 'blog.taotaifu.cn',
  'accept-encoding' => 'gzip, deflate',
  'accept' => 'text/html,application/xhtml+xml,application/xml;q=0.9,image/webp,image/apng,*/*;q=0.8',
  'content-type' => '',
  'content-length' => '',
)
[ info ] [ PARAM ] array (
  'arc_id' => '157',
)
[ info ] [ DB ] INIT mysql
[ info ] [ RUN ] app\index\controller\Content->index[ /www/wwwroot/blog_taotaifu_cn/application/index/controller/Content.php ]
[ info ] [ CACHE ] INIT File
[ info ] [ VIEW ] /www/wwwroot/blog_taotaifu_cn/public/../application/index/view/content/index.html [ array (
  0 => '_webset',
  1 => '_cateData',
  2 => '_allCateData',
  3 => '_tagData',
  4 => '_articleData',
  5 => '_linkData',
  6 => 'headConf',
  7 => 'articleData',
) ]
[ info ] [ LOG ] INIT File
[ sql ] [ DB ] CONNECT:[ UseTime:0.001224s ] mysql:host=188.131.144.216;port=3306;dbname=blog_taotaifu_cn;charset=utf8
[ sql ] [ SQL ] SHOW COLUMNS FROM `blog_webset` [ RunTime:0.001156s ]
[ sql ] [ SQL ] SELECT `webset_name`,`webset_value` FROM `blog_webset` [ RunTime:0.000819s ]
[ sql ] [ SQL ] SHOW COLUMNS FROM `blog_cate` [ RunTime:0.001044s ]
[ sql ] [ SQL ] SELECT * FROM `blog_cate` WHERE  `cate_pid` = 0 ORDER BY `cate_sort` DESC LIMIT 6 [ RunTime:0.000897s ]
[ sql ] [ SQL ] SELECT * FROM `blog_cate` ORDER BY `cate_sort` DESC [ RunTime:0.000840s ]
[ sql ] [ SQL ] SHOW COLUMNS FROM `blog_tag` [ RunTime:0.000997s ]
[ sql ] [ SQL ] SELECT * FROM `blog_tag` [ RunTime:0.000751s ]
[ sql ] [ SQL ] SHOW COLUMNS FROM `blog_article` [ RunTime:0.001057s ]
[ sql ] [ SQL ] SELECT `arc_id`,`arc_title` FROM `blog_article` ORDER BY `sendtime` DESC [ RunTime:0.001595s ]
[ sql ] [ SQL ] SHOW COLUMNS FROM `blog_link` [ RunTime:0.001073s ]
[ sql ] [ SQL ] SELECT * FROM `blog_link` ORDER BY `link_sort` DESC [ RunTime:0.000746s ]
[ sql ] [ SQL ] UPDATE `blog_article`  SET `arc_click`=`arc_click`+1  WHERE  `arc_id` = 157 [ RunTime:0.042337s ]
[ sql ] [ SQL ] SELECT `arc_id`,`arc_title`,`arc_author`,`arc_content`,`sendtime` FROM `blog_article` WHERE  `arc_id` = 157 LIMIT 1 [ RunTime:0.001762s ]
[ sql ] [ SQL ] SHOW COLUMNS FROM `blog_arc_tag` [ RunTime:0.001094s ]
[ sql ] [ SQL ] SELECT `t`.`tag_id`,`t`.`tag_name` FROM `blog_arc_tag` `at` INNER JOIN `blog_tag` `t` ON `at`.`tag_id`=`t`.`tag_id` WHERE  `at`.`arc_id` = 157 LIMIT 3 [ RunTime:0.000878s ]
[ sql ] [ SQL ] SELECT * FROM `blog_article` WHERE  `arc_id` = 157 LIMIT 1 [ RunTime:0.001449s ]
---------------------------------------------------------------
[ 2019-05-15T21:01:01+08:00 ] 42.156.137.16 GET blog.taotaifu.cn/?page=7
[运行时间：0.351235s] [吞吐率：2.85req/s] [内存消耗：2,702.72kb] [文件加载：59]
[ info ] [ LANG ] /www/wwwroot/blog_taotaifu_cn/thinkphp/lang/zh-cn.php
[ info ] [ ROUTE ] array (
  'type' => 'module',
  'module' => 
  array (
    0 => '',
    1 => NULL,
    2 => NULL,
  ),
)
[ info ] [ HEADER ] array (
  'connection' => 'close',
  'user-agent' => 'Mozilla/5.0 (Windows NT 6.1; Win64; x64) AppleWebKit/537.36 (KHTML, like Gecko) Chrome/69.0.3497.81 YisouSpider/5.0 Safari/537.36',
  'upgrade-insecure-requests' => '1',
  'host' => 'blog.taotaifu.cn',
  'accept-encoding' => 'gzip, deflate',
  'accept' => 'text/html,application/xhtml+xml,application/xml;q=0.9,image/webp,image/apng,*/*;q=0.8',
  'content-type' => '',
  'content-length' => '',
)
[ info ] [ PARAM ] array (
  'page' => '7',
)
[ info ] [ DB ] INIT mysql
[ info ] [ RUN ] app\index\controller\Index->index[ /www/wwwroot/blog_taotaifu_cn/application/index/controller/Index.php ]
[ info ] [ VIEW ] /www/wwwroot/blog_taotaifu_cn/public/../application/index/view/index/index.html [ array (
  0 => '_webset',
  1 => '_cateData',
  2 => '_allCateData',
  3 => '_tagData',
  4 => '_articleData',
  5 => '_linkData',
  6 => 'headConf',
  7 => 'srchtxt',
  8 => 'limit',
  9 => 'page',
  10 => 'articleData',
) ]
[ info ] [ LOG ] INIT File
[ sql ] [ DB ] CONNECT:[ UseTime:0.001251s ] mysql:host=188.131.144.216;port=3306;dbname=blog_taotaifu_cn;charset=utf8
[ sql ] [ SQL ] SHOW COLUMNS FROM `blog_webset` [ RunTime:0.001307s ]
[ sql ] [ SQL ] SELECT `webset_name`,`webset_value` FROM `blog_webset` [ RunTime:0.000774s ]
[ sql ] [ SQL ] SHOW COLUMNS FROM `blog_cate` [ RunTime:0.001125s ]
[ sql ] [ SQL ] SELECT * FROM `blog_cate` WHERE  `cate_pid` = 0 ORDER BY `cate_sort` DESC LIMIT 6 [ RunTime:0.001126s ]
[ sql ] [ SQL ] SELECT * FROM `blog_cate` ORDER BY `cate_sort` DESC [ RunTime:0.000873s ]
[ sql ] [ SQL ] SHOW COLUMNS FROM `blog_tag` [ RunTime:0.001098s ]
[ sql ] [ SQL ] SELECT * FROM `blog_tag` [ RunTime:0.000761s ]
[ sql ] [ SQL ] SHOW COLUMNS FROM `blog_article` [ RunTime:0.001158s ]
[ sql ] [ SQL ] SELECT `arc_id`,`arc_title` FROM `blog_article` ORDER BY `sendtime` DESC [ RunTime:0.001611s ]
[ sql ] [ SQL ] SHOW COLUMNS FROM `blog_link` [ RunTime:0.001110s ]
[ sql ] [ SQL ] SELECT * FROM `blog_link` ORDER BY `link_sort` DESC [ RunTime:0.000795s ]
[ sql ] [ SQL ] SELECT COUNT(*) AS tp_count FROM `blog_article` `a` INNER JOIN `blog_cate` `c` ON `a`.`cate_id`=`c`.`cate_id` WHERE  `a`.`is_recycle` = 2 LIMIT 1 [ RunTime:0.001463s ]
[ sql ] [ SQL ] SELECT * FROM `blog_article` `a` INNER JOIN `blog_cate` `c` ON `a`.`cate_id`=`c`.`cate_id` WHERE  `a`.`is_recycle` = 2 ORDER BY `sendtime` DESC LIMIT 48,8 [ RunTime:0.005770s ]
[ sql ] [ SQL ] SHOW COLUMNS FROM `blog_arc_tag` [ RunTime:0.001524s ]
[ sql ] [ SQL ] SELECT `t`.`tag_id`,`t`.`tag_name` FROM `blog_arc_tag` `at` INNER JOIN `blog_tag` `t` ON `at`.`tag_id`=`t`.`tag_id` WHERE  `at`.`arc_id` = 153 [ RunTime:0.000952s ]
[ sql ] [ SQL ] SELECT `t`.`tag_id`,`t`.`tag_name` FROM `blog_arc_tag` `at` INNER JOIN `blog_tag` `t` ON `at`.`tag_id`=`t`.`tag_id` WHERE  `at`.`arc_id` = 154 [ RunTime:0.000898s ]
[ sql ] [ SQL ] SELECT `t`.`tag_id`,`t`.`tag_name` FROM `blog_arc_tag` `at` INNER JOIN `blog_tag` `t` ON `at`.`tag_id`=`t`.`tag_id` WHERE  `at`.`arc_id` = 155 [ RunTime:0.000813s ]
[ sql ] [ SQL ] SELECT `t`.`tag_id`,`t`.`tag_name` FROM `blog_arc_tag` `at` INNER JOIN `blog_tag` `t` ON `at`.`tag_id`=`t`.`tag_id` WHERE  `at`.`arc_id` = 159 [ RunTime:0.001344s ]
[ sql ] [ SQL ] SELECT `t`.`tag_id`,`t`.`tag_name` FROM `blog_arc_tag` `at` INNER JOIN `blog_tag` `t` ON `at`.`tag_id`=`t`.`tag_id` WHERE  `at`.`arc_id` = 148 [ RunTime:0.000914s ]
[ sql ] [ SQL ] SELECT `t`.`tag_id`,`t`.`tag_name` FROM `blog_arc_tag` `at` INNER JOIN `blog_tag` `t` ON `at`.`tag_id`=`t`.`tag_id` WHERE  `at`.`arc_id` = 151 [ RunTime:0.001154s ]
[ sql ] [ SQL ] SELECT `t`.`tag_id`,`t`.`tag_name` FROM `blog_arc_tag` `at` INNER JOIN `blog_tag` `t` ON `at`.`tag_id`=`t`.`tag_id` WHERE  `at`.`arc_id` = 152 [ RunTime:0.000759s ]
[ sql ] [ SQL ] SELECT `t`.`tag_id`,`t`.`tag_name` FROM `blog_arc_tag` `at` INNER JOIN `blog_tag` `t` ON `at`.`tag_id`=`t`.`tag_id` WHERE  `at`.`arc_id` = 161 [ RunTime:0.000871s ]
---------------------------------------------------------------
[ 2019-05-15T22:05:28+08:00 ] 94.23.145.174 GET blog.taotaifu.cn/wp-login.php
[运行时间：0.098921s] [吞吐率：10.11req/s] [内存消耗：1,309.89kb] [文件加载：40]
[ info ] [ LANG ] /www/wwwroot/blog_taotaifu_cn/thinkphp/lang/zh-cn.php
[ info ] [ ROUTE ] array (
  'type' => 'module',
  'module' => 
  array (
    0 => '404',
    1 => NULL,
    2 => NULL,
  ),
)
[ info ] [ HEADER ] array (
  'accept-charset' => 'utf-8;q=0.7,*;q=0.7',
  'accept-language' => 'en,en-us;q=0.7,es;q=0.3',
  'accept' => 'text/html,application/xhtml+xml,application/xml;q=0.9,*/*;q=0.8',
  'content-length' => '5944',
  'content-type' => 'text/html; charset=UTF-8',
  'user-agent' => 'Mozilla/5.0 (Linux; U; Android 2.2) AppleWebKit/533.1 (KHTML, like Gecko) Version/4.0 Mobile Safari/533.1',
  'connection' => 'keep-alive',
  'keep-alive' => '300',
  'host' => 'blog.taotaifu.cn',
)
[ info ] [ PARAM ] array (
)
[ info ] [ LOG ] INIT File
---------------------------------------------------------------
[ 2019-05-15T22:05:28+08:00 ] 94.23.145.174 GET blog.taotaifu.cn/administrator/index.php
[运行时间：0.014104s] [吞吐率：70.90req/s] [内存消耗：1,293.98kb] [文件加载：40]
[ info ] [ LANG ] /www/wwwroot/blog_taotaifu_cn/thinkphp/lang/zh-cn.php
[ info ] [ ROUTE ] array (
  'type' => 'module',
  'module' => 
  array (
    0 => '404',
    1 => NULL,
    2 => NULL,
  ),
)
[ info ] [ HEADER ] array (
  'accept-charset' => 'utf-8;q=0.7,*;q=0.7',
  'accept-language' => 'en,en-us;q=0.7,es;q=0.3',
  'accept' => 'text/html,application/xhtml+xml,application/xml;q=0.9,*/*;q=0.8',
  'content-length' => '162',
  'content-type' => 'text/html',
  'user-agent' => 'Mozilla/5.0 (Linux; U; Android 2.2) AppleWebKit/533.1 (KHTML, like Gecko) Version/4.0 Mobile Safari/533.1',
  'connection' => 'keep-alive',
  'keep-alive' => '300',
  'host' => 'blog.taotaifu.cn',
)
[ info ] [ PARAM ] array (
)
[ info ] [ LOG ] INIT File
---------------------------------------------------------------
[ 2019-05-15T22:05:29+08:00 ] 94.23.145.174 GET blog.taotaifu.cn/admin.php
[运行时间：0.013560s] [吞吐率：73.75req/s] [内存消耗：1,293.95kb] [文件加载：40]
[ info ] [ LANG ] /www/wwwroot/blog_taotaifu_cn/thinkphp/lang/zh-cn.php
[ info ] [ ROUTE ] array (
  'type' => 'module',
  'module' => 
  array (
    0 => '404',
    1 => NULL,
    2 => NULL,
  ),
)
[ info ] [ HEADER ] array (
  'accept-charset' => 'utf-8;q=0.7,*;q=0.7',
  'accept-language' => 'en,en-us;q=0.7,es;q=0.3',
  'accept' => 'text/html,application/xhtml+xml,application/xml;q=0.9,*/*;q=0.8',
  'content-length' => '162',
  'content-type' => 'text/html',
  'user-agent' => 'Mozilla/5.0 (Linux; U; Android 2.2) AppleWebKit/533.1 (KHTML, like Gecko) Version/4.0 Mobile Safari/533.1',
  'connection' => 'keep-alive',
  'keep-alive' => '300',
  'host' => 'blog.taotaifu.cn',
)
[ info ] [ PARAM ] array (
)
[ info ] [ LOG ] INIT File
---------------------------------------------------------------
[ 2019-05-15T22:05:29+08:00 ] 94.23.145.174 GET blog.taotaifu.cn/bitrix/admin/index.php?lang=en
[运行时间：0.015304s] [吞吐率：65.34req/s] [内存消耗：1,293.98kb] [文件加载：40]
[ info ] [ LANG ] /www/wwwroot/blog_taotaifu_cn/thinkphp/lang/zh-cn.php
[ info ] [ ROUTE ] array (
  'type' => 'module',
  'module' => 
  array (
    0 => '404',
    1 => NULL,
    2 => NULL,
  ),
)
[ info ] [ HEADER ] array (
  'accept-charset' => 'utf-8;q=0.7,*;q=0.7',
  'accept-language' => 'en,en-us;q=0.7,es;q=0.3',
  'accept' => 'text/html,application/xhtml+xml,application/xml;q=0.9,*/*;q=0.8',
  'content-length' => '162',
  'content-type' => 'text/html',
  'user-agent' => 'Mozilla/5.0 (Linux; U; Android 2.2) AppleWebKit/533.1 (KHTML, like Gecko) Version/4.0 Mobile Safari/533.1',
  'connection' => 'keep-alive',
  'keep-alive' => '300',
  'host' => 'blog.taotaifu.cn',
)
[ info ] [ PARAM ] array (
)
[ info ] [ LOG ] INIT File
---------------------------------------------------------------
[ 2019-05-15T22:05:29+08:00 ] 94.23.145.174 GET blog.taotaifu.cn/admin/login.php
[运行时间：0.013735s] [吞吐率：72.81req/s] [内存消耗：1,293.97kb] [文件加载：40]
[ info ] [ LANG ] /www/wwwroot/blog_taotaifu_cn/thinkphp/lang/zh-cn.php
[ info ] [ ROUTE ] array (
  'type' => 'module',
  'module' => 
  array (
    0 => '404',
    1 => NULL,
    2 => NULL,
  ),
)
[ info ] [ HEADER ] array (
  'accept-charset' => 'utf-8;q=0.7,*;q=0.7',
  'accept-language' => 'en,en-us;q=0.7,es;q=0.3',
  'accept' => 'text/html,application/xhtml+xml,application/xml;q=0.9,*/*;q=0.8',
  'content-length' => '162',
  'content-type' => 'text/html',
  'user-agent' => 'Mozilla/5.0 (Linux; U; Android 2.2) AppleWebKit/533.1 (KHTML, like Gecko) Version/4.0 Mobile Safari/533.1',
  'connection' => 'keep-alive',
  'keep-alive' => '300',
  'host' => 'blog.taotaifu.cn',
)
[ info ] [ PARAM ] array (
)
[ info ] [ LOG ] INIT File
---------------------------------------------------------------
[ 2019-05-15T22:05:29+08:00 ] 94.23.145.174 GET blog.taotaifu.cn/admin/
[运行时间：0.061413s] [吞吐率：16.28req/s] [内存消耗：1,296.17kb] [文件加载：41]
[ info ] [ LANG ] /www/wwwroot/blog_taotaifu_cn/thinkphp/lang/zh-cn.php
[ info ] [ ROUTE ] array (
  'type' => 'module',
  'module' => 
  array (
    0 => 'admin',
    1 => NULL,
    2 => NULL,
  ),
)
[ info ] [ HEADER ] array (
  'accept-charset' => 'utf-8;q=0.7,*;q=0.7',
  'accept-language' => 'en,en-us;q=0.7,es;q=0.3',
  'accept' => 'text/html,application/xhtml+xml,application/xml;q=0.9,*/*;q=0.8',
  'content-length' => '162',
  'content-type' => 'text/html',
  'user-agent' => 'Mozilla/5.0 (Linux; U; Android 2.2) AppleWebKit/533.1 (KHTML, like Gecko) Version/4.0 Mobile Safari/533.1',
  'connection' => 'keep-alive',
  'keep-alive' => '300',
  'host' => 'blog.taotaifu.cn',
)
[ info ] [ PARAM ] array (
)
[ info ] [ LOG ] INIT File
---------------------------------------------------------------
[ 2019-05-15T22:05:29+08:00 ] 94.23.145.174 GET blog.taotaifu.cn/admin/
[运行时间：0.014365s] [吞吐率：69.61req/s] [内存消耗：1,293.94kb] [文件加载：40]
[ info ] [ LANG ] /www/wwwroot/blog_taotaifu_cn/thinkphp/lang/zh-cn.php
[ info ] [ ROUTE ] array (
  'type' => 'module',
  'module' => 
  array (
    0 => '404',
    1 => NULL,
    2 => NULL,
  ),
)
[ info ] [ HEADER ] array (
  'accept-charset' => 'utf-8;q=0.7,*;q=0.7',
  'accept-language' => 'en,en-us;q=0.7,es;q=0.3',
  'accept' => 'text/html,application/xhtml+xml,application/xml;q=0.9,*/*;q=0.8',
  'content-length' => '162',
  'content-type' => 'text/html',
  'user-agent' => 'Mozilla/5.0 (Linux; U; Android 2.2) AppleWebKit/533.1 (KHTML, like Gecko) Version/4.0 Mobile Safari/533.1',
  'connection' => 'keep-alive',
  'keep-alive' => '300',
  'host' => 'blog.taotaifu.cn',
)
[ info ] [ PARAM ] array (
)
[ info ] [ LOG ] INIT File
---------------------------------------------------------------
[ 2019-05-15T22:05:30+08:00 ] 94.23.145.174 GET blog.taotaifu.cn/user/
[运行时间：0.017164s] [吞吐率：58.26req/s] [内存消耗：1,293.93kb] [文件加载：40]
[ info ] [ LANG ] /www/wwwroot/blog_taotaifu_cn/thinkphp/lang/zh-cn.php
[ info ] [ ROUTE ] array (
  'type' => 'module',
  'module' => 
  array (
    0 => 'user',
    1 => NULL,
    2 => NULL,
  ),
)
[ info ] [ HEADER ] array (
  'accept-charset' => 'utf-8;q=0.7,*;q=0.7',
  'accept-language' => 'en,en-us;q=0.7,es;q=0.3',
  'accept' => 'text/html,application/xhtml+xml,application/xml;q=0.9,*/*;q=0.8',
  'content-length' => '162',
  'content-type' => 'text/html',
  'user-agent' => 'Mozilla/5.0 (Linux; U; Android 2.2) AppleWebKit/533.1 (KHTML, like Gecko) Version/4.0 Mobile Safari/533.1',
  'connection' => 'keep-alive',
  'keep-alive' => '300',
  'host' => 'blog.taotaifu.cn',
)
[ info ] [ PARAM ] array (
)
[ info ] [ LOG ] INIT File
---------------------------------------------------------------
[ 2019-05-15T22:05:30+08:00 ] 94.23.145.174 GET blog.taotaifu.cn/user/
[运行时间：0.015044s] [吞吐率：66.47req/s] [内存消耗：1,293.94kb] [文件加载：40]
[ info ] [ LANG ] /www/wwwroot/blog_taotaifu_cn/thinkphp/lang/zh-cn.php
[ info ] [ ROUTE ] array (
  'type' => 'module',
  'module' => 
  array (
    0 => '404',
    1 => NULL,
    2 => NULL,
  ),
)
[ info ] [ HEADER ] array (
  'accept-charset' => 'utf-8;q=0.7,*;q=0.7',
  'accept-language' => 'en,en-us;q=0.7,es;q=0.3',
  'accept' => 'text/html,application/xhtml+xml,application/xml;q=0.9,*/*;q=0.8',
  'content-length' => '162',
  'content-type' => 'text/html',
  'user-agent' => 'Mozilla/5.0 (Linux; U; Android 2.2) AppleWebKit/533.1 (KHTML, like Gecko) Version/4.0 Mobile Safari/533.1',
  'connection' => 'keep-alive',
  'keep-alive' => '300',
  'host' => 'blog.taotaifu.cn',
)
[ info ] [ PARAM ] array (
)
[ info ] [ LOG ] INIT File
