---------------------------------------------------------------
[ 2019-03-19T00:47:35+08:00 ] 203.208.60.127 GET blog.taotaifu.cn/
[运行时间：0.073777s] [吞吐率：13.55req/s] [内存消耗：2,597.34kb] [文件加载：59]
[ info ] [ LANG ] /www/wwwroot/blog_taotaifu_cn/thinkphp/lang/zh-cn.php
[ info ] [ ROUTE ] array (
  'type' => 'module',
  'module' => 
  array (
    0 => '',
    1 => NULL,
    2 => NULL,
  ),
)
[ info ] [ HEADER ] array (
  'accept-encoding' => 'gzip,deflate,br',
  'user-agent' => 'Mozilla/5.0 (Linux; Android 6.0.1; Nexus 5X Build/MMB29P) AppleWebKit/537.36 (KHTML, like Gecko) Chrome/41.0.2272.96 Mobile Safari/537.36 (compatible; Googlebot/2.1; +http://www.google.com/bot.html)',
  'from' => 'googlebot(at)googlebot.com',
  'accept' => 'text/html,application/xhtml+xml,application/xml;q=0.9,*/*;q=0.8,text/html,application/xhtml+xml,application/signed-exchange;v=b3,application/xml;q=0.9,*/*;q=0.8',
  'connection' => 'keep-alive',
  'amp-cache-transform' => 'google;v="1"',
  'host' => 'blog.taotaifu.cn',
  'content-type' => '',
  'content-length' => '',
)
[ info ] [ PARAM ] array (
)
[ info ] [ DB ] INIT mysql
[ info ] [ RUN ] app\index\controller\Index->index[ /www/wwwroot/blog_taotaifu_cn/application/index/controller/Index.php ]
[ info ] [ VIEW ] /www/wwwroot/blog_taotaifu_cn/public/../application/index/view/index/index.html [ array (
  0 => '_webset',
  1 => '_cateData',
  2 => '_allCateData',
  3 => '_tagData',
  4 => '_articleData',
  5 => '_linkData',
  6 => 'headConf',
  7 => 'srchtxt',
  8 => 'limit',
  9 => 'page',
  10 => 'articleData',
) ]
[ info ] [ LOG ] INIT File
[ sql ] [ DB ] CONNECT:[ UseTime:0.001398s ] mysql:host=188.131.144.216;port=3306;dbname=blog_taotaifu_cn;charset=utf8
[ sql ] [ SQL ] SHOW COLUMNS FROM `blog_webset` [ RunTime:0.001351s ]
[ sql ] [ SQL ] SELECT `webset_name`,`webset_value` FROM `blog_webset` [ RunTime:0.000881s ]
[ sql ] [ SQL ] SHOW COLUMNS FROM `blog_cate` [ RunTime:0.001297s ]
[ sql ] [ SQL ] SELECT * FROM `blog_cate` WHERE  `cate_pid` = 0 ORDER BY `cate_sort` DESC LIMIT 6 [ RunTime:0.001621s ]
[ sql ] [ SQL ] SELECT * FROM `blog_cate` ORDER BY `cate_sort` DESC [ RunTime:0.001692s ]
[ sql ] [ SQL ] SHOW COLUMNS FROM `blog_tag` [ RunTime:0.002812s ]
[ sql ] [ SQL ] SELECT * FROM `blog_tag` [ RunTime:0.000999s ]
[ sql ] [ SQL ] SHOW COLUMNS FROM `blog_article` [ RunTime:0.002480s ]
[ sql ] [ SQL ] SELECT `arc_id`,`arc_title` FROM `blog_article` ORDER BY `sendtime` DESC [ RunTime:0.002019s ]
[ sql ] [ SQL ] SHOW COLUMNS FROM `blog_link` [ RunTime:0.001747s ]
[ sql ] [ SQL ] SELECT * FROM `blog_link` ORDER BY `link_sort` DESC [ RunTime:0.001165s ]
[ sql ] [ SQL ] SELECT COUNT(*) AS tp_count FROM `blog_article` `a` INNER JOIN `blog_cate` `c` ON `a`.`cate_id`=`c`.`cate_id` WHERE  `a`.`is_recycle` = 2 LIMIT 1 [ RunTime:0.002599s ]
[ sql ] [ SQL ] SELECT * FROM `blog_article` `a` INNER JOIN `blog_cate` `c` ON `a`.`cate_id`=`c`.`cate_id` WHERE  `a`.`is_recycle` = 2 ORDER BY `sendtime` DESC LIMIT 0,5 [ RunTime:0.004114s ]
[ sql ] [ SQL ] SHOW COLUMNS FROM `blog_arc_tag` [ RunTime:0.001228s ]
[ sql ] [ SQL ] SELECT `t`.`tag_id`,`t`.`tag_name` FROM `blog_arc_tag` `at` INNER JOIN `blog_tag` `t` ON `at`.`tag_id`=`t`.`tag_id` WHERE  `at`.`arc_id` = 108 [ RunTime:0.001068s ]
[ sql ] [ SQL ] SELECT `t`.`tag_id`,`t`.`tag_name` FROM `blog_arc_tag` `at` INNER JOIN `blog_tag` `t` ON `at`.`tag_id`=`t`.`tag_id` WHERE  `at`.`arc_id` = 113 [ RunTime:0.000943s ]
[ sql ] [ SQL ] SELECT `t`.`tag_id`,`t`.`tag_name` FROM `blog_arc_tag` `at` INNER JOIN `blog_tag` `t` ON `at`.`tag_id`=`t`.`tag_id` WHERE  `at`.`arc_id` = 131 [ RunTime:0.001075s ]
[ sql ] [ SQL ] SELECT `t`.`tag_id`,`t`.`tag_name` FROM `blog_arc_tag` `at` INNER JOIN `blog_tag` `t` ON `at`.`tag_id`=`t`.`tag_id` WHERE  `at`.`arc_id` = 103 [ RunTime:0.001054s ]
[ sql ] [ SQL ] SELECT `t`.`tag_id`,`t`.`tag_name` FROM `blog_arc_tag` `at` INNER JOIN `blog_tag` `t` ON `at`.`tag_id`=`t`.`tag_id` WHERE  `at`.`arc_id` = 107 [ RunTime:0.000876s ]
---------------------------------------------------------------
[ 2019-03-19T03:28:54+08:00 ] 203.208.60.44 GET blog.taotaifu.cn/
[运行时间：0.073482s] [吞吐率：13.61req/s] [内存消耗：2,594.70kb] [文件加载：59]
[ info ] [ LANG ] /www/wwwroot/blog_taotaifu_cn/thinkphp/lang/zh-cn.php
[ info ] [ ROUTE ] array (
  'type' => 'module',
  'module' => 
  array (
    0 => '',
    1 => NULL,
    2 => NULL,
  ),
)
[ info ] [ HEADER ] array (
  'accept-encoding' => 'gzip,deflate,br',
  'user-agent' => 'Mozilla/5.0 (compatible; Googlebot/2.1; +http://www.google.com/bot.html)',
  'from' => 'googlebot(at)googlebot.com',
  'accept' => 'text/html,application/xhtml+xml,application/xml;q=0.9,*/*;q=0.8',
  'connection' => 'keep-alive',
  'host' => 'blog.taotaifu.cn',
  'content-type' => '',
  'content-length' => '',
)
[ info ] [ PARAM ] array (
)
[ info ] [ DB ] INIT mysql
[ info ] [ RUN ] app\index\controller\Index->index[ /www/wwwroot/blog_taotaifu_cn/application/index/controller/Index.php ]
[ info ] [ VIEW ] /www/wwwroot/blog_taotaifu_cn/public/../application/index/view/index/index.html [ array (
  0 => '_webset',
  1 => '_cateData',
  2 => '_allCateData',
  3 => '_tagData',
  4 => '_articleData',
  5 => '_linkData',
  6 => 'headConf',
  7 => 'srchtxt',
  8 => 'limit',
  9 => 'page',
  10 => 'articleData',
) ]
[ info ] [ LOG ] INIT File
[ sql ] [ DB ] CONNECT:[ UseTime:0.002707s ] mysql:host=188.131.144.216;port=3306;dbname=blog_taotaifu_cn;charset=utf8
[ sql ] [ SQL ] SHOW COLUMNS FROM `blog_webset` [ RunTime:0.001797s ]
[ sql ] [ SQL ] SELECT `webset_name`,`webset_value` FROM `blog_webset` [ RunTime:0.000929s ]
[ sql ] [ SQL ] SHOW COLUMNS FROM `blog_cate` [ RunTime:0.001402s ]
[ sql ] [ SQL ] SELECT * FROM `blog_cate` WHERE  `cate_pid` = 0 ORDER BY `cate_sort` DESC LIMIT 6 [ RunTime:0.001063s ]
[ sql ] [ SQL ] SELECT * FROM `blog_cate` ORDER BY `cate_sort` DESC [ RunTime:0.001007s ]
[ sql ] [ SQL ] SHOW COLUMNS FROM `blog_tag` [ RunTime:0.001298s ]
[ sql ] [ SQL ] SELECT * FROM `blog_tag` [ RunTime:0.000892s ]
[ sql ] [ SQL ] SHOW COLUMNS FROM `blog_article` [ RunTime:0.001461s ]
[ sql ] [ SQL ] SELECT `arc_id`,`arc_title` FROM `blog_article` ORDER BY `sendtime` DESC [ RunTime:0.001572s ]
[ sql ] [ SQL ] SHOW COLUMNS FROM `blog_link` [ RunTime:0.001407s ]
[ sql ] [ SQL ] SELECT * FROM `blog_link` ORDER BY `link_sort` DESC [ RunTime:0.001084s ]
[ sql ] [ SQL ] SELECT COUNT(*) AS tp_count FROM `blog_article` `a` INNER JOIN `blog_cate` `c` ON `a`.`cate_id`=`c`.`cate_id` WHERE  `a`.`is_recycle` = 2 LIMIT 1 [ RunTime:0.001492s ]
[ sql ] [ SQL ] SELECT * FROM `blog_article` `a` INNER JOIN `blog_cate` `c` ON `a`.`cate_id`=`c`.`cate_id` WHERE  `a`.`is_recycle` = 2 ORDER BY `sendtime` DESC LIMIT 0,5 [ RunTime:0.003964s ]
[ sql ] [ SQL ] SHOW COLUMNS FROM `blog_arc_tag` [ RunTime:0.001585s ]
[ sql ] [ SQL ] SELECT `t`.`tag_id`,`t`.`tag_name` FROM `blog_arc_tag` `at` INNER JOIN `blog_tag` `t` ON `at`.`tag_id`=`t`.`tag_id` WHERE  `at`.`arc_id` = 108 [ RunTime:0.001183s ]
[ sql ] [ SQL ] SELECT `t`.`tag_id`,`t`.`tag_name` FROM `blog_arc_tag` `at` INNER JOIN `blog_tag` `t` ON `at`.`tag_id`=`t`.`tag_id` WHERE  `at`.`arc_id` = 113 [ RunTime:0.001074s ]
[ sql ] [ SQL ] SELECT `t`.`tag_id`,`t`.`tag_name` FROM `blog_arc_tag` `at` INNER JOIN `blog_tag` `t` ON `at`.`tag_id`=`t`.`tag_id` WHERE  `at`.`arc_id` = 131 [ RunTime:0.001090s ]
[ sql ] [ SQL ] SELECT `t`.`tag_id`,`t`.`tag_name` FROM `blog_arc_tag` `at` INNER JOIN `blog_tag` `t` ON `at`.`tag_id`=`t`.`tag_id` WHERE  `at`.`arc_id` = 103 [ RunTime:0.001113s ]
[ sql ] [ SQL ] SELECT `t`.`tag_id`,`t`.`tag_name` FROM `blog_arc_tag` `at` INNER JOIN `blog_tag` `t` ON `at`.`tag_id`=`t`.`tag_id` WHERE  `at`.`arc_id` = 107 [ RunTime:0.001140s ]
---------------------------------------------------------------
[ 2019-03-19T04:29:04+08:00 ] 203.208.60.22 GET blog.taotaifu.cn/w/115.html
[运行时间：0.092530s] [吞吐率：10.81req/s] [内存消耗：2,247.27kb] [文件加载：55]
[ info ] [ LANG ] /www/wwwroot/blog_taotaifu_cn/thinkphp/lang/zh-cn.php
[ info ] [ ROUTE ] array (
  'type' => 'module',
  'module' => 
  array (
    0 => 'index',
    1 => 'content',
    2 => 'index',
  ),
  'convert' => false,
)
[ info ] [ HEADER ] array (
  'if-modified-since' => 'Mon, 18 Mar 2019 01:47:19 GMT',
  'accept-encoding' => 'gzip,deflate,br',
  'user-agent' => 'Mozilla/5.0 (compatible; Googlebot/2.1; +http://www.google.com/bot.html)',
  'from' => 'googlebot(at)googlebot.com',
  'accept' => 'text/html,application/xhtml+xml,application/xml;q=0.9,*/*;q=0.8',
  'connection' => 'keep-alive',
  'host' => 'blog.taotaifu.cn',
  'content-type' => '',
  'content-length' => '',
)
[ info ] [ PARAM ] array (
  'arc_id' => '115',
)
[ info ] [ DB ] INIT mysql
[ info ] [ RUN ] app\index\controller\Content->index[ /www/wwwroot/blog_taotaifu_cn/application/index/controller/Content.php ]
[ info ] [ CACHE ] INIT File
[ info ] [ VIEW ] /www/wwwroot/blog_taotaifu_cn/public/../application/index/view/content/index.html [ array (
  0 => '_webset',
  1 => '_cateData',
  2 => '_allCateData',
  3 => '_tagData',
  4 => '_articleData',
  5 => '_linkData',
  6 => 'headConf',
  7 => 'articleData',
) ]
[ info ] [ LOG ] INIT File
[ sql ] [ DB ] CONNECT:[ UseTime:0.001552s ] mysql:host=188.131.144.216;port=3306;dbname=blog_taotaifu_cn;charset=utf8
[ sql ] [ SQL ] SHOW COLUMNS FROM `blog_webset` [ RunTime:0.001350s ]
[ sql ] [ SQL ] SELECT `webset_name`,`webset_value` FROM `blog_webset` [ RunTime:0.000856s ]
[ sql ] [ SQL ] SHOW COLUMNS FROM `blog_cate` [ RunTime:0.001210s ]
[ sql ] [ SQL ] SELECT * FROM `blog_cate` WHERE  `cate_pid` = 0 ORDER BY `cate_sort` DESC LIMIT 6 [ RunTime:0.000942s ]
[ sql ] [ SQL ] SELECT * FROM `blog_cate` ORDER BY `cate_sort` DESC [ RunTime:0.001058s ]
[ sql ] [ SQL ] SHOW COLUMNS FROM `blog_tag` [ RunTime:0.001283s ]
[ sql ] [ SQL ] SELECT * FROM `blog_tag` [ RunTime:0.001382s ]
[ sql ] [ SQL ] SHOW COLUMNS FROM `blog_article` [ RunTime:0.001356s ]
[ sql ] [ SQL ] SELECT `arc_id`,`arc_title` FROM `blog_article` ORDER BY `sendtime` DESC [ RunTime:0.001532s ]
[ sql ] [ SQL ] SHOW COLUMNS FROM `blog_link` [ RunTime:0.001300s ]
[ sql ] [ SQL ] SELECT * FROM `blog_link` ORDER BY `link_sort` DESC [ RunTime:0.000890s ]
[ sql ] [ SQL ] UPDATE `blog_article`  SET `arc_click`=`arc_click`+1  WHERE  `arc_id` = 115 [ RunTime:0.041812s ]
[ sql ] [ SQL ] SELECT `arc_id`,`arc_title`,`arc_author`,`arc_content`,`sendtime` FROM `blog_article` WHERE  `arc_id` = 115 LIMIT 1 [ RunTime:0.001398s ]
[ sql ] [ SQL ] SHOW COLUMNS FROM `blog_arc_tag` [ RunTime:0.001588s ]
[ sql ] [ SQL ] SELECT `t`.`tag_id`,`t`.`tag_name` FROM `blog_arc_tag` `at` INNER JOIN `blog_tag` `t` ON `at`.`tag_id`=`t`.`tag_id` WHERE  `at`.`arc_id` = 115 [ RunTime:0.001142s ]
---------------------------------------------------------------
[ 2019-03-19T05:19:18+08:00 ] 203.208.60.73 GET blog.taotaifu.cn/w/123.html
[运行时间：0.074043s] [吞吐率：13.51req/s] [内存消耗：2,250.56kb] [文件加载：55]
[ info ] [ LANG ] /www/wwwroot/blog_taotaifu_cn/thinkphp/lang/zh-cn.php
[ info ] [ ROUTE ] array (
  'type' => 'module',
  'module' => 
  array (
    0 => 'index',
    1 => 'content',
    2 => 'index',
  ),
  'convert' => false,
)
[ info ] [ HEADER ] array (
  'if-modified-since' => 'Mon, 18 Mar 2019 03:12:29 GMT',
  'accept-encoding' => 'gzip,deflate,br',
  'user-agent' => 'Mozilla/5.0 (compatible; Googlebot/2.1; +http://www.google.com/bot.html)',
  'from' => 'googlebot(at)googlebot.com',
  'accept' => 'text/html,application/xhtml+xml,application/xml;q=0.9,*/*;q=0.8',
  'connection' => 'keep-alive',
  'host' => 'blog.taotaifu.cn',
  'content-type' => '',
  'content-length' => '',
)
[ info ] [ PARAM ] array (
  'arc_id' => '123',
)
[ info ] [ DB ] INIT mysql
[ info ] [ RUN ] app\index\controller\Content->index[ /www/wwwroot/blog_taotaifu_cn/application/index/controller/Content.php ]
[ info ] [ CACHE ] INIT File
[ info ] [ VIEW ] /www/wwwroot/blog_taotaifu_cn/public/../application/index/view/content/index.html [ array (
  0 => '_webset',
  1 => '_cateData',
  2 => '_allCateData',
  3 => '_tagData',
  4 => '_articleData',
  5 => '_linkData',
  6 => 'headConf',
  7 => 'articleData',
) ]
[ info ] [ LOG ] INIT File
[ sql ] [ DB ] CONNECT:[ UseTime:0.001341s ] mysql:host=188.131.144.216;port=3306;dbname=blog_taotaifu_cn;charset=utf8
[ sql ] [ SQL ] SHOW COLUMNS FROM `blog_webset` [ RunTime:0.001403s ]
[ sql ] [ SQL ] SELECT `webset_name`,`webset_value` FROM `blog_webset` [ RunTime:0.000935s ]
[ sql ] [ SQL ] SHOW COLUMNS FROM `blog_cate` [ RunTime:0.001189s ]
[ sql ] [ SQL ] SELECT * FROM `blog_cate` WHERE  `cate_pid` = 0 ORDER BY `cate_sort` DESC LIMIT 6 [ RunTime:0.000905s ]
[ sql ] [ SQL ] SELECT * FROM `blog_cate` ORDER BY `cate_sort` DESC [ RunTime:0.001079s ]
[ sql ] [ SQL ] SHOW COLUMNS FROM `blog_tag` [ RunTime:0.001194s ]
[ sql ] [ SQL ] SELECT * FROM `blog_tag` [ RunTime:0.000927s ]
[ sql ] [ SQL ] SHOW COLUMNS FROM `blog_article` [ RunTime:0.001332s ]
[ sql ] [ SQL ] SELECT `arc_id`,`arc_title` FROM `blog_article` ORDER BY `sendtime` DESC [ RunTime:0.001607s ]
[ sql ] [ SQL ] SHOW COLUMNS FROM `blog_link` [ RunTime:0.001237s ]
[ sql ] [ SQL ] SELECT * FROM `blog_link` ORDER BY `link_sort` DESC [ RunTime:0.000932s ]
[ sql ] [ SQL ] UPDATE `blog_article`  SET `arc_click`=`arc_click`+1  WHERE  `arc_id` = 123 [ RunTime:0.026858s ]
[ sql ] [ SQL ] SELECT `arc_id`,`arc_title`,`arc_author`,`arc_content`,`sendtime` FROM `blog_article` WHERE  `arc_id` = 123 LIMIT 1 [ RunTime:0.001285s ]
[ sql ] [ SQL ] SHOW COLUMNS FROM `blog_arc_tag` [ RunTime:0.001307s ]
[ sql ] [ SQL ] SELECT `t`.`tag_id`,`t`.`tag_name` FROM `blog_arc_tag` `at` INNER JOIN `blog_tag` `t` ON `at`.`tag_id`=`t`.`tag_id` WHERE  `at`.`arc_id` = 123 [ RunTime:0.001839s ]
---------------------------------------------------------------
[ 2019-03-19T09:00:45+08:00 ] 203.208.60.40 GET blog.taotaifu.cn/w/139.html
[运行时间：0.087745s] [吞吐率：11.40req/s] [内存消耗：2,318.74kb] [文件加载：55]
[ info ] [ LANG ] /www/wwwroot/blog_taotaifu_cn/thinkphp/lang/zh-cn.php
[ info ] [ ROUTE ] array (
  'type' => 'module',
  'module' => 
  array (
    0 => 'index',
    1 => 'content',
    2 => 'index',
  ),
  'convert' => false,
)
[ info ] [ HEADER ] array (
  'if-modified-since' => 'Mon, 18 Mar 2019 14:33:32 GMT',
  'accept-encoding' => 'gzip,deflate,br',
  'user-agent' => 'Mozilla/5.0 (compatible; Googlebot/2.1; +http://www.google.com/bot.html)',
  'from' => 'googlebot(at)googlebot.com',
  'accept' => 'text/html,application/xhtml+xml,application/xml;q=0.9,*/*;q=0.8',
  'connection' => 'keep-alive',
  'host' => 'blog.taotaifu.cn',
  'content-type' => '',
  'content-length' => '',
)
[ info ] [ PARAM ] array (
  'arc_id' => '139',
)
[ info ] [ DB ] INIT mysql
[ info ] [ RUN ] app\index\controller\Content->index[ /www/wwwroot/blog_taotaifu_cn/application/index/controller/Content.php ]
[ info ] [ CACHE ] INIT File
[ info ] [ VIEW ] /www/wwwroot/blog_taotaifu_cn/public/../application/index/view/content/index.html [ array (
  0 => '_webset',
  1 => '_cateData',
  2 => '_allCateData',
  3 => '_tagData',
  4 => '_articleData',
  5 => '_linkData',
  6 => 'headConf',
  7 => 'articleData',
) ]
[ info ] [ LOG ] INIT File
[ sql ] [ DB ] CONNECT:[ UseTime:0.001659s ] mysql:host=188.131.144.216;port=3306;dbname=blog_taotaifu_cn;charset=utf8
[ sql ] [ SQL ] SHOW COLUMNS FROM `blog_webset` [ RunTime:0.001415s ]
[ sql ] [ SQL ] SELECT `webset_name`,`webset_value` FROM `blog_webset` [ RunTime:0.001002s ]
[ sql ] [ SQL ] SHOW COLUMNS FROM `blog_cate` [ RunTime:0.001487s ]
[ sql ] [ SQL ] SELECT * FROM `blog_cate` WHERE  `cate_pid` = 0 ORDER BY `cate_sort` DESC LIMIT 6 [ RunTime:0.001259s ]
[ sql ] [ SQL ] SELECT * FROM `blog_cate` ORDER BY `cate_sort` DESC [ RunTime:0.001145s ]
[ sql ] [ SQL ] SHOW COLUMNS FROM `blog_tag` [ RunTime:0.001669s ]
[ sql ] [ SQL ] SELECT * FROM `blog_tag` [ RunTime:0.000985s ]
[ sql ] [ SQL ] SHOW COLUMNS FROM `blog_article` [ RunTime:0.001519s ]
[ sql ] [ SQL ] SELECT `arc_id`,`arc_title` FROM `blog_article` ORDER BY `sendtime` DESC [ RunTime:0.001424s ]
[ sql ] [ SQL ] SHOW COLUMNS FROM `blog_link` [ RunTime:0.001457s ]
[ sql ] [ SQL ] SELECT * FROM `blog_link` ORDER BY `link_sort` DESC [ RunTime:0.000935s ]
[ sql ] [ SQL ] UPDATE `blog_article`  SET `arc_click`=`arc_click`+1  WHERE  `arc_id` = 139 [ RunTime:0.033529s ]
[ sql ] [ SQL ] SELECT `arc_id`,`arc_title`,`arc_author`,`arc_content`,`sendtime` FROM `blog_article` WHERE  `arc_id` = 139 LIMIT 1 [ RunTime:0.002400s ]
[ sql ] [ SQL ] SHOW COLUMNS FROM `blog_arc_tag` [ RunTime:0.001462s ]
[ sql ] [ SQL ] SELECT `t`.`tag_id`,`t`.`tag_name` FROM `blog_arc_tag` `at` INNER JOIN `blog_tag` `t` ON `at`.`tag_id`=`t`.`tag_id` WHERE  `at`.`arc_id` = 139 [ RunTime:0.001229s ]
---------------------------------------------------------------
[ 2019-03-19T09:40:46+08:00 ] 203.208.60.7 GET blog.taotaifu.cn/w/109.html
[运行时间：0.075884s] [吞吐率：13.18req/s] [内存消耗：2,314.09kb] [文件加载：55]
[ info ] [ LANG ] /www/wwwroot/blog_taotaifu_cn/thinkphp/lang/zh-cn.php
[ info ] [ ROUTE ] array (
  'type' => 'module',
  'module' => 
  array (
    0 => 'index',
    1 => 'content',
    2 => 'index',
  ),
  'convert' => false,
)
[ info ] [ HEADER ] array (
  'if-modified-since' => 'Mon, 18 Mar 2019 14:32:01 GMT',
  'accept-encoding' => 'gzip,deflate,br',
  'user-agent' => 'Mozilla/5.0 (compatible; Googlebot/2.1; +http://www.google.com/bot.html)',
  'from' => 'googlebot(at)googlebot.com',
  'accept' => 'text/html,application/xhtml+xml,application/xml;q=0.9,*/*;q=0.8',
  'connection' => 'keep-alive',
  'host' => 'blog.taotaifu.cn',
  'content-type' => '',
  'content-length' => '',
)
[ info ] [ PARAM ] array (
  'arc_id' => '109',
)
[ info ] [ DB ] INIT mysql
[ info ] [ RUN ] app\index\controller\Content->index[ /www/wwwroot/blog_taotaifu_cn/application/index/controller/Content.php ]
[ info ] [ CACHE ] INIT File
[ info ] [ VIEW ] /www/wwwroot/blog_taotaifu_cn/public/../application/index/view/content/index.html [ array (
  0 => '_webset',
  1 => '_cateData',
  2 => '_allCateData',
  3 => '_tagData',
  4 => '_articleData',
  5 => '_linkData',
  6 => 'headConf',
  7 => 'articleData',
) ]
[ info ] [ LOG ] INIT File
[ sql ] [ DB ] CONNECT:[ UseTime:0.001441s ] mysql:host=188.131.144.216;port=3306;dbname=blog_taotaifu_cn;charset=utf8
[ sql ] [ SQL ] SHOW COLUMNS FROM `blog_webset` [ RunTime:0.001470s ]
[ sql ] [ SQL ] SELECT `webset_name`,`webset_value` FROM `blog_webset` [ RunTime:0.000860s ]
[ sql ] [ SQL ] SHOW COLUMNS FROM `blog_cate` [ RunTime:0.001211s ]
[ sql ] [ SQL ] SELECT * FROM `blog_cate` WHERE  `cate_pid` = 0 ORDER BY `cate_sort` DESC LIMIT 6 [ RunTime:0.000998s ]
[ sql ] [ SQL ] SELECT * FROM `blog_cate` ORDER BY `cate_sort` DESC [ RunTime:0.001024s ]
[ sql ] [ SQL ] SHOW COLUMNS FROM `blog_tag` [ RunTime:0.001286s ]
[ sql ] [ SQL ] SELECT * FROM `blog_tag` [ RunTime:0.001289s ]
[ sql ] [ SQL ] SHOW COLUMNS FROM `blog_article` [ RunTime:0.001568s ]
[ sql ] [ SQL ] SELECT `arc_id`,`arc_title` FROM `blog_article` ORDER BY `sendtime` DESC [ RunTime:0.001679s ]
[ sql ] [ SQL ] SHOW COLUMNS FROM `blog_link` [ RunTime:0.001446s ]
[ sql ] [ SQL ] SELECT * FROM `blog_link` ORDER BY `link_sort` DESC [ RunTime:0.001276s ]
[ sql ] [ SQL ] UPDATE `blog_article`  SET `arc_click`=`arc_click`+1  WHERE  `arc_id` = 109 [ RunTime:0.021311s ]
[ sql ] [ SQL ] SELECT `arc_id`,`arc_title`,`arc_author`,`arc_content`,`sendtime` FROM `blog_article` WHERE  `arc_id` = 109 LIMIT 1 [ RunTime:0.002173s ]
[ sql ] [ SQL ] SHOW COLUMNS FROM `blog_arc_tag` [ RunTime:0.001493s ]
[ sql ] [ SQL ] SELECT `t`.`tag_id`,`t`.`tag_name` FROM `blog_arc_tag` `at` INNER JOIN `blog_tag` `t` ON `at`.`tag_id`=`t`.`tag_id` WHERE  `at`.`arc_id` = 109 [ RunTime:0.001434s ]
---------------------------------------------------------------
[ 2019-03-19T09:50:42+08:00 ] 203.208.60.55 GET blog.taotaifu.cn/w/125.html
[运行时间：0.082276s] [吞吐率：12.15req/s] [内存消耗：2,261.06kb] [文件加载：55]
[ info ] [ LANG ] /www/wwwroot/blog_taotaifu_cn/thinkphp/lang/zh-cn.php
[ info ] [ ROUTE ] array (
  'type' => 'module',
  'module' => 
  array (
    0 => 'index',
    1 => 'content',
    2 => 'index',
  ),
  'convert' => false,
)
[ info ] [ HEADER ] array (
  'if-modified-since' => 'Mon, 18 Mar 2019 14:32:53 GMT',
  'accept-encoding' => 'gzip,deflate,br',
  'user-agent' => 'Mozilla/5.0 (compatible; Googlebot/2.1; +http://www.google.com/bot.html)',
  'from' => 'googlebot(at)googlebot.com',
  'accept' => 'text/html,application/xhtml+xml,application/xml;q=0.9,*/*;q=0.8',
  'connection' => 'keep-alive',
  'host' => 'blog.taotaifu.cn',
  'content-type' => '',
  'content-length' => '',
)
[ info ] [ PARAM ] array (
  'arc_id' => '125',
)
[ info ] [ DB ] INIT mysql
[ info ] [ RUN ] app\index\controller\Content->index[ /www/wwwroot/blog_taotaifu_cn/application/index/controller/Content.php ]
[ info ] [ CACHE ] INIT File
[ info ] [ VIEW ] /www/wwwroot/blog_taotaifu_cn/public/../application/index/view/content/index.html [ array (
  0 => '_webset',
  1 => '_cateData',
  2 => '_allCateData',
  3 => '_tagData',
  4 => '_articleData',
  5 => '_linkData',
  6 => 'headConf',
  7 => 'articleData',
) ]
[ info ] [ LOG ] INIT File
[ sql ] [ DB ] CONNECT:[ UseTime:0.001458s ] mysql:host=188.131.144.216;port=3306;dbname=blog_taotaifu_cn;charset=utf8
[ sql ] [ SQL ] SHOW COLUMNS FROM `blog_webset` [ RunTime:0.002162s ]
[ sql ] [ SQL ] SELECT `webset_name`,`webset_value` FROM `blog_webset` [ RunTime:0.001004s ]
[ sql ] [ SQL ] SHOW COLUMNS FROM `blog_cate` [ RunTime:0.001410s ]
[ sql ] [ SQL ] SELECT * FROM `blog_cate` WHERE  `cate_pid` = 0 ORDER BY `cate_sort` DESC LIMIT 6 [ RunTime:0.001192s ]
[ sql ] [ SQL ] SELECT * FROM `blog_cate` ORDER BY `cate_sort` DESC [ RunTime:0.000981s ]
[ sql ] [ SQL ] SHOW COLUMNS FROM `blog_tag` [ RunTime:0.001662s ]
[ sql ] [ SQL ] SELECT * FROM `blog_tag` [ RunTime:0.000944s ]
[ sql ] [ SQL ] SHOW COLUMNS FROM `blog_article` [ RunTime:0.001403s ]
[ sql ] [ SQL ] SELECT `arc_id`,`arc_title` FROM `blog_article` ORDER BY `sendtime` DESC [ RunTime:0.001687s ]
[ sql ] [ SQL ] SHOW COLUMNS FROM `blog_link` [ RunTime:0.001302s ]
[ sql ] [ SQL ] SELECT * FROM `blog_link` ORDER BY `link_sort` DESC [ RunTime:0.001092s ]
[ sql ] [ SQL ] UPDATE `blog_article`  SET `arc_click`=`arc_click`+1  WHERE  `arc_id` = 125 [ RunTime:0.024139s ]
[ sql ] [ SQL ] SELECT `arc_id`,`arc_title`,`arc_author`,`arc_content`,`sendtime` FROM `blog_article` WHERE  `arc_id` = 125 LIMIT 1 [ RunTime:0.001183s ]
[ sql ] [ SQL ] SHOW COLUMNS FROM `blog_arc_tag` [ RunTime:0.001408s ]
[ sql ] [ SQL ] SELECT `t`.`tag_id`,`t`.`tag_name` FROM `blog_arc_tag` `at` INNER JOIN `blog_tag` `t` ON `at`.`tag_id`=`t`.`tag_id` WHERE  `at`.`arc_id` = 125 [ RunTime:0.001165s ]
---------------------------------------------------------------
[ 2019-03-19T10:10:35+08:00 ] 203.208.60.6 GET blog.taotaifu.cn/
[运行时间：0.068571s] [吞吐率：14.58req/s] [内存消耗：2,597.34kb] [文件加载：59]
[ info ] [ LANG ] /www/wwwroot/blog_taotaifu_cn/thinkphp/lang/zh-cn.php
[ info ] [ ROUTE ] array (
  'type' => 'module',
  'module' => 
  array (
    0 => '',
    1 => NULL,
    2 => NULL,
  ),
)
[ info ] [ HEADER ] array (
  'accept-encoding' => 'gzip,deflate,br',
  'user-agent' => 'Mozilla/5.0 (Linux; Android 6.0.1; Nexus 5X Build/MMB29P) AppleWebKit/537.36 (KHTML, like Gecko) Chrome/41.0.2272.96 Mobile Safari/537.36 (compatible; Googlebot/2.1; +http://www.google.com/bot.html)',
  'from' => 'googlebot(at)googlebot.com',
  'accept' => 'text/html,application/xhtml+xml,application/xml;q=0.9,*/*;q=0.8,text/html,application/xhtml+xml,application/signed-exchange;v=b3,application/xml;q=0.9,*/*;q=0.8',
  'connection' => 'keep-alive',
  'amp-cache-transform' => 'google;v="1"',
  'host' => 'blog.taotaifu.cn',
  'content-type' => '',
  'content-length' => '',
)
[ info ] [ PARAM ] array (
)
[ info ] [ DB ] INIT mysql
[ info ] [ RUN ] app\index\controller\Index->index[ /www/wwwroot/blog_taotaifu_cn/application/index/controller/Index.php ]
[ info ] [ VIEW ] /www/wwwroot/blog_taotaifu_cn/public/../application/index/view/index/index.html [ array (
  0 => '_webset',
  1 => '_cateData',
  2 => '_allCateData',
  3 => '_tagData',
  4 => '_articleData',
  5 => '_linkData',
  6 => 'headConf',
  7 => 'srchtxt',
  8 => 'limit',
  9 => 'page',
  10 => 'articleData',
) ]
[ info ] [ LOG ] INIT File
[ sql ] [ DB ] CONNECT:[ UseTime:0.001497s ] mysql:host=188.131.144.216;port=3306;dbname=blog_taotaifu_cn;charset=utf8
[ sql ] [ SQL ] SHOW COLUMNS FROM `blog_webset` [ RunTime:0.001596s ]
[ sql ] [ SQL ] SELECT `webset_name`,`webset_value` FROM `blog_webset` [ RunTime:0.001305s ]
[ sql ] [ SQL ] SHOW COLUMNS FROM `blog_cate` [ RunTime:0.001747s ]
[ sql ] [ SQL ] SELECT * FROM `blog_cate` WHERE  `cate_pid` = 0 ORDER BY `cate_sort` DESC LIMIT 6 [ RunTime:0.001624s ]
[ sql ] [ SQL ] SELECT * FROM `blog_cate` ORDER BY `cate_sort` DESC [ RunTime:0.001172s ]
[ sql ] [ SQL ] SHOW COLUMNS FROM `blog_tag` [ RunTime:0.001431s ]
[ sql ] [ SQL ] SELECT * FROM `blog_tag` [ RunTime:0.000875s ]
[ sql ] [ SQL ] SHOW COLUMNS FROM `blog_article` [ RunTime:0.001226s ]
[ sql ] [ SQL ] SELECT `arc_id`,`arc_title` FROM `blog_article` ORDER BY `sendtime` DESC [ RunTime:0.001599s ]
[ sql ] [ SQL ] SHOW COLUMNS FROM `blog_link` [ RunTime:0.001260s ]
[ sql ] [ SQL ] SELECT * FROM `blog_link` ORDER BY `link_sort` DESC [ RunTime:0.001264s ]
[ sql ] [ SQL ] SELECT COUNT(*) AS tp_count FROM `blog_article` `a` INNER JOIN `blog_cate` `c` ON `a`.`cate_id`=`c`.`cate_id` WHERE  `a`.`is_recycle` = 2 LIMIT 1 [ RunTime:0.001459s ]
[ sql ] [ SQL ] SELECT * FROM `blog_article` `a` INNER JOIN `blog_cate` `c` ON `a`.`cate_id`=`c`.`cate_id` WHERE  `a`.`is_recycle` = 2 ORDER BY `sendtime` DESC LIMIT 0,5 [ RunTime:0.003555s ]
[ sql ] [ SQL ] SHOW COLUMNS FROM `blog_arc_tag` [ RunTime:0.001661s ]
[ sql ] [ SQL ] SELECT `t`.`tag_id`,`t`.`tag_name` FROM `blog_arc_tag` `at` INNER JOIN `blog_tag` `t` ON `at`.`tag_id`=`t`.`tag_id` WHERE  `at`.`arc_id` = 108 [ RunTime:0.001073s ]
[ sql ] [ SQL ] SELECT `t`.`tag_id`,`t`.`tag_name` FROM `blog_arc_tag` `at` INNER JOIN `blog_tag` `t` ON `at`.`tag_id`=`t`.`tag_id` WHERE  `at`.`arc_id` = 113 [ RunTime:0.001010s ]
[ sql ] [ SQL ] SELECT `t`.`tag_id`,`t`.`tag_name` FROM `blog_arc_tag` `at` INNER JOIN `blog_tag` `t` ON `at`.`tag_id`=`t`.`tag_id` WHERE  `at`.`arc_id` = 131 [ RunTime:0.001082s ]
[ sql ] [ SQL ] SELECT `t`.`tag_id`,`t`.`tag_name` FROM `blog_arc_tag` `at` INNER JOIN `blog_tag` `t` ON `at`.`tag_id`=`t`.`tag_id` WHERE  `at`.`arc_id` = 103 [ RunTime:0.001028s ]
[ sql ] [ SQL ] SELECT `t`.`tag_id`,`t`.`tag_name` FROM `blog_arc_tag` `at` INNER JOIN `blog_tag` `t` ON `at`.`tag_id`=`t`.`tag_id` WHERE  `at`.`arc_id` = 107 [ RunTime:0.001230s ]
---------------------------------------------------------------
[ 2019-03-19T10:42:52+08:00 ] 209.17.96.250 GET blog.taotaifu.cn/
[运行时间：0.063275s] [吞吐率：15.80req/s] [内存消耗：2,593.33kb] [文件加载：59]
[ info ] [ LANG ] /www/wwwroot/blog_taotaifu_cn/thinkphp/lang/zh-cn.php
[ info ] [ ROUTE ] array (
  'type' => 'module',
  'module' => 
  array (
    0 => '',
    1 => NULL,
    2 => NULL,
  ),
)
[ info ] [ HEADER ] array (
  'user-agent' => 'Mozilla/5.0 (compatible; Nimbostratus-Bot/v1.3.2; http://cloudsystemnetworks.com)',
  'host' => 'blog.taotaifu.cn',
  'content-type' => '',
  'content-length' => '',
)
[ info ] [ PARAM ] array (
)
[ info ] [ DB ] INIT mysql
[ info ] [ RUN ] app\index\controller\Index->index[ /www/wwwroot/blog_taotaifu_cn/application/index/controller/Index.php ]
[ info ] [ VIEW ] /www/wwwroot/blog_taotaifu_cn/public/../application/index/view/index/index.html [ array (
  0 => '_webset',
  1 => '_cateData',
  2 => '_allCateData',
  3 => '_tagData',
  4 => '_articleData',
  5 => '_linkData',
  6 => 'headConf',
  7 => 'srchtxt',
  8 => 'limit',
  9 => 'page',
  10 => 'articleData',
) ]
[ info ] [ LOG ] INIT File
[ sql ] [ DB ] CONNECT:[ UseTime:0.001322s ] mysql:host=188.131.144.216;port=3306;dbname=blog_taotaifu_cn;charset=utf8
[ sql ] [ SQL ] SHOW COLUMNS FROM `blog_webset` [ RunTime:0.001244s ]
[ sql ] [ SQL ] SELECT `webset_name`,`webset_value` FROM `blog_webset` [ RunTime:0.000888s ]
[ sql ] [ SQL ] SHOW COLUMNS FROM `blog_cate` [ RunTime:0.001369s ]
[ sql ] [ SQL ] SELECT * FROM `blog_cate` WHERE  `cate_pid` = 0 ORDER BY `cate_sort` DESC LIMIT 6 [ RunTime:0.000908s ]
[ sql ] [ SQL ] SELECT * FROM `blog_cate` ORDER BY `cate_sort` DESC [ RunTime:0.001039s ]
[ sql ] [ SQL ] SHOW COLUMNS FROM `blog_tag` [ RunTime:0.001612s ]
[ sql ] [ SQL ] SELECT * FROM `blog_tag` [ RunTime:0.001067s ]
[ sql ] [ SQL ] SHOW COLUMNS FROM `blog_article` [ RunTime:0.001498s ]
[ sql ] [ SQL ] SELECT `arc_id`,`arc_title` FROM `blog_article` ORDER BY `sendtime` DESC [ RunTime:0.002413s ]
[ sql ] [ SQL ] SHOW COLUMNS FROM `blog_link` [ RunTime:0.001228s ]
[ sql ] [ SQL ] SELECT * FROM `blog_link` ORDER BY `link_sort` DESC [ RunTime:0.000899s ]
[ sql ] [ SQL ] SELECT COUNT(*) AS tp_count FROM `blog_article` `a` INNER JOIN `blog_cate` `c` ON `a`.`cate_id`=`c`.`cate_id` WHERE  `a`.`is_recycle` = 2 LIMIT 1 [ RunTime:0.002601s ]
[ sql ] [ SQL ] SELECT * FROM `blog_article` `a` INNER JOIN `blog_cate` `c` ON `a`.`cate_id`=`c`.`cate_id` WHERE  `a`.`is_recycle` = 2 ORDER BY `sendtime` DESC LIMIT 0,5 [ RunTime:0.003994s ]
[ sql ] [ SQL ] SHOW COLUMNS FROM `blog_arc_tag` [ RunTime:0.002718s ]
[ sql ] [ SQL ] SELECT `t`.`tag_id`,`t`.`tag_name` FROM `blog_arc_tag` `at` INNER JOIN `blog_tag` `t` ON `at`.`tag_id`=`t`.`tag_id` WHERE  `at`.`arc_id` = 108 [ RunTime:0.001669s ]
[ sql ] [ SQL ] SELECT `t`.`tag_id`,`t`.`tag_name` FROM `blog_arc_tag` `at` INNER JOIN `blog_tag` `t` ON `at`.`tag_id`=`t`.`tag_id` WHERE  `at`.`arc_id` = 113 [ RunTime:0.001071s ]
[ sql ] [ SQL ] SELECT `t`.`tag_id`,`t`.`tag_name` FROM `blog_arc_tag` `at` INNER JOIN `blog_tag` `t` ON `at`.`tag_id`=`t`.`tag_id` WHERE  `at`.`arc_id` = 131 [ RunTime:0.000995s ]
[ sql ] [ SQL ] SELECT `t`.`tag_id`,`t`.`tag_name` FROM `blog_arc_tag` `at` INNER JOIN `blog_tag` `t` ON `at`.`tag_id`=`t`.`tag_id` WHERE  `at`.`arc_id` = 103 [ RunTime:0.001169s ]
[ sql ] [ SQL ] SELECT `t`.`tag_id`,`t`.`tag_name` FROM `blog_arc_tag` `at` INNER JOIN `blog_tag` `t` ON `at`.`tag_id`=`t`.`tag_id` WHERE  `at`.`arc_id` = 107 [ RunTime:0.001013s ]
---------------------------------------------------------------
[ 2019-03-19T11:10:49+08:00 ] 203.208.60.68 GET blog.taotaifu.cn/?page=6
[运行时间：0.069049s] [吞吐率：14.48req/s] [内存消耗：2,545.05kb] [文件加载：59]
[ info ] [ LANG ] /www/wwwroot/blog_taotaifu_cn/thinkphp/lang/zh-cn.php
[ info ] [ ROUTE ] array (
  'type' => 'module',
  'module' => 
  array (
    0 => '',
    1 => NULL,
    2 => NULL,
  ),
)
[ info ] [ HEADER ] array (
  'if-modified-since' => 'Mon, 18 Mar 2019 14:36:13 GMT',
  'accept-encoding' => 'gzip,deflate,br',
  'user-agent' => 'Mozilla/5.0 (compatible; Googlebot/2.1; +http://www.google.com/bot.html)',
  'from' => 'googlebot(at)googlebot.com',
  'accept' => 'text/html,application/xhtml+xml,application/xml;q=0.9,*/*;q=0.8',
  'connection' => 'keep-alive',
  'host' => 'blog.taotaifu.cn',
  'content-type' => '',
  'content-length' => '',
)
[ info ] [ PARAM ] array (
  'page' => '6',
)
[ info ] [ DB ] INIT mysql
[ info ] [ RUN ] app\index\controller\Index->index[ /www/wwwroot/blog_taotaifu_cn/application/index/controller/Index.php ]
[ info ] [ VIEW ] /www/wwwroot/blog_taotaifu_cn/public/../application/index/view/index/index.html [ array (
  0 => '_webset',
  1 => '_cateData',
  2 => '_allCateData',
  3 => '_tagData',
  4 => '_articleData',
  5 => '_linkData',
  6 => 'headConf',
  7 => 'srchtxt',
  8 => 'limit',
  9 => 'page',
  10 => 'articleData',
) ]
[ info ] [ LOG ] INIT File
[ sql ] [ DB ] CONNECT:[ UseTime:0.001396s ] mysql:host=188.131.144.216;port=3306;dbname=blog_taotaifu_cn;charset=utf8
[ sql ] [ SQL ] SHOW COLUMNS FROM `blog_webset` [ RunTime:0.001392s ]
[ sql ] [ SQL ] SELECT `webset_name`,`webset_value` FROM `blog_webset` [ RunTime:0.000897s ]
[ sql ] [ SQL ] SHOW COLUMNS FROM `blog_cate` [ RunTime:0.001279s ]
[ sql ] [ SQL ] SELECT * FROM `blog_cate` WHERE  `cate_pid` = 0 ORDER BY `cate_sort` DESC LIMIT 6 [ RunTime:0.001013s ]
[ sql ] [ SQL ] SELECT * FROM `blog_cate` ORDER BY `cate_sort` DESC [ RunTime:0.000991s ]
[ sql ] [ SQL ] SHOW COLUMNS FROM `blog_tag` [ RunTime:0.001239s ]
[ sql ] [ SQL ] SELECT * FROM `blog_tag` [ RunTime:0.000887s ]
[ sql ] [ SQL ] SHOW COLUMNS FROM `blog_article` [ RunTime:0.001285s ]
[ sql ] [ SQL ] SELECT `arc_id`,`arc_title` FROM `blog_article` ORDER BY `sendtime` DESC [ RunTime:0.001599s ]
[ sql ] [ SQL ] SHOW COLUMNS FROM `blog_link` [ RunTime:0.001220s ]
[ sql ] [ SQL ] SELECT * FROM `blog_link` ORDER BY `link_sort` DESC [ RunTime:0.001328s ]
[ sql ] [ SQL ] SELECT COUNT(*) AS tp_count FROM `blog_article` `a` INNER JOIN `blog_cate` `c` ON `a`.`cate_id`=`c`.`cate_id` WHERE  `a`.`is_recycle` = 2 LIMIT 1 [ RunTime:0.002781s ]
[ sql ] [ SQL ] SELECT * FROM `blog_article` `a` INNER JOIN `blog_cate` `c` ON `a`.`cate_id`=`c`.`cate_id` WHERE  `a`.`is_recycle` = 2 ORDER BY `sendtime` DESC LIMIT 25,5 [ RunTime:0.003853s ]
[ sql ] [ SQL ] SHOW COLUMNS FROM `blog_arc_tag` [ RunTime:0.001498s ]
[ sql ] [ SQL ] SELECT `t`.`tag_id`,`t`.`tag_name` FROM `blog_arc_tag` `at` INNER JOIN `blog_tag` `t` ON `at`.`tag_id`=`t`.`tag_id` WHERE  `at`.`arc_id` = 142 [ RunTime:0.001045s ]
[ sql ] [ SQL ] SELECT `t`.`tag_id`,`t`.`tag_name` FROM `blog_arc_tag` `at` INNER JOIN `blog_tag` `t` ON `at`.`tag_id`=`t`.`tag_id` WHERE  `at`.`arc_id` = 143 [ RunTime:0.000958s ]
[ sql ] [ SQL ] SELECT `t`.`tag_id`,`t`.`tag_name` FROM `blog_arc_tag` `at` INNER JOIN `blog_tag` `t` ON `at`.`tag_id`=`t`.`tag_id` WHERE  `at`.`arc_id` = 145 [ RunTime:0.001005s ]
[ sql ] [ SQL ] SELECT `t`.`tag_id`,`t`.`tag_name` FROM `blog_arc_tag` `at` INNER JOIN `blog_tag` `t` ON `at`.`tag_id`=`t`.`tag_id` WHERE  `at`.`arc_id` = 106 [ RunTime:0.001029s ]
[ sql ] [ SQL ] SELECT `t`.`tag_id`,`t`.`tag_name` FROM `blog_arc_tag` `at` INNER JOIN `blog_tag` `t` ON `at`.`tag_id`=`t`.`tag_id` WHERE  `at`.`arc_id` = 111 [ RunTime:0.000979s ]
---------------------------------------------------------------
[ 2019-03-19T11:20:56+08:00 ] 203.208.60.13 GET blog.taotaifu.cn/w/131.html
[运行时间：0.068851s] [吞吐率：14.52req/s] [内存消耗：2,244.30kb] [文件加载：55]
[ info ] [ LANG ] /www/wwwroot/blog_taotaifu_cn/thinkphp/lang/zh-cn.php
[ info ] [ ROUTE ] array (
  'type' => 'module',
  'module' => 
  array (
    0 => 'index',
    1 => 'content',
    2 => 'index',
  ),
  'convert' => false,
)
[ info ] [ HEADER ] array (
  'if-modified-since' => 'Mon, 18 Mar 2019 02:53:32 GMT',
  'accept-encoding' => 'gzip,deflate,br',
  'user-agent' => 'Mozilla/5.0 (compatible; Googlebot/2.1; +http://www.google.com/bot.html)',
  'from' => 'googlebot(at)googlebot.com',
  'accept' => 'text/html,application/xhtml+xml,application/xml;q=0.9,*/*;q=0.8',
  'connection' => 'keep-alive',
  'host' => 'blog.taotaifu.cn',
  'content-type' => '',
  'content-length' => '',
)
[ info ] [ PARAM ] array (
  'arc_id' => '131',
)
[ info ] [ DB ] INIT mysql
[ info ] [ RUN ] app\index\controller\Content->index[ /www/wwwroot/blog_taotaifu_cn/application/index/controller/Content.php ]
[ info ] [ CACHE ] INIT File
[ info ] [ VIEW ] /www/wwwroot/blog_taotaifu_cn/public/../application/index/view/content/index.html [ array (
  0 => '_webset',
  1 => '_cateData',
  2 => '_allCateData',
  3 => '_tagData',
  4 => '_articleData',
  5 => '_linkData',
  6 => 'headConf',
  7 => 'articleData',
) ]
[ info ] [ LOG ] INIT File
[ sql ] [ DB ] CONNECT:[ UseTime:0.001505s ] mysql:host=188.131.144.216;port=3306;dbname=blog_taotaifu_cn;charset=utf8
[ sql ] [ SQL ] SHOW COLUMNS FROM `blog_webset` [ RunTime:0.001357s ]
[ sql ] [ SQL ] SELECT `webset_name`,`webset_value` FROM `blog_webset` [ RunTime:0.000869s ]
[ sql ] [ SQL ] SHOW COLUMNS FROM `blog_cate` [ RunTime:0.001228s ]
[ sql ] [ SQL ] SELECT * FROM `blog_cate` WHERE  `cate_pid` = 0 ORDER BY `cate_sort` DESC LIMIT 6 [ RunTime:0.001100s ]
[ sql ] [ SQL ] SELECT * FROM `blog_cate` ORDER BY `cate_sort` DESC [ RunTime:0.001064s ]
[ sql ] [ SQL ] SHOW COLUMNS FROM `blog_tag` [ RunTime:0.001337s ]
[ sql ] [ SQL ] SELECT * FROM `blog_tag` [ RunTime:0.001280s ]
[ sql ] [ SQL ] SHOW COLUMNS FROM `blog_article` [ RunTime:0.001348s ]
[ sql ] [ SQL ] SELECT `arc_id`,`arc_title` FROM `blog_article` ORDER BY `sendtime` DESC [ RunTime:0.001901s ]
[ sql ] [ SQL ] SHOW COLUMNS FROM `blog_link` [ RunTime:0.001658s ]
[ sql ] [ SQL ] SELECT * FROM `blog_link` ORDER BY `link_sort` DESC [ RunTime:0.001210s ]
[ sql ] [ SQL ] UPDATE `blog_article`  SET `arc_click`=`arc_click`+1  WHERE  `arc_id` = 131 [ RunTime:0.017724s ]
[ sql ] [ SQL ] SELECT `arc_id`,`arc_title`,`arc_author`,`arc_content`,`sendtime` FROM `blog_article` WHERE  `arc_id` = 131 LIMIT 1 [ RunTime:0.001518s ]
[ sql ] [ SQL ] SHOW COLUMNS FROM `blog_arc_tag` [ RunTime:0.001527s ]
[ sql ] [ SQL ] SELECT `t`.`tag_id`,`t`.`tag_name` FROM `blog_arc_tag` `at` INNER JOIN `blog_tag` `t` ON `at`.`tag_id`=`t`.`tag_id` WHERE  `at`.`arc_id` = 131 [ RunTime:0.001097s ]
---------------------------------------------------------------
[ 2019-03-19T14:23:16+08:00 ] 203.208.60.94 GET blog.taotaifu.cn/
[运行时间：0.064113s] [吞吐率：15.60req/s] [内存消耗：2,594.70kb] [文件加载：59]
[ info ] [ LANG ] /www/wwwroot/blog_taotaifu_cn/thinkphp/lang/zh-cn.php
[ info ] [ ROUTE ] array (
  'type' => 'module',
  'module' => 
  array (
    0 => '',
    1 => NULL,
    2 => NULL,
  ),
)
[ info ] [ HEADER ] array (
  'accept-encoding' => 'gzip,deflate,br',
  'user-agent' => 'Mozilla/5.0 (compatible; Googlebot/2.1; +http://www.google.com/bot.html)',
  'from' => 'googlebot(at)googlebot.com',
  'accept' => 'text/html,application/xhtml+xml,application/xml;q=0.9,*/*;q=0.8',
  'connection' => 'keep-alive',
  'host' => 'blog.taotaifu.cn',
  'content-type' => '',
  'content-length' => '',
)
[ info ] [ PARAM ] array (
)
[ info ] [ DB ] INIT mysql
[ info ] [ RUN ] app\index\controller\Index->index[ /www/wwwroot/blog_taotaifu_cn/application/index/controller/Index.php ]
[ info ] [ VIEW ] /www/wwwroot/blog_taotaifu_cn/public/../application/index/view/index/index.html [ array (
  0 => '_webset',
  1 => '_cateData',
  2 => '_allCateData',
  3 => '_tagData',
  4 => '_articleData',
  5 => '_linkData',
  6 => 'headConf',
  7 => 'srchtxt',
  8 => 'limit',
  9 => 'page',
  10 => 'articleData',
) ]
[ info ] [ LOG ] INIT File
[ sql ] [ DB ] CONNECT:[ UseTime:0.001307s ] mysql:host=188.131.144.216;port=3306;dbname=blog_taotaifu_cn;charset=utf8
[ sql ] [ SQL ] SHOW COLUMNS FROM `blog_webset` [ RunTime:0.001384s ]
[ sql ] [ SQL ] SELECT `webset_name`,`webset_value` FROM `blog_webset` [ RunTime:0.001013s ]
[ sql ] [ SQL ] SHOW COLUMNS FROM `blog_cate` [ RunTime:0.001398s ]
[ sql ] [ SQL ] SELECT * FROM `blog_cate` WHERE  `cate_pid` = 0 ORDER BY `cate_sort` DESC LIMIT 6 [ RunTime:0.001702s ]
[ sql ] [ SQL ] SELECT * FROM `blog_cate` ORDER BY `cate_sort` DESC [ RunTime:0.001125s ]
[ sql ] [ SQL ] SHOW COLUMNS FROM `blog_tag` [ RunTime:0.001454s ]
[ sql ] [ SQL ] SELECT * FROM `blog_tag` [ RunTime:0.000993s ]
[ sql ] [ SQL ] SHOW COLUMNS FROM `blog_article` [ RunTime:0.001570s ]
[ sql ] [ SQL ] SELECT `arc_id`,`arc_title` FROM `blog_article` ORDER BY `sendtime` DESC [ RunTime:0.001755s ]
[ sql ] [ SQL ] SHOW COLUMNS FROM `blog_link` [ RunTime:0.002220s ]
[ sql ] [ SQL ] SELECT * FROM `blog_link` ORDER BY `link_sort` DESC [ RunTime:0.001011s ]
[ sql ] [ SQL ] SELECT COUNT(*) AS tp_count FROM `blog_article` `a` INNER JOIN `blog_cate` `c` ON `a`.`cate_id`=`c`.`cate_id` WHERE  `a`.`is_recycle` = 2 LIMIT 1 [ RunTime:0.001498s ]
[ sql ] [ SQL ] SELECT * FROM `blog_article` `a` INNER JOIN `blog_cate` `c` ON `a`.`cate_id`=`c`.`cate_id` WHERE  `a`.`is_recycle` = 2 ORDER BY `sendtime` DESC LIMIT 0,5 [ RunTime:0.003272s ]
[ sql ] [ SQL ] SHOW COLUMNS FROM `blog_arc_tag` [ RunTime:0.001720s ]
[ sql ] [ SQL ] SELECT `t`.`tag_id`,`t`.`tag_name` FROM `blog_arc_tag` `at` INNER JOIN `blog_tag` `t` ON `at`.`tag_id`=`t`.`tag_id` WHERE  `at`.`arc_id` = 108 [ RunTime:0.001038s ]
[ sql ] [ SQL ] SELECT `t`.`tag_id`,`t`.`tag_name` FROM `blog_arc_tag` `at` INNER JOIN `blog_tag` `t` ON `at`.`tag_id`=`t`.`tag_id` WHERE  `at`.`arc_id` = 113 [ RunTime:0.001203s ]
[ sql ] [ SQL ] SELECT `t`.`tag_id`,`t`.`tag_name` FROM `blog_arc_tag` `at` INNER JOIN `blog_tag` `t` ON `at`.`tag_id`=`t`.`tag_id` WHERE  `at`.`arc_id` = 131 [ RunTime:0.001001s ]
[ sql ] [ SQL ] SELECT `t`.`tag_id`,`t`.`tag_name` FROM `blog_arc_tag` `at` INNER JOIN `blog_tag` `t` ON `at`.`tag_id`=`t`.`tag_id` WHERE  `at`.`arc_id` = 103 [ RunTime:0.001028s ]
[ sql ] [ SQL ] SELECT `t`.`tag_id`,`t`.`tag_name` FROM `blog_arc_tag` `at` INNER JOIN `blog_tag` `t` ON `at`.`tag_id`=`t`.`tag_id` WHERE  `at`.`arc_id` = 107 [ RunTime:0.001042s ]
---------------------------------------------------------------
[ 2019-03-19T15:03:25+08:00 ] 203.208.60.116 GET blog.taotaifu.cn/w/137.html
[运行时间：0.072903s] [吞吐率：13.72req/s] [内存消耗：2,282.80kb] [文件加载：55]
[ info ] [ LANG ] /www/wwwroot/blog_taotaifu_cn/thinkphp/lang/zh-cn.php
[ info ] [ ROUTE ] array (
  'type' => 'module',
  'module' => 
  array (
    0 => 'index',
    1 => 'content',
    2 => 'index',
  ),
  'convert' => false,
)
[ info ] [ HEADER ] array (
  'if-modified-since' => 'Mon, 18 Mar 2019 02:15:40 GMT',
  'accept-encoding' => 'gzip,deflate,br',
  'user-agent' => 'Mozilla/5.0 (compatible; Googlebot/2.1; +http://www.google.com/bot.html)',
  'from' => 'googlebot(at)googlebot.com',
  'accept' => 'text/html,application/xhtml+xml,application/xml;q=0.9,*/*;q=0.8',
  'connection' => 'keep-alive',
  'host' => 'blog.taotaifu.cn',
  'content-type' => '',
  'content-length' => '',
)
[ info ] [ PARAM ] array (
  'arc_id' => '137',
)
[ info ] [ DB ] INIT mysql
[ info ] [ RUN ] app\index\controller\Content->index[ /www/wwwroot/blog_taotaifu_cn/application/index/controller/Content.php ]
[ info ] [ CACHE ] INIT File
[ info ] [ VIEW ] /www/wwwroot/blog_taotaifu_cn/public/../application/index/view/content/index.html [ array (
  0 => '_webset',
  1 => '_cateData',
  2 => '_allCateData',
  3 => '_tagData',
  4 => '_articleData',
  5 => '_linkData',
  6 => 'headConf',
  7 => 'articleData',
) ]
[ info ] [ LOG ] INIT File
[ sql ] [ DB ] CONNECT:[ UseTime:0.001543s ] mysql:host=188.131.144.216;port=3306;dbname=blog_taotaifu_cn;charset=utf8
[ sql ] [ SQL ] SHOW COLUMNS FROM `blog_webset` [ RunTime:0.001363s ]
[ sql ] [ SQL ] SELECT `webset_name`,`webset_value` FROM `blog_webset` [ RunTime:0.001469s ]
[ sql ] [ SQL ] SHOW COLUMNS FROM `blog_cate` [ RunTime:0.001412s ]
[ sql ] [ SQL ] SELECT * FROM `blog_cate` WHERE  `cate_pid` = 0 ORDER BY `cate_sort` DESC LIMIT 6 [ RunTime:0.001275s ]
[ sql ] [ SQL ] SELECT * FROM `blog_cate` ORDER BY `cate_sort` DESC [ RunTime:0.000948s ]
[ sql ] [ SQL ] SHOW COLUMNS FROM `blog_tag` [ RunTime:0.001362s ]
[ sql ] [ SQL ] SELECT * FROM `blog_tag` [ RunTime:0.000951s ]
[ sql ] [ SQL ] SHOW COLUMNS FROM `blog_article` [ RunTime:0.001432s ]
[ sql ] [ SQL ] SELECT `arc_id`,`arc_title` FROM `blog_article` ORDER BY `sendtime` DESC [ RunTime:0.001641s ]
[ sql ] [ SQL ] SHOW COLUMNS FROM `blog_link` [ RunTime:0.001473s ]
[ sql ] [ SQL ] SELECT * FROM `blog_link` ORDER BY `link_sort` DESC [ RunTime:0.000992s ]
[ sql ] [ SQL ] UPDATE `blog_article`  SET `arc_click`=`arc_click`+1  WHERE  `arc_id` = 137 [ RunTime:0.018699s ]
[ sql ] [ SQL ] SELECT `arc_id`,`arc_title`,`arc_author`,`arc_content`,`sendtime` FROM `blog_article` WHERE  `arc_id` = 137 LIMIT 1 [ RunTime:0.001690s ]
[ sql ] [ SQL ] SHOW COLUMNS FROM `blog_arc_tag` [ RunTime:0.002018s ]
[ sql ] [ SQL ] SELECT `t`.`tag_id`,`t`.`tag_name` FROM `blog_arc_tag` `at` INNER JOIN `blog_tag` `t` ON `at`.`tag_id`=`t`.`tag_id` WHERE  `at`.`arc_id` = 137 [ RunTime:0.001017s ]
