---------------------------------------------------------------
[ 2019-03-22T00:54:01+08:00 ] 101.226.79.190 GET blog.taotaifu.cn/index/wechat/validate_token?signature%3D9de90e41999f1b60b8caa1b7c9b68d3847487ae1%26timestamp%3D1553172270%26nonce%3D956887090%26openid%3DoTDNi1pNX3UyZZZeEQdIg5gzG9T8%26encrypt_type%3Daes%26msg_signature%3D5e9d3fcfa499d4d65ba7415e5dcdb314d1a98a1e
[运行时间：0.016301s] [吞吐率：61.35req/s] [内存消耗：1,274.38kb] [文件加载：38]
[ info ] [ LANG ] /www/wwwroot/blog_taotaifu_cn/thinkphp/lang/zh-cn.php
[ info ] [ ROUTE ] array (
  'type' => 'module',
  'module' => 
  array (
    0 => 'index',
    1 => 'wechat',
    2 => 'validate_token',
  ),
)
[ info ] [ HEADER ] array (
  'connection' => 'Close',
  'user-agent' => 'Mozilla/5.0 (iPhone; CPU iPhone OS 9_3_4 like Mac OS X) AppleWebKit/601.1.46 (KHTML, like Gecko) Mobile/13G35 QQ/6.5.3.410 V1_IPH_SQ_6.5.3_1_APP_A Pixel/750 Core/UIWebView NetType/2G Mem/117',
  'accept-language' => 'zh-cn',
  'accept' => '*/*',
  'accept-encoding' => 'deflate, gzip',
  'host' => 'blog.taotaifu.cn',
  'content-type' => '',
  'content-length' => '',
)
[ info ] [ PARAM ] array (
  'signature=9de90e41999f1b60b8caa1b7c9b68d3847487ae1&timestamp=1553172270&nonce=956887090&openid=oTDNi1pNX3UyZZZeEQdIg5gzG9T8&encrypt_type=aes&msg_signature=5e9d3fcfa499d4d65ba7415e5dcdb314d1a98a1e' => '',
)
[ info ] [ RUN ] app\index\controller\Wechat->validate_token[ /www/wwwroot/blog_taotaifu_cn/application/index/controller/Wechat.php ]
[ info ] [ LOG ] INIT File
---------------------------------------------------------------
[ 2019-03-22T03:17:49+08:00 ] 49.84.121.154 GET blog.taotaifu.cn/c/53.html
[运行时间：0.056334s] [吞吐率：17.75req/s] [内存消耗：2,480.13kb] [文件加载：56]
[ info ] [ LANG ] /www/wwwroot/blog_taotaifu_cn/thinkphp/lang/zh-cn.php
[ info ] [ ROUTE ] array (
  'type' => 'module',
  'module' => 
  array (
    0 => 'index',
    1 => 'lists',
    2 => 'index',
  ),
  'convert' => false,
)
[ info ] [ HEADER ] array (
  'connection' => 'keep-alive',
  'cache-control' => 'max-age=259200',
  'accept-encoding' => 'gzip,deflate',
  'accept' => '*/*',
  'user-agent' => 'Mozilla/5.0 (Linux; Android 6.0.1; vivo X9i Build/MMB29M; wv) AppleWebKit/537.36 (KHTML, like Gecko) Version/4.0 Chrome/48.0.2564.116 Mobile Safari/537.36 T7/7.9 baiduboxapp/9.0.0.10 (Baidu; P1 6.0.1)',
  'host' => 'blog.taotaifu.cn',
  'content-type' => '',
  'content-length' => '',
)
[ info ] [ PARAM ] array (
  'cate_id' => '53',
)
[ info ] [ DB ] INIT mysql
[ info ] [ RUN ] app\index\controller\Lists->index[ /www/wwwroot/blog_taotaifu_cn/application/index/controller/Lists.php ]
[ info ] [ VIEW ] /www/wwwroot/blog_taotaifu_cn/public/../application/index/view/lists/index.html [ array (
  0 => '_webset',
  1 => '_cateData',
  2 => '_allCateData',
  3 => '_tagData',
  4 => '_articleData',
  5 => '_linkData',
  6 => 'headConf',
  7 => 'headData',
  8 => 'articleData',
) ]
[ info ] [ LOG ] INIT File
[ sql ] [ DB ] CONNECT:[ UseTime:0.001323s ] mysql:host=188.131.144.216;port=3306;dbname=blog_taotaifu_cn;charset=utf8
[ sql ] [ SQL ] SHOW COLUMNS FROM `blog_webset` [ RunTime:0.001458s ]
[ sql ] [ SQL ] SELECT `webset_name`,`webset_value` FROM `blog_webset` [ RunTime:0.000864s ]
[ sql ] [ SQL ] SHOW COLUMNS FROM `blog_cate` [ RunTime:0.001214s ]
[ sql ] [ SQL ] SELECT * FROM `blog_cate` WHERE  `cate_pid` = 0 ORDER BY `cate_sort` DESC LIMIT 6 [ RunTime:0.000973s ]
[ sql ] [ SQL ] SELECT * FROM `blog_cate` ORDER BY `cate_sort` DESC [ RunTime:0.000864s ]
[ sql ] [ SQL ] SHOW COLUMNS FROM `blog_tag` [ RunTime:0.001084s ]
[ sql ] [ SQL ] SELECT * FROM `blog_tag` [ RunTime:0.000825s ]
[ sql ] [ SQL ] SHOW COLUMNS FROM `blog_article` [ RunTime:0.001297s ]
[ sql ] [ SQL ] SELECT `arc_id`,`arc_title` FROM `blog_article` ORDER BY `sendtime` DESC [ RunTime:0.001483s ]
[ sql ] [ SQL ] SHOW COLUMNS FROM `blog_link` [ RunTime:0.001206s ]
[ sql ] [ SQL ] SELECT * FROM `blog_link` ORDER BY `link_sort` DESC [ RunTime:0.001127s ]
[ sql ] [ SQL ] SELECT * FROM `blog_cate` [ RunTime:0.001017s ]
[ sql ] [ SQL ] SELECT `cate_name` FROM `blog_cate` WHERE  `cate_id` = 53 LIMIT 1 [ RunTime:0.001143s ]
[ sql ] [ SQL ] SELECT COUNT(*) AS tp_count FROM `blog_article` WHERE  `cate_id` IN (53) LIMIT 1 [ RunTime:0.000912s ]
[ sql ] [ SQL ] SELECT * FROM `blog_article` `a` INNER JOIN `blog_cate` `c` ON `a`.`cate_id`=`c`.`cate_id` WHERE  `a`.`is_recycle` = 2  AND `a`.`cate_id` IN ('53') [ RunTime:0.001564s ]
[ sql ] [ SQL ] SHOW COLUMNS FROM `blog_arc_tag` [ RunTime:0.001435s ]
[ sql ] [ SQL ] SELECT `t`.`tag_id`,`t`.`tag_name` FROM `blog_arc_tag` `at` INNER JOIN `blog_tag` `t` ON `at`.`tag_id`=`t`.`tag_id` WHERE  `at`.`arc_id` = 145 [ RunTime:0.001017s ]
[ sql ] [ SQL ] SELECT `t`.`tag_id`,`t`.`tag_name` FROM `blog_arc_tag` `at` INNER JOIN `blog_tag` `t` ON `at`.`tag_id`=`t`.`tag_id` WHERE  `at`.`arc_id` = 106 [ RunTime:0.000916s ]
[ sql ] [ SQL ] SELECT `t`.`tag_id`,`t`.`tag_name` FROM `blog_arc_tag` `at` INNER JOIN `blog_tag` `t` ON `at`.`tag_id`=`t`.`tag_id` WHERE  `at`.`arc_id` = 111 [ RunTime:0.000894s ]
[ sql ] [ SQL ] SELECT `t`.`tag_id`,`t`.`tag_name` FROM `blog_arc_tag` `at` INNER JOIN `blog_tag` `t` ON `at`.`tag_id`=`t`.`tag_id` WHERE  `at`.`arc_id` = 132 [ RunTime:0.000891s ]
---------------------------------------------------------------
[ 2019-03-22T03:31:58+08:00 ] 153.99.96.231 GET blog.taotaifu.cn/c/58.html
[运行时间：0.059753s] [吞吐率：16.74req/s] [内存消耗：2,447.36kb] [文件加载：56]
[ info ] [ LANG ] /www/wwwroot/blog_taotaifu_cn/thinkphp/lang/zh-cn.php
[ info ] [ ROUTE ] array (
  'type' => 'module',
  'module' => 
  array (
    0 => 'index',
    1 => 'lists',
    2 => 'index',
  ),
  'convert' => false,
)
[ info ] [ HEADER ] array (
  'connection' => 'keep-alive',
  'cache-control' => 'max-age=259200',
  'accept-encoding' => 'gzip,deflate',
  'accept' => '*/*',
  'user-agent' => 'Mozilla/5.0 (Linux; Android 5.1; vivo X6D Build/LMY47I; wv) AppleWebKit/537.36 (KHTML, like Gecko) Version/4.0 Chrome/48.0.2564.116 Mobile Safari/537.36 T7/7.9 baiduboxapp/9.0.0.10 (Baidu; P1 5.1)',
  'host' => 'blog.taotaifu.cn',
  'content-type' => '',
  'content-length' => '',
)
[ info ] [ PARAM ] array (
  'cate_id' => '58',
)
[ info ] [ DB ] INIT mysql
[ info ] [ RUN ] app\index\controller\Lists->index[ /www/wwwroot/blog_taotaifu_cn/application/index/controller/Lists.php ]
[ info ] [ VIEW ] /www/wwwroot/blog_taotaifu_cn/public/../application/index/view/lists/index.html [ array (
  0 => '_webset',
  1 => '_cateData',
  2 => '_allCateData',
  3 => '_tagData',
  4 => '_articleData',
  5 => '_linkData',
  6 => 'headConf',
  7 => 'headData',
  8 => 'articleData',
) ]
[ info ] [ LOG ] INIT File
[ sql ] [ DB ] CONNECT:[ UseTime:0.001604s ] mysql:host=188.131.144.216;port=3306;dbname=blog_taotaifu_cn;charset=utf8
[ sql ] [ SQL ] SHOW COLUMNS FROM `blog_webset` [ RunTime:0.001450s ]
[ sql ] [ SQL ] SELECT `webset_name`,`webset_value` FROM `blog_webset` [ RunTime:0.001477s ]
[ sql ] [ SQL ] SHOW COLUMNS FROM `blog_cate` [ RunTime:0.001712s ]
[ sql ] [ SQL ] SELECT * FROM `blog_cate` WHERE  `cate_pid` = 0 ORDER BY `cate_sort` DESC LIMIT 6 [ RunTime:0.001248s ]
[ sql ] [ SQL ] SELECT * FROM `blog_cate` ORDER BY `cate_sort` DESC [ RunTime:0.001410s ]
[ sql ] [ SQL ] SHOW COLUMNS FROM `blog_tag` [ RunTime:0.001528s ]
[ sql ] [ SQL ] SELECT * FROM `blog_tag` [ RunTime:0.000943s ]
[ sql ] [ SQL ] SHOW COLUMNS FROM `blog_article` [ RunTime:0.001390s ]
[ sql ] [ SQL ] SELECT `arc_id`,`arc_title` FROM `blog_article` ORDER BY `sendtime` DESC [ RunTime:0.001652s ]
[ sql ] [ SQL ] SHOW COLUMNS FROM `blog_link` [ RunTime:0.001290s ]
[ sql ] [ SQL ] SELECT * FROM `blog_link` ORDER BY `link_sort` DESC [ RunTime:0.001518s ]
[ sql ] [ SQL ] SELECT * FROM `blog_cate` [ RunTime:0.001381s ]
[ sql ] [ SQL ] SELECT `cate_name` FROM `blog_cate` WHERE  `cate_id` = 58 LIMIT 1 [ RunTime:0.000887s ]
[ sql ] [ SQL ] SELECT COUNT(*) AS tp_count FROM `blog_article` WHERE  `cate_id` IN (58) LIMIT 1 [ RunTime:0.000993s ]
[ sql ] [ SQL ] SELECT * FROM `blog_article` `a` INNER JOIN `blog_cate` `c` ON `a`.`cate_id`=`c`.`cate_id` WHERE  `a`.`is_recycle` = 2  AND `a`.`cate_id` IN ('58') [ RunTime:0.001346s ]
[ sql ] [ SQL ] SHOW COLUMNS FROM `blog_arc_tag` [ RunTime:0.001414s ]
[ sql ] [ SQL ] SELECT `t`.`tag_id`,`t`.`tag_name` FROM `blog_arc_tag` `at` INNER JOIN `blog_tag` `t` ON `at`.`tag_id`=`t`.`tag_id` WHERE  `at`.`arc_id` = 108 [ RunTime:0.001140s ]
[ sql ] [ SQL ] SELECT `t`.`tag_id`,`t`.`tag_name` FROM `blog_arc_tag` `at` INNER JOIN `blog_tag` `t` ON `at`.`tag_id`=`t`.`tag_id` WHERE  `at`.`arc_id` = 113 [ RunTime:0.001325s ]
[ sql ] [ SQL ] SELECT `t`.`tag_id`,`t`.`tag_name` FROM `blog_arc_tag` `at` INNER JOIN `blog_tag` `t` ON `at`.`tag_id`=`t`.`tag_id` WHERE  `at`.`arc_id` = 131 [ RunTime:0.000985s ]
---------------------------------------------------------------
[ 2019-03-22T05:15:35+08:00 ] 14.17.3.64 GET blog.taotaifu.cn/index/wechat/validate_token?signature%253D9de90e41999f1b60b8caa1b7c9b68d3847487ae1%2526timestamp%253D1553172270%2526nonce%253D956887090%2526openid%253DoTDNi1pNX3UyZZZeEQdIg5gzG9T8%2526encrypt_type%253Daes%2526msg_signature%253D5e9d3fcfa499d4d65ba7415e5dcdb314d1a98a1e
[运行时间：0.019598s] [吞吐率：51.03req/s] [内存消耗：1,274.51kb] [文件加载：38]
[ info ] [ LANG ] /www/wwwroot/blog_taotaifu_cn/thinkphp/lang/zh-cn.php
[ info ] [ ROUTE ] array (
  'type' => 'module',
  'module' => 
  array (
    0 => 'index',
    1 => 'wechat',
    2 => 'validate_token',
  ),
)
[ info ] [ HEADER ] array (
  'connection' => 'Close',
  'user-agent' => 'Mozilla/5.0 (iPhone; CPU iPhone OS 9_3_4 like Mac OS X) AppleWebKit/601.1.46 (KHTML, like Gecko) Mobile/13G35 QQ/6.5.3.410 V1_IPH_SQ_6.5.3_1_APP_A Pixel/750 Core/UIWebView NetType/2G Mem/117',
  'accept-language' => 'zh-cn',
  'accept' => '*/*',
  'accept-encoding' => 'deflate, gzip',
  'host' => 'blog.taotaifu.cn',
  'content-type' => '',
  'content-length' => '',
)
[ info ] [ PARAM ] array (
  'signature%3D9de90e41999f1b60b8caa1b7c9b68d3847487ae1%26timestamp%3D1553172270%26nonce%3D956887090%26openid%3DoTDNi1pNX3UyZZZeEQdIg5gzG9T8%26encrypt_type%3Daes%26msg_signature%3D5e9d3fcfa499d4d65ba7415e5dcdb314d1a98a1e' => '',
)
[ info ] [ RUN ] app\index\controller\Wechat->validate_token[ /www/wwwroot/blog_taotaifu_cn/application/index/controller/Wechat.php ]
[ info ] [ LOG ] INIT File
---------------------------------------------------------------
[ 2019-03-22T08:31:54+08:00 ] 140.207.54.77 POST blog.taotaifu.cn/index/wechat/validate_token?signature=3b8105f6a5343f1ec2c58810f034f1a5f4e183a8&timestamp=1553214713&nonce=123455952&openid=oTDNi1pNX3UyZZZeEQdIg5gzG9T8&encrypt_type=aes&msg_signature=298559a73236ad11b4ba5e9df5856dac1bbebb98
[运行时间：0.370713s] [吞吐率：2.70req/s] [内存消耗：1,329.75kb] [文件加载：39]
[ info ] [ LANG ] /www/wwwroot/blog_taotaifu_cn/thinkphp/lang/zh-cn.php
[ info ] [ ROUTE ] array (
  'type' => 'module',
  'module' => 
  array (
    0 => 'index',
    1 => 'wechat',
    2 => 'validate_token',
  ),
)
[ info ] [ HEADER ] array (
  'content-type' => 'text/xml',
  'content-length' => '767',
  'pragma' => 'no-cache',
  'host' => 'blog.taotaifu.cn',
  'accept' => '*/*',
  'user-agent' => 'Mozilla/4.0',
)
[ info ] [ PARAM ] array (
  'signature' => '3b8105f6a5343f1ec2c58810f034f1a5f4e183a8',
  'timestamp' => '1553214713',
  'nonce' => '123455952',
  'openid' => 'oTDNi1pNX3UyZZZeEQdIg5gzG9T8',
  'encrypt_type' => 'aes',
  'msg_signature' => '298559a73236ad11b4ba5e9df5856dac1bbebb98',
)
[ info ] [ RUN ] app\index\controller\Wechat->validate_token[ /www/wwwroot/blog_taotaifu_cn/application/index/controller/Wechat.php ]
[ info ] [ LOG ] INIT File
---------------------------------------------------------------
[ 2019-03-22T08:57:05+08:00 ] 117.87.177.91 GET blog.taotaifu.cn/w/108.html
[运行时间：0.063824s] [吞吐率：15.67req/s] [内存消耗：2,249.08kb] [文件加载：55]
[ info ] [ LANG ] /www/wwwroot/blog_taotaifu_cn/thinkphp/lang/zh-cn.php
[ info ] [ ROUTE ] array (
  'type' => 'module',
  'module' => 
  array (
    0 => 'index',
    1 => 'content',
    2 => 'index',
  ),
  'convert' => false,
)
[ info ] [ HEADER ] array (
  'connection' => 'keep-alive',
  'cache-control' => 'max-age=259200',
  'accept-encoding' => 'gzip,deflate',
  'accept' => '*/*',
  'user-agent' => 'Mozilla/5.0 (Linux; U; Android 6.0.1; zh-CN; vivo X9 Build/MMB29M) AppleWebKit/537.36 (KHTML, like Gecko) Version/4.0 Chrome/57.0.2987.108 UCBrowser/11.6.4.950 UCBS/2.11.1.28 Mobile Safari/537.36 AliApp(TB/7.3.1) WindVane/8.3.0 1080X1920',
  'host' => 'blog.taotaifu.cn',
  'content-type' => '',
  'content-length' => '',
)
[ info ] [ PARAM ] array (
  'arc_id' => '108',
)
[ info ] [ DB ] INIT mysql
[ info ] [ RUN ] app\index\controller\Content->index[ /www/wwwroot/blog_taotaifu_cn/application/index/controller/Content.php ]
[ info ] [ CACHE ] INIT File
[ info ] [ VIEW ] /www/wwwroot/blog_taotaifu_cn/public/../application/index/view/content/index.html [ array (
  0 => '_webset',
  1 => '_cateData',
  2 => '_allCateData',
  3 => '_tagData',
  4 => '_articleData',
  5 => '_linkData',
  6 => 'headConf',
  7 => 'articleData',
) ]
[ info ] [ LOG ] INIT File
[ sql ] [ DB ] CONNECT:[ UseTime:0.001336s ] mysql:host=188.131.144.216;port=3306;dbname=blog_taotaifu_cn;charset=utf8
[ sql ] [ SQL ] SHOW COLUMNS FROM `blog_webset` [ RunTime:0.001319s ]
[ sql ] [ SQL ] SELECT `webset_name`,`webset_value` FROM `blog_webset` [ RunTime:0.000862s ]
[ sql ] [ SQL ] SHOW COLUMNS FROM `blog_cate` [ RunTime:0.001304s ]
[ sql ] [ SQL ] SELECT * FROM `blog_cate` WHERE  `cate_pid` = 0 ORDER BY `cate_sort` DESC LIMIT 6 [ RunTime:0.001008s ]
[ sql ] [ SQL ] SELECT * FROM `blog_cate` ORDER BY `cate_sort` DESC [ RunTime:0.000853s ]
[ sql ] [ SQL ] SHOW COLUMNS FROM `blog_tag` [ RunTime:0.001173s ]
[ sql ] [ SQL ] SELECT * FROM `blog_tag` [ RunTime:0.000971s ]
[ sql ] [ SQL ] SHOW COLUMNS FROM `blog_article` [ RunTime:0.001934s ]
[ sql ] [ SQL ] SELECT `arc_id`,`arc_title` FROM `blog_article` ORDER BY `sendtime` DESC [ RunTime:0.001528s ]
[ sql ] [ SQL ] SHOW COLUMNS FROM `blog_link` [ RunTime:0.001149s ]
[ sql ] [ SQL ] SELECT * FROM `blog_link` ORDER BY `link_sort` DESC [ RunTime:0.000789s ]
[ sql ] [ SQL ] UPDATE `blog_article`  SET `arc_click`=`arc_click`+1  WHERE  `arc_id` = 108 [ RunTime:0.015066s ]
[ sql ] [ SQL ] SELECT `arc_id`,`arc_title`,`arc_author`,`arc_content`,`sendtime` FROM `blog_article` WHERE  `arc_id` = 108 LIMIT 1 [ RunTime:0.001366s ]
[ sql ] [ SQL ] SHOW COLUMNS FROM `blog_arc_tag` [ RunTime:0.001532s ]
[ sql ] [ SQL ] SELECT `t`.`tag_id`,`t`.`tag_name` FROM `blog_arc_tag` `at` INNER JOIN `blog_tag` `t` ON `at`.`tag_id`=`t`.`tag_id` WHERE  `at`.`arc_id` = 108 [ RunTime:0.001748s ]
---------------------------------------------------------------
[ 2019-03-22T09:33:44+08:00 ] 23.231.99.41 GET blog.taotaifu.cn/
[运行时间：0.065284s] [吞吐率：15.32req/s] [内存消耗：2,603.21kb] [文件加载：59]
[ info ] [ LANG ] /www/wwwroot/blog_taotaifu_cn/thinkphp/lang/zh-cn.php
[ info ] [ ROUTE ] array (
  'type' => 'module',
  'module' => 
  array (
    0 => '',
    1 => NULL,
    2 => NULL,
  ),
)
[ info ] [ HEADER ] array (
  'origin' => 'http://blog.taotaifu.cn',
  'referer' => 'http://blog.taotaifu.cn/',
  'dnt' => '1',
  'accept-encoding' => 'gzip, deflate',
  'accept-language' => 'en-US,en;q=0.5',
  'accept' => 'text/html,application/xhtml+xml,application/xml;q=0.9,*/*;q=0.8',
  'user-agent' => 'Mozilla/5.0 (Windows NT 10.0) AppleWebKit/537.36 (KHTML, like Gecko) Chrome/64.0.3282.186 YaBrowser/18.3.1.1232 Yowser/2.5 Safari/537.36',
  'connection' => 'close',
  'host' => 'blog.taotaifu.cn',
  'content-type' => '',
  'content-length' => '',
)
[ info ] [ PARAM ] array (
)
[ info ] [ DB ] INIT mysql
[ info ] [ RUN ] app\index\controller\Index->index[ /www/wwwroot/blog_taotaifu_cn/application/index/controller/Index.php ]
[ info ] [ VIEW ] /www/wwwroot/blog_taotaifu_cn/public/../application/index/view/index/index.html [ array (
  0 => '_webset',
  1 => '_cateData',
  2 => '_allCateData',
  3 => '_tagData',
  4 => '_articleData',
  5 => '_linkData',
  6 => 'headConf',
  7 => 'srchtxt',
  8 => 'limit',
  9 => 'page',
  10 => 'articleData',
) ]
[ info ] [ LOG ] INIT File
[ sql ] [ DB ] CONNECT:[ UseTime:0.001405s ] mysql:host=188.131.144.216;port=3306;dbname=blog_taotaifu_cn;charset=utf8
[ sql ] [ SQL ] SHOW COLUMNS FROM `blog_webset` [ RunTime:0.001622s ]
[ sql ] [ SQL ] SELECT `webset_name`,`webset_value` FROM `blog_webset` [ RunTime:0.000968s ]
[ sql ] [ SQL ] SHOW COLUMNS FROM `blog_cate` [ RunTime:0.001352s ]
[ sql ] [ SQL ] SELECT * FROM `blog_cate` WHERE  `cate_pid` = 0 ORDER BY `cate_sort` DESC LIMIT 6 [ RunTime:0.000961s ]
[ sql ] [ SQL ] SELECT * FROM `blog_cate` ORDER BY `cate_sort` DESC [ RunTime:0.000993s ]
[ sql ] [ SQL ] SHOW COLUMNS FROM `blog_tag` [ RunTime:0.001288s ]
[ sql ] [ SQL ] SELECT * FROM `blog_tag` [ RunTime:0.000940s ]
[ sql ] [ SQL ] SHOW COLUMNS FROM `blog_article` [ RunTime:0.001283s ]
[ sql ] [ SQL ] SELECT `arc_id`,`arc_title` FROM `blog_article` ORDER BY `sendtime` DESC [ RunTime:0.002927s ]
[ sql ] [ SQL ] SHOW COLUMNS FROM `blog_link` [ RunTime:0.001207s ]
[ sql ] [ SQL ] SELECT * FROM `blog_link` ORDER BY `link_sort` DESC [ RunTime:0.001335s ]
[ sql ] [ SQL ] SELECT COUNT(*) AS tp_count FROM `blog_article` `a` INNER JOIN `blog_cate` `c` ON `a`.`cate_id`=`c`.`cate_id` WHERE  `a`.`is_recycle` = 2 LIMIT 1 [ RunTime:0.001571s ]
[ sql ] [ SQL ] SELECT * FROM `blog_article` `a` INNER JOIN `blog_cate` `c` ON `a`.`cate_id`=`c`.`cate_id` WHERE  `a`.`is_recycle` = 2 ORDER BY `sendtime` DESC LIMIT 0,5 [ RunTime:0.004448s ]
[ sql ] [ SQL ] SHOW COLUMNS FROM `blog_arc_tag` [ RunTime:0.001333s ]
[ sql ] [ SQL ] SELECT `t`.`tag_id`,`t`.`tag_name` FROM `blog_arc_tag` `at` INNER JOIN `blog_tag` `t` ON `at`.`tag_id`=`t`.`tag_id` WHERE  `at`.`arc_id` = 108 [ RunTime:0.001057s ]
[ sql ] [ SQL ] SELECT `t`.`tag_id`,`t`.`tag_name` FROM `blog_arc_tag` `at` INNER JOIN `blog_tag` `t` ON `at`.`tag_id`=`t`.`tag_id` WHERE  `at`.`arc_id` = 113 [ RunTime:0.001263s ]
[ sql ] [ SQL ] SELECT `t`.`tag_id`,`t`.`tag_name` FROM `blog_arc_tag` `at` INNER JOIN `blog_tag` `t` ON `at`.`tag_id`=`t`.`tag_id` WHERE  `at`.`arc_id` = 131 [ RunTime:0.001041s ]
[ sql ] [ SQL ] SELECT `t`.`tag_id`,`t`.`tag_name` FROM `blog_arc_tag` `at` INNER JOIN `blog_tag` `t` ON `at`.`tag_id`=`t`.`tag_id` WHERE  `at`.`arc_id` = 103 [ RunTime:0.001507s ]
[ sql ] [ SQL ] SELECT `t`.`tag_id`,`t`.`tag_name` FROM `blog_arc_tag` `at` INNER JOIN `blog_tag` `t` ON `at`.`tag_id`=`t`.`tag_id` WHERE  `at`.`arc_id` = 107 [ RunTime:0.001303s ]
---------------------------------------------------------------
[ 2019-03-22T09:47:31+08:00 ] 140.207.54.78 POST blog.taotaifu.cn/index/wechat/validate_token?signature=1d036157e89b64d8f4eac5bd8145afae09612f22&timestamp=1553219250&nonce=2134566236&openid=oTDNi1pNX3UyZZZeEQdIg5gzG9T8&encrypt_type=aes&msg_signature=785f6803e425251036642169fa013a0e52ab4cbd
[运行时间：0.224056s] [吞吐率：4.46req/s] [内存消耗：1,329.75kb] [文件加载：39]
[ info ] [ LANG ] /www/wwwroot/blog_taotaifu_cn/thinkphp/lang/zh-cn.php
[ info ] [ ROUTE ] array (
  'type' => 'module',
  'module' => 
  array (
    0 => 'index',
    1 => 'wechat',
    2 => 'validate_token',
  ),
)
[ info ] [ HEADER ] array (
  'content-type' => 'text/xml',
  'content-length' => '764',
  'pragma' => 'no-cache',
  'host' => 'blog.taotaifu.cn',
  'accept' => '*/*',
  'user-agent' => 'Mozilla/4.0',
)
[ info ] [ PARAM ] array (
  'signature' => '1d036157e89b64d8f4eac5bd8145afae09612f22',
  'timestamp' => '1553219250',
  'nonce' => '2134566236',
  'openid' => 'oTDNi1pNX3UyZZZeEQdIg5gzG9T8',
  'encrypt_type' => 'aes',
  'msg_signature' => '785f6803e425251036642169fa013a0e52ab4cbd',
)
[ info ] [ RUN ] app\index\controller\Wechat->validate_token[ /www/wwwroot/blog_taotaifu_cn/application/index/controller/Wechat.php ]
[ info ] [ LOG ] INIT File
---------------------------------------------------------------
[ 2019-03-22T09:48:26+08:00 ] 140.207.54.77 POST blog.taotaifu.cn/index/wechat/validate_token?signature=3a0b485d46761a63c0d3f909edfbde5daa00d892&timestamp=1553219306&nonce=1313665404&openid=oTDNi1pNX3UyZZZeEQdIg5gzG9T8&encrypt_type=aes&msg_signature=e36390fc0d818e5642550102be375793d66dc7bc
[运行时间：0.292017s] [吞吐率：3.42req/s] [内存消耗：1,329.88kb] [文件加载：39]
[ info ] [ LANG ] /www/wwwroot/blog_taotaifu_cn/thinkphp/lang/zh-cn.php
[ info ] [ ROUTE ] array (
  'type' => 'module',
  'module' => 
  array (
    0 => 'index',
    1 => 'wechat',
    2 => 'validate_token',
  ),
)
[ info ] [ HEADER ] array (
  'content-type' => 'text/xml',
  'content-length' => '900',
  'pragma' => 'no-cache',
  'host' => 'blog.taotaifu.cn',
  'accept' => '*/*',
  'user-agent' => 'Mozilla/4.0',
)
[ info ] [ PARAM ] array (
  'signature' => '3a0b485d46761a63c0d3f909edfbde5daa00d892',
  'timestamp' => '1553219306',
  'nonce' => '1313665404',
  'openid' => 'oTDNi1pNX3UyZZZeEQdIg5gzG9T8',
  'encrypt_type' => 'aes',
  'msg_signature' => 'e36390fc0d818e5642550102be375793d66dc7bc',
)
[ info ] [ RUN ] app\index\controller\Wechat->validate_token[ /www/wwwroot/blog_taotaifu_cn/application/index/controller/Wechat.php ]
[ info ] [ LOG ] INIT File
---------------------------------------------------------------
[ 2019-03-22T12:55:54+08:00 ] 58.251.121.184 GET blog.taotaifu.cn/index/wechat/validate_token?signature%3D3a0b485d46761a63c0d3f909edfbde5daa00d892%26timestamp%3D1553219306%26nonce%3D1313665404%26openid%3DoTDNi1pNX3UyZZZeEQdIg5gzG9T8%26encrypt_type%3Daes%26msg_signature%3De36390fc0d818e5642550102be375793d66dc7bc
[运行时间：0.014985s] [吞吐率：66.73req/s] [内存消耗：1,274.38kb] [文件加载：38]
[ info ] [ LANG ] /www/wwwroot/blog_taotaifu_cn/thinkphp/lang/zh-cn.php
[ info ] [ ROUTE ] array (
  'type' => 'module',
  'module' => 
  array (
    0 => 'index',
    1 => 'wechat',
    2 => 'validate_token',
  ),
)
[ info ] [ HEADER ] array (
  'connection' => 'Close',
  'user-agent' => 'Mozilla/5.0 (iPhone; CPU iPhone OS 9_3_4 like Mac OS X) AppleWebKit/601.1.46 (KHTML, like Gecko) Mobile/13G35 QQ/6.5.3.410 V1_IPH_SQ_6.5.3_1_APP_A Pixel/750 Core/UIWebView NetType/2G Mem/117',
  'accept-language' => 'zh-cn',
  'accept' => '*/*',
  'accept-encoding' => 'deflate, gzip',
  'host' => 'blog.taotaifu.cn',
  'content-type' => '',
  'content-length' => '',
)
[ info ] [ PARAM ] array (
  'signature=3a0b485d46761a63c0d3f909edfbde5daa00d892&timestamp=1553219306&nonce=1313665404&openid=oTDNi1pNX3UyZZZeEQdIg5gzG9T8&encrypt_type=aes&msg_signature=e36390fc0d818e5642550102be375793d66dc7bc' => '',
)
[ info ] [ RUN ] app\index\controller\Wechat->validate_token[ /www/wwwroot/blog_taotaifu_cn/application/index/controller/Wechat.php ]
[ info ] [ LOG ] INIT File
